2025-08-17 16:50:50,771 - INFO - === ЗАПУСК УЛУЧШЕННОГО МОНИТОРИНГА ===
2025-08-17 16:50:50,772 - INFO - Файл логов: multi_sport_monitor_20250817.log
2025-08-17 16:50:50,774 - INFO - Конфигурация: Winbox Падел - padel - 21, 22, 23, 24
2025-08-17 16:50:50,776 - INFO - Конфигурация: Winbox Баскетбол - basketball - 20, 21, 22, 23
2025-08-17 16:50:50,776 - INFO - Конфигурация: Zona Padela - padel - 21, 22, 23, 24
2025-08-17 16:50:50,778 - INFO - === ЦИКЛ #1 ===
2025-08-17 16:50:50,778 - INFO - === НАЧАЛО ЦИКЛА ПРОВЕРКИ ===
2025-08-17 16:50:50,779 - INFO - Проверяем сайт: Winbox Падел
2025-08-17 16:50:56,379 - INFO - Загружаем Winbox Падел: https://winboxmsk.ru/schedule?types=padel
2025-08-17 16:51:08,749 - ERROR - Winbox Падел: ошибка авторизации
2025-08-17 16:54:13,710 - INFO - === ЗАПУСК УЛУЧШЕННОГО МОНИТОРИНГА ===
2025-08-17 16:54:13,710 - INFO - Файл логов: multi_sport_monitor_20250817.log
2025-08-17 16:54:13,712 - INFO - Конфигурация: Winbox Падел - padel - 21, 22, 23, 24
2025-08-17 16:54:13,714 - INFO - Конфигурация: Winbox Баскетбол - basketball - 20, 21, 22, 23
2025-08-17 16:54:13,718 - INFO - Конфигурация: Zona Padela - padel - 21, 22, 23, 24
2025-08-17 16:54:13,720 - INFO - === ЦИКЛ #1 ===
2025-08-17 16:54:13,721 - INFO - === НАЧАЛО ЦИКЛА ПРОВЕРКИ ===
2025-08-17 16:54:13,721 - INFO - Проверяем сайт: Winbox Падел
2025-08-17 16:54:15,001 - INFO - Загружаем Winbox Падел: https://winboxmsk.ru/schedule?types=padel
2025-08-17 16:54:27,492 - ERROR - Winbox Падел: ошибка авторизации
2025-08-17 17:11:10,966 - INFO - === ЗАПУСК УЛУЧШЕННОГО МОНИТОРИНГА v2.0 ===
2025-08-17 17:11:10,966 - INFO - Файл логов: multi_sport_monitor_20250817.log
2025-08-17 17:11:10,967 - INFO - Конфигурация: Winbox Падел - padel - 21, 22, 23, 24
2025-08-17 17:11:10,967 - INFO - Конфигурация: Winbox Баскетбол - basketball - 20, 21, 22, 23
2025-08-17 17:11:10,968 - INFO - Конфигурация: Zona Padela - padel - 21, 22, 23, 24
2025-08-17 17:11:10,968 - INFO - === ЦИКЛ #1 ===
2025-08-17 17:11:10,969 - INFO - === НАЧАЛО ЦИКЛА ПРОВЕРКИ ===
2025-08-17 17:11:10,969 - INFO - Проверяем сайт: Winbox Падел
2025-08-17 17:11:12,625 - INFO - Загружаем Winbox Падел: https://winboxmsk.ru/schedule?types=padel
2025-08-17 17:11:49,361 - INFO - Успешная авторизация на WinBox
2025-08-17 17:11:54,211 - INFO - Начинаем проверку Winbox Падел
2025-08-17 17:11:57,329 - INFO - Начинаем тройную проверку даты 21 padel
2025-08-17 17:12:00,678 - WARNING - Найдено критическое стоп-слово: win box отдыхает
2025-08-17 17:13:37,752 - INFO - Забронирован padel слот: 20:00 - 21:00
2025-08-17 17:14:25,805 - ERROR - Ошибка бронирования padel 20:00 - 21:00: ElementHandle.click: Timeout 45000ms exceeded.
Call log:
  - attempting click action
    2 × waiting for element to be visible, enabled and stable
      - element is visible, enabled and stable
      - scrolling into view if needed
      - done scrolling
      - <div role="dialog" aria-modal="true" class="Modal-wrapper vfm vfm--fixed vfm--inset">…</div> intercepts pointer events
    - retrying click action
    - waiting 20ms
    2 × waiting for element to be visible, enabled and stable
      - element is visible, enabled and stable
      - scrolling into view if needed
      - done scrolling
      - <div role="dialog" aria-modal="true" class="Modal-wrapper vfm vfm--fixed vfm--inset">…</div> intercepts pointer events
    - retrying click action
      - waiting 100ms
    81 × waiting for element to be visible, enabled and stable
       - element is visible, enabled and stable
       - scrolling into view if needed
       - done scrolling
       - <div role="dialog" aria-modal="true" class="Modal-wrapper vfm vfm--fixed vfm--inset">…</div> intercepts pointer events
     - retrying click action
       - waiting 500ms

2025-08-17 17:15:13,845 - ERROR - Ошибка бронирования padel 19:00 - 20:00: ElementHandle.click: Timeout 45000ms exceeded.
Call log:
  - attempting click action
    - waiting for element to be visible, enabled and stable
    - element is visible, enabled and stable
    - scrolling into view if needed
    - done scrolling
    - <p class="title" data-v-77050c34="">…</p> from <div role="dialog" aria-modal="true" class="Modal-wrapper vfm vfm--fixed vfm--inset">…</div> subtree intercepts pointer events
  - retrying click action
    - waiting for element to be visible, enabled and stable
    - element is visible, enabled and stable
    - scrolling into view if needed
    - done scrolling
    - <div role="dialog" aria-modal="true" class="Modal-wrapper vfm vfm--fixed vfm--inset">…</div> intercepts pointer events
  - retrying click action
    - waiting 20ms
    2 × waiting for element to be visible, enabled and stable
      - element is visible, enabled and stable
      - scrolling into view if needed
      - done scrolling
      - <p class="title" data-v-77050c34="">…</p> from <div role="dialog" aria-modal="true" class="Modal-wrapper vfm vfm--fixed vfm--inset">…</div> subtree intercepts pointer events
    - retrying click action
      - waiting 100ms
    20 × waiting for element to be visible, enabled and stable
       - element is visible, enabled and stable
       - scrolling into view if needed
       - done scrolling
       - <p class="title" data-v-77050c34="">…</p> from <div role="dialog" aria-modal="true" class="Modal-wrapper vfm vfm--fixed vfm--inset">…</div> subtree intercepts pointer events
     - retrying click action
       - waiting 500ms
       - waiting for element to be visible, enabled and stable
       - element is visible, enabled and stable
       - scrolling into view if needed
       - done scrolling
       - <div role="dialog" aria-modal="true" class="Modal-wrapper vfm vfm--fixed vfm--inset">…</div> intercepts pointer events
     - retrying click action
       - waiting 500ms
       - waiting for element to be visible, enabled and stable
       - element is visible, enabled and stable
       - scrolling into view if needed
       - done scrolling
       - <p class="title" data-v-77050c34="">…</p> from <div role="dialog" aria-modal="true" class="Modal-wrapper vfm vfm--fixed vfm--inset">…</div> subtree intercepts pointer events
     - retrying click action
       - waiting 500ms
       - waiting for element to be visible, enabled and stable
       - element is visible, enabled and stable
       - scrolling into view if needed
       - done scrolling
       - <p class="title" data-v-77050c34="">…</p> from <div role="dialog" aria-modal="true" class="Modal-wrapper vfm vfm--fixed vfm--inset">…</div> subtree intercepts pointer events
     - retrying click action
       - waiting 500ms
    - waiting for element to be visible, enabled and stable
    - element is visible, enabled and stable
    - scrolling into view if needed
    - done scrolling
    - <p class="title" data-v-77050c34="">…</p> from <div role="dialog" aria-modal="true" class="Modal-wrapper vfm vfm--fixed vfm--inset">…</div> subtree intercepts pointer events
  - retrying click action
    - waiting 500ms

2025-08-17 17:16:01,897 - ERROR - Ошибка бронирования padel 19:00 - 20:00: ElementHandle.click: Timeout 45000ms exceeded.
Call log:
  - attempting click action
    - waiting for element to be visible, enabled and stable
    - element is visible, enabled and stable
    - scrolling into view if needed
    - done scrolling
    - <p class="title" data-v-77050c34="">…</p> from <div role="dialog" aria-modal="true" class="Modal-wrapper vfm vfm--fixed vfm--inset">…</div> subtree intercepts pointer events
  - retrying click action
    - waiting for element to be visible, enabled and stable
    - element is visible, enabled and stable
    - scrolling into view if needed
    - done scrolling
    - <div role="dialog" aria-modal="true" class="Modal-wrapper vfm vfm--fixed vfm--inset">…</div> intercepts pointer events
  - retrying click action
    - waiting 20ms
    2 × waiting for element to be visible, enabled and stable
      - element is visible, enabled and stable
      - scrolling into view if needed
      - done scrolling
      - <p class="title" data-v-77050c34="">…</p> from <div role="dialog" aria-modal="true" class="Modal-wrapper vfm vfm--fixed vfm--inset">…</div> subtree intercepts pointer events
    - retrying click action
      - waiting 100ms
    20 × waiting for element to be visible, enabled and stable
       - element is visible, enabled and stable
       - scrolling into view if needed
       - done scrolling
       - <p class="title" data-v-77050c34="">…</p> from <div role="dialog" aria-modal="true" class="Modal-wrapper vfm vfm--fixed vfm--inset">…</div> subtree intercepts pointer events
     - retrying click action
       - waiting 500ms
       - waiting for element to be visible, enabled and stable
       - element is visible, enabled and stable
       - scrolling into view if needed
       - done scrolling
       - <div role="dialog" aria-modal="true" class="Modal-wrapper vfm vfm--fixed vfm--inset">…</div> intercepts pointer events
     - retrying click action
       - waiting 500ms
       - waiting for element to be visible, enabled and stable
       - element is visible, enabled and stable
       - scrolling into view if needed
       - done scrolling
       - <p class="title" data-v-77050c34="">…</p> from <div role="dialog" aria-modal="true" class="Modal-wrapper vfm vfm--fixed vfm--inset">…</div> subtree intercepts pointer events
     - retrying click action
       - waiting 500ms
       - waiting for element to be visible, enabled and stable
       - element is visible, enabled and stable
       - scrolling into view if needed
       - done scrolling
       - <p class="title" data-v-77050c34="">…</p> from <div role="dialog" aria-modal="true" class="Modal-wrapper vfm vfm--fixed vfm--inset">…</div> subtree intercepts pointer events
     - retrying click action
       - waiting 500ms
    - waiting for element to be visible, enabled and stable
    - element is visible, enabled and stable
    - scrolling into view if needed
    - done scrolling
    - <p class="title" data-v-77050c34="">…</p> from <div role="dialog" aria-modal="true" class="Modal-wrapper vfm vfm--fixed vfm--inset">…</div> subtree intercepts pointer events
  - retrying click action
    - waiting 500ms
    - waiting for element to be visible, enabled and stable
    - element is visible, enabled and stable
    - scrolling into view if needed
    - done scrolling
    - <div role="dialog" aria-modal="true" class="Modal-wrapper vfm vfm--fixed vfm--inset">…</div> intercepts pointer events
  - retrying click action
    - waiting 500ms

2025-08-17 17:16:07,442 - ERROR - Критическая ошибка Winbox Падел: Browser.close: Connection closed while reading from the driver
2025-08-17 17:16:08,140 - ERROR - Future exception was never retrieved
future: <Future finished exception=TargetClosedError('Target page, context or browser has been closed\nCall log:\n  - attempting click action\n    2 × waiting for element to be visible, enabled and stable\n      - element is visible, enabled and stable\n      - scrolling into view if needed\n      - done scrolling\n      - <div role="dialog" aria-modal="true" class="Modal-wrapper vfm vfm--fixed vfm--inset">…</div> intercepts pointer events\n    - retrying click action\n    - waiting 20ms\n    2 × waiting for element to be visible, enabled and stable\n      - element is visible, enabled and stable\n      - scrolling into view if needed\n      - done scrolling\n      - <p class="title" data-v-77050c34="">…</p> from <div role="dialog" aria-modal="true" class="Modal-wrapper vfm vfm--fixed vfm--inset">…</div> subtree intercepts pointer events\n    - retrying click action\n      - waiting 100ms\n    - waiting for element to be visible, enabled and stable\n    - element is visible, enabled and stable\n    - scrolling into view if needed\n    - done scrolling\n    - <p class="title" data-v-77050c34="">…</p> from <div role="dialog" aria-modal="true" class="Modal-wrapper vfm vfm--fixed vfm--inset">…</div> subtree intercepts pointer events\n  - retrying click action\n    - waiting 500ms\n    - waiting for element to be visible, enabled and stable\n    - element is visible, enabled and stable\n    - scrolling into view if needed\n    - done scrolling\n    - <div role="dialog" aria-modal="true" class="Modal-wrapper vfm vfm--fixed vfm--inset">…</div> intercepts pointer events\n  2 × retrying click action\n      - waiting 500ms\n      - waiting for element to be visible, enabled and stable\n      - element is visible, enabled and stable\n      - scrolling into view if needed\n      - done scrolling\n      - <p class="title" data-v-77050c34="">…</p> from <div role="dialog" aria-modal="true" class="Modal-wrapper vfm vfm--fixed vfm--inset">…</div> subtree intercepts pointer events\n  - retrying click action\n    - waiting 500ms\n')>
playwright._impl._errors.TargetClosedError: Target page, context or browser has been closed
Call log:
  - attempting click action
    2 × waiting for element to be visible, enabled and stable
      - element is visible, enabled and stable
      - scrolling into view if needed
      - done scrolling
      - <div role="dialog" aria-modal="true" class="Modal-wrapper vfm vfm--fixed vfm--inset">…</div> intercepts pointer events
    - retrying click action
    - waiting 20ms
    2 × waiting for element to be visible, enabled and stable
      - element is visible, enabled and stable
      - scrolling into view if needed
      - done scrolling
      - <p class="title" data-v-77050c34="">…</p> from <div role="dialog" aria-modal="true" class="Modal-wrapper vfm vfm--fixed vfm--inset">…</div> subtree intercepts pointer events
    - retrying click action
      - waiting 100ms
    - waiting for element to be visible, enabled and stable
    - element is visible, enabled and stable
    - scrolling into view if needed
    - done scrolling
    - <p class="title" data-v-77050c34="">…</p> from <div role="dialog" aria-modal="true" class="Modal-wrapper vfm vfm--fixed vfm--inset">…</div> subtree intercepts pointer events
  - retrying click action
    - waiting 500ms
    - waiting for element to be visible, enabled and stable
    - element is visible, enabled and stable
    - scrolling into view if needed
    - done scrolling
    - <div role="dialog" aria-modal="true" class="Modal-wrapper vfm vfm--fixed vfm--inset">…</div> intercepts pointer events
  2 × retrying click action
      - waiting 500ms
      - waiting for element to be visible, enabled and stable
      - element is visible, enabled and stable
      - scrolling into view if needed
      - done scrolling
      - <p class="title" data-v-77050c34="">…</p> from <div role="dialog" aria-modal="true" class="Modal-wrapper vfm vfm--fixed vfm--inset">…</div> subtree intercepts pointer events
  - retrying click action
    - waiting 500ms

2025-08-17 17:25:12,700 - INFO - === ЗАПУСК УЛУЧШЕННОГО МОНИТОРИНГА v2.0 ===
2025-08-17 17:25:12,700 - INFO - Файл логов: multi_sport_monitor_20250817.log
2025-08-17 17:25:12,703 - INFO - Конфигурация: Winbox Падел - padel - 21, 22, 23, 24
2025-08-17 17:25:12,704 - INFO - Конфигурация: Winbox Баскетбол - basketball - 20, 21, 22, 23
2025-08-17 17:25:12,705 - INFO - Конфигурация: Zona Padela - padel - 21, 22, 23, 24
2025-08-17 17:25:12,707 - INFO - === ЦИКЛ #1 ===
2025-08-17 17:25:12,707 - INFO - === НАЧАЛО ЦИКЛА ПРОВЕРКИ ===
2025-08-17 17:25:12,707 - INFO - Проверяем сайт: Winbox Падел
2025-08-17 17:25:14,332 - INFO - Загружаем Winbox Падел: https://winboxmsk.ru/schedule?types=padel
2025-08-17 17:25:48,858 - INFO - Успешная авторизация на WinBox
2025-08-17 17:25:52,709 - INFO - Начинаем проверку Winbox Падел
2025-08-17 17:25:55,813 - INFO - Начинаем тройную проверку даты 21 padel
2025-08-17 17:25:59,164 - WARNING - Найдено критическое стоп-слово: win box отдыхает
2025-08-17 17:26:04,938 - WARNING - Найдено критическое стоп-слово: win box отдыхает
2025-08-17 17:26:10,256 - WARNING - Найдено критическое стоп-слово: win box отдыхает
2025-08-17 17:26:10,261 - INFO - Начинаем тройную проверку даты 22 padel
2025-08-17 17:26:13,502 - WARNING - Найдено критическое стоп-слово: бронирование недоступно
2025-08-17 17:26:18,814 - WARNING - Найдено критическое стоп-слово: бронирование недоступно
2025-08-17 17:26:24,127 - WARNING - Найдено критическое стоп-слово: бронирование недоступно
2025-08-17 17:26:24,129 - INFO - Начинаем тройную проверку даты 23 padel
2025-08-17 17:26:27,353 - WARNING - Найдено критическое стоп-слово: бронирование недоступно
2025-08-17 17:26:32,705 - WARNING - Найдено критическое стоп-слово: бронирование недоступно
2025-08-17 17:26:38,022 - WARNING - Найдено критическое стоп-слово: бронирование недоступно
2025-08-17 17:26:38,024 - INFO - Начинаем тройную проверку даты 24 padel
2025-08-17 17:26:41,244 - WARNING - Найдено критическое стоп-слово: win box отдыхает
2025-08-17 17:26:46,571 - WARNING - Найдено критическое стоп-слово: win box отдыхает
2025-08-17 17:26:51,881 - WARNING - Найдено критическое стоп-слово: win box отдыхает
2025-08-17 17:26:51,888 - INFO - Winbox Падел: нет подтвержденных padel слотов
2025-08-17 17:26:57,192 - INFO - Проверяем сайт: Winbox Баскетбол
2025-08-17 17:26:58,144 - INFO - Загружаем Winbox Баскетбол: https://winboxmsk.ru/schedule?types=basketball
2025-08-17 17:27:31,177 - INFO - Успешная авторизация на WinBox
2025-08-17 17:27:34,938 - INFO - Начинаем проверку Winbox Баскетбол
2025-08-17 17:27:38,173 - INFO - Начинаем тройную проверку даты 20 basketball
2025-08-17 17:28:08,382 - ERROR - Ошибка бронирования basketball 20:00 - 21:00: ElementHandle.click: Target page, context or browser has been closed
2025-08-17 17:28:09,871 - ERROR - Критическая ошибка Winbox Баскетбол: BrowserContext.close: Target page, context or browser has been closed
2025-08-17 17:29:02,699 - INFO - === ЗАПУСК МОНИТОРИНГА v2.1 ===
2025-08-17 17:29:02,707 - INFO - === ЦИКЛ #1 ===
2025-08-17 17:29:12,402 - ERROR - Email поле не найдено
2025-08-17 17:29:12,402 - ERROR - Winbox Падел: не удалось авторизоваться
2025-08-17 17:29:27,143 - ERROR - Email поле не найдено
2025-08-17 17:29:27,143 - ERROR - Winbox Баскетбол: не удалось авторизоваться
2025-08-17 18:40:04,046 - INFO - === ЗАПУСК МОНИТОРИНГА v2.2 ===
2025-08-17 18:40:04,046 - INFO - === ЦИКЛ #1 ===
2025-08-17 18:40:04,046 - INFO - === НАЧАЛО ЦИКЛА ПРОВЕРКИ ===
2025-08-17 18:40:04,046 - INFO - Проверяем сайт: Winbox Падел
2025-08-17 18:40:15,493 - ERROR - Не удалось открыть форму логина
2025-08-17 18:40:15,493 - ERROR - Winbox Падел: не удалось авторизоваться
2025-08-17 18:40:20,742 - INFO - Проверяем сайт: Winbox Баскетбол
2025-08-17 18:40:30,262 - ERROR - Не удалось открыть форму логина
2025-08-17 18:40:30,269 - ERROR - Winbox Баскетбол: не удалось авторизоваться
2025-08-17 18:53:46,168 - INFO - === ЗАПУСК УЛУЧШЕННОГО МОНИТОРИНГА v2.0 ===
2025-08-17 18:53:46,169 - INFO - Файл логов: multi_sport_monitor_20250817.log
2025-08-17 18:53:46,171 - INFO - Конфигурация: Winbox Падел - padel - 21, 22, 23, 24
2025-08-17 18:53:46,171 - INFO - Конфигурация: Winbox Баскетбол - basketball - 20, 21, 22, 23
2025-08-17 18:53:46,172 - INFO - Конфигурация: Zona Padela - padel - 21, 22, 23, 24
2025-08-17 18:53:46,173 - INFO - === ЦИКЛ #1 ===
2025-08-17 18:53:46,173 - INFO - === НАЧАЛО ЦИКЛА ПРОВЕРКИ ===
2025-08-17 18:53:46,174 - INFO - Проверяем сайт: Winbox Падел
2025-08-17 18:53:47,467 - INFO - Загружаем Winbox Падел: https://winboxmsk.ru/schedule?types=padel
2025-08-17 18:54:21,679 - INFO - Успешная авторизация на WinBox
2025-08-17 18:54:24,408 - INFO - Начинаем проверку Winbox Падел
2025-08-17 18:54:27,523 - INFO - Начинаем тройную проверку даты 21 padel
2025-08-17 18:54:30,809 - WARNING - Найдено критическое стоп-слово: win box отдыхает
2025-08-17 18:54:36,064 - WARNING - Найдено критическое стоп-слово: win box отдыхает
2025-08-17 18:54:41,312 - WARNING - Найдено критическое стоп-слово: win box отдыхает
2025-08-17 18:54:41,316 - INFO - Начинаем тройную проверку даты 22 padel
2025-08-17 18:54:44,538 - WARNING - Найдено критическое стоп-слово: бронирование недоступно
2025-08-17 18:54:49,774 - WARNING - Найдено критическое стоп-слово: бронирование недоступно
2025-08-17 18:54:55,033 - WARNING - Найдено критическое стоп-слово: бронирование недоступно
2025-08-17 18:54:55,034 - INFO - Начинаем тройную проверку даты 23 padel
2025-08-17 18:54:58,273 - WARNING - Найдено критическое стоп-слово: бронирование недоступно
2025-08-17 18:55:03,514 - WARNING - Найдено критическое стоп-слово: бронирование недоступно
2025-08-17 18:55:08,759 - WARNING - Найдено критическое стоп-слово: бронирование недоступно
2025-08-17 18:55:08,762 - INFO - Начинаем тройную проверку даты 24 padel
2025-08-17 18:55:12,003 - WARNING - Найдено критическое стоп-слово: win box отдыхает
2025-08-17 18:55:17,254 - WARNING - Найдено критическое стоп-слово: win box отдыхает
2025-08-17 18:55:22,502 - WARNING - Найдено критическое стоп-слово: win box отдыхает
2025-08-17 18:55:22,503 - INFO - Winbox Падел: нет подтвержденных padel слотов
2025-08-17 18:55:27,789 - INFO - Проверяем сайт: Winbox Баскетбол
2025-08-17 18:55:28,745 - INFO - Загружаем Winbox Баскетбол: https://winboxmsk.ru/schedule?types=basketball
2025-08-17 18:56:02,347 - INFO - Успешная авторизация на WinBox
2025-08-17 18:56:05,067 - INFO - Начинаем проверку Winbox Баскетбол
2025-08-17 18:56:08,165 - INFO - Начинаем тройную проверку даты 20 basketball
2025-08-17 18:57:40,342 - ERROR - Критическая ошибка Winbox Баскетбол: Browser.close: Connection closed while reading from the driver
2025-08-17 18:57:42,280 - ERROR - Task was destroyed but it is pending!
task: <Task cancelling name='Task-1' coro=<main() done, defined at C:\Users\HP\Downloads\winbox_checker\bas.py:1288> wait_for=<Future pending cb=[Task.task_wakeup()]> cb=[gather.<locals>._done_callback() at C:\Users\HP\anaconda3\Lib\asyncio\tasks.py:767]>
2025-08-17 18:57:42,283 - ERROR - Future exception was never retrieved
future: <Future finished exception=TargetClosedError('Target page, context or browser has been closed\nCall log:\n  - waiting for locator("[class*=\\"fail\\"]") to be visible\n')>
playwright._impl._errors.TargetClosedError: Target page, context or browser has been closed
Call log:
  - waiting for locator("[class*=\"fail\"]") to be visible

2025-08-17 20:03:58,345 - INFO - === ЗАПУСК УЛУЧШЕННОГО МОНИТОРИНГА v2.0 ===
2025-08-17 20:03:58,347 - INFO - Файл логов: multi_sport_monitor_20250817.log
2025-08-17 20:03:58,349 - INFO - Конфигурация: Winbox Падел - padel - 21, 22, 23, 24
2025-08-17 20:03:58,349 - INFO - Конфигурация: Winbox Баскетбол - basketball - 20, 21, 22, 23
2025-08-17 20:03:58,350 - INFO - Конфигурация: Zona Padela - padel - 21, 22, 23, 24
2025-08-17 20:03:58,351 - INFO - === ЦИКЛ #1 ===
2025-08-17 20:03:58,351 - INFO - === НАЧАЛО ЦИКЛА ПРОВЕРКИ ===
2025-08-17 20:03:58,351 - INFO - Проверяем сайт: Winbox Падел
2025-08-17 20:04:05,433 - INFO - Загружаем Winbox Падел: https://winboxmsk.ru/schedule?types=padel
2025-08-17 20:04:39,218 - INFO - Успешная авторизация на WinBox
2025-08-17 20:04:41,958 - INFO - Начинаем проверку Winbox Падел
2025-08-17 20:04:45,058 - INFO - Начинаем тройную проверку даты 21 padel
2025-08-17 20:04:48,314 - WARNING - Найдено критическое стоп-слово: win box отдыхает
2025-08-17 20:04:53,561 - WARNING - Найдено критическое стоп-слово: win box отдыхает
2025-08-17 20:04:58,832 - WARNING - Найдено критическое стоп-слово: win box отдыхает
2025-08-17 20:04:58,835 - INFO - Начинаем тройную проверку даты 22 padel
2025-08-17 20:05:02,055 - WARNING - Найдено критическое стоп-слово: бронирование недоступно
2025-08-17 20:05:07,290 - WARNING - Найдено критическое стоп-слово: бронирование недоступно
2025-08-17 20:05:12,540 - WARNING - Найдено критическое стоп-слово: бронирование недоступно
2025-08-17 20:05:12,541 - INFO - Начинаем тройную проверку даты 23 padel
2025-08-17 20:05:15,764 - WARNING - Найдено критическое стоп-слово: бронирование недоступно
2025-08-17 20:05:21,030 - WARNING - Найдено критическое стоп-слово: бронирование недоступно
2025-08-17 20:05:26,268 - WARNING - Найдено критическое стоп-слово: бронирование недоступно
2025-08-17 20:05:26,276 - INFO - Начинаем тройную проверку даты 24 padel
2025-08-17 20:05:29,521 - WARNING - Найдено критическое стоп-слово: win box отдыхает
2025-08-17 20:05:34,767 - WARNING - Найдено критическое стоп-слово: win box отдыхает
2025-08-17 20:05:40,006 - WARNING - Найдено критическое стоп-слово: win box отдыхает
2025-08-17 20:05:40,013 - INFO - Winbox Падел: нет подтвержденных padel слотов
2025-08-17 20:05:45,300 - INFO - Проверяем сайт: Winbox Баскетбол
2025-08-17 20:05:46,194 - INFO - Загружаем Winbox Баскетбол: https://winboxmsk.ru/schedule?types=basketball
2025-08-17 20:07:00,490 - INFO - Успешная авторизация на WinBox
2025-08-17 20:07:03,230 - INFO - Начинаем проверку Winbox Баскетбол
2025-08-17 20:07:06,334 - INFO - Начинаем тройную проверку даты 20 basketball
2025-08-17 20:08:41,798 - INFO - Забронирован basketball слот: 14:00 - 15:30
2025-08-17 20:08:50,948 - INFO - Забронированы basketball слоты 20: 14:00 - 15:30 (14:00)
2025-08-17 20:09:18,104 - ERROR - Future exception was never retrieved
future: <Future finished exception=TargetClosedError('Target page, context or browser has been closed\nCall log:\n  - waiting for locator("text=\\"Забронировано\\"") to be visible\n')>
playwright._impl._errors.TargetClosedError: Target page, context or browser has been closed
Call log:
  - waiting for locator("text=\"Забронировано\"") to be visible

2025-08-17 20:09:19,070 - ERROR - Критическая ошибка Winbox Баскетбол: Browser.close: Connection closed while reading from the driver
2025-08-17 20:09:20,987 - ERROR - Task was destroyed but it is pending!
task: <Task cancelling name='Task-1' coro=<main() done, defined at C:\Users\HP\Downloads\winbox_checker\bas.py:1361> wait_for=<Future pending cb=[Task.task_wakeup()]> cb=[gather.<locals>._done_callback() at C:\Users\HP\anaconda3\Lib\asyncio\tasks.py:767]>
