2025-08-13 00:26:08,762 - INFO -    - ¿‚ÚÓËÁ‡ˆËˇ Ì‡ Winbox ˜ÂÂÁ ÔÓ‚ÂÍÛ ÍÌÓÔÍË 'À»◊Õ€…  ¿¡»Õ≈“'
2025-08-13 00:26:08,763 - INFO -    - »—œ–¿¬À≈ÕŒ: ÔˇÏÓÈ ÔÂÂıÓ‰ Ì‡ ÓÚÙËÎ¸ÚÓ‚‡ÌÌ˚Â ÒÚ‡ÌËˆ˚
2025-08-13 00:26:08,763 - INFO -    - œ‡‚ËÎ¸Ì˚È ‚˚·Ó ÔÎÓ˘‡‰ÓÍ: œ¿ƒ≈À  Œ–“ -> œ¿ƒ≈À  Œ–“ 2, —“–»“¡ŒÀ‹Õ¿ﬂ œÀŒŸ¿ƒ ¿
2025-08-13 00:26:08,763 - INFO -    - “ÓÈÌ‡ˇ ÔÓ‚ÂÍ‡ Í‡Ê‰ÓÈ ‰‡Ú˚ ‰Îˇ Ì‡‰ÂÊÌÓÒÚË
2025-08-13 00:26:08,763 - INFO -    - ¿‚ÚÓÏ‡ÚË˜ÂÒÍÓÂ ·ÓÌËÓ‚‡ÌËÂ Ì‡È‰ÂÌÌ˚ı ÒÎÓÚÓ‚
2025-08-13 00:26:08,763 - INFO -    - œÓ‰‰ÂÊÍ‡ ‡ÁÌ˚ı ÚËÔÓ‚ ÒÔÓÚ‡ (Ô‡‰ÂÎ, ·‡ÒÍÂÚ·ÓÎ)
2025-08-13 00:26:08,763 - INFO -    - ”ÎÛ˜¯ÂÌÌ‡ˇ Ó·‡·ÓÚÍ‡ Ó¯Ë·ÓÍ
2025-08-13 00:39:26,428 - INFO - –ó–ê–ü–£–°–ö –û–ë–™–ï–î–ò–ù–ï–ù–ù–û–ì–û –ë–û–¢–ê –ú–û–ù–ò–¢–û–†–ò–ù–ì–ê –°–õ–û–¢–û–í!
2025-08-13 00:39:26,429 - INFO - –í–û–ó–ú–û–ñ–ù–û–°–¢–ò:
2025-08-13 00:39:26,429 - INFO -    - –ê–≤—Ç–æ—Ä–∏–∑–∞—Ü–∏—è –Ω–∞ Winbox —á–µ—Ä–µ–∑ –ø—Ä–æ–≤–µ—Ä–∫—É –∫–Ω–æ–ø–∫–∏ '–õ–ò–ß–ù–´–ô –ö–ê–ë–ò–ù–ï–¢'
2025-08-13 00:39:26,429 - INFO -    - –ò–°–ü–†–ê–í–õ–ï–ù–û: –ø—Ä—è–º–æ–π –ø–µ—Ä–µ—Ö–æ–¥ –Ω–∞ –æ—Ç—Ñ–∏–ª—å—Ç—Ä–æ–≤–∞–Ω–Ω—ã–µ —Å—Ç—Ä–∞–Ω–∏—Ü—ã
2025-08-13 00:39:26,429 - INFO -    - –ü—Ä–∞–≤–∏–ª—å–Ω—ã–π –≤—ã–±–æ—Ä –ø–ª–æ—â–∞–¥–æ–∫: –ü–ê–î–ï–õ –ö–û–†–¢ -> –ü–ê–î–ï–õ –ö–û–†–¢ 2, –°–¢–†–ò–¢–ë–û–õ–¨–ù–ê–Ø –ü–õ–û–©–ê–î–ö–ê
2025-08-13 00:39:26,430 - INFO -    - –¢—Ä–æ–π–Ω–∞—è –ø—Ä–æ–≤–µ—Ä–∫–∞ –∫–∞–∂–¥–æ–π –¥–∞—Ç—ã –¥–ª—è –Ω–∞–¥–µ–∂–Ω–æ—Å—Ç–∏
2025-08-13 00:39:26,430 - INFO -    - –ê–≤—Ç–æ–º–∞—Ç–∏—á–µ—Å–∫–æ–µ –±—Ä–æ–Ω–∏—Ä–æ–≤–∞–Ω–∏–µ –Ω–∞–π–¥–µ–Ω–Ω—ã—Ö —Å–ª–æ—Ç–æ–≤
2025-08-13 00:39:26,430 - INFO -    - –ü–æ–¥–¥–µ—Ä–∂–∫–∞ —Ä–∞–∑–Ω—ã—Ö —Ç–∏–ø–æ–≤ —Å–ø–æ—Ä—Ç–∞ (–ø–∞–¥–µ–ª, –±–∞—Å–∫–µ—Ç–±–æ–ª)
2025-08-13 00:39:26,430 - INFO -    - –£–ª—É—á—à–µ–Ω–Ω–∞—è –æ–±—Ä–∞–±–æ—Ç–∫–∞ –æ—à–∏–±–æ–∫
2025-08-13 00:39:26,430 - INFO - 
2025-08-13 00:39:26,431 - INFO - –°–∞–π—Ç—ã –∏ –¥–∞—Ç—ã –¥–ª—è –º–æ–Ω–∏—Ç–æ—Ä–∏–Ω–≥–∞:
2025-08-13 00:39:26,431 - INFO -    - Winbox –ü–∞–¥–µ–ª: –¥–∞—Ç—ã 19, 18 (–ü–ê–î–ï–õ –ö–û–†–¢ -> –ü–ê–î–ï–õ –ö–û–†–¢ 2) (slots, padel)
2025-08-13 00:39:26,431 - INFO -    - Winbox –ë–∞—Å–∫–µ—Ç–±–æ–ª: –¥–∞—Ç—ã 16, 17 (–°–¢–†–ò–¢–ë–û–õ–¨–ù–ê–Ø –ü–õ–û–©–ê–î–ö–ê) (slots, basketball)
2025-08-13 00:39:26,431 - INFO -    - Zona Padela: –¥–∞—Ç—ã 11, 12, 13, 14 (clickable, padel)
2025-08-13 00:39:26,431 - INFO - –ü–∞—Ä–∞–º–µ—Ç—Ä—ã —Ç—Ä–æ–π–Ω–æ–π –ø—Ä–æ–≤–µ—Ä–∫–∏:
2025-08-13 00:39:26,432 - INFO -    - –ü–æ–ø—ã—Ç–æ–∫ –Ω–∞ –¥–∞—Ç—É: 1
2025-08-13 00:39:26,433 - INFO -    - –ú–∏–Ω–∏–º—É–º —É—Å–ø–µ—à–Ω—ã—Ö: 1
2025-08-13 00:39:26,434 - INFO -    - –ü–∞—É–∑–∞ –º–µ–∂–¥—É –ø–æ–ø—ã—Ç–∫–∞–º–∏: 1 —Å–µ–∫
2025-08-13 00:39:26,435 - INFO - –ü–∞—Ä–∞–º–µ—Ç—Ä—ã –∞–≤—Ç–æ–±—Ä–æ–Ω–∏—Ä–æ–≤–∞–Ω–∏—è:
2025-08-13 00:39:26,435 - INFO -    - –ê–≤—Ç–æ–±—Ä–æ–Ω–∏—Ä–æ–≤–∞–Ω–∏–µ: –≤–∫–ª—é—á–µ–Ω–æ
2025-08-13 00:39:26,436 - INFO -    - Winbox –ü–∞–¥–µ–ª: –±—Ä–æ–Ω–∏—Ä–æ–≤–∞—Ç—å 1 —Å–ª–æ—Ç–∞ –Ω–∞ –¥–∞—Ç—É
2025-08-13 00:39:26,442 - INFO -    - Winbox –ë–∞—Å–∫–µ—Ç–±–æ–ª: –±—Ä–æ–Ω–∏—Ä–æ–≤–∞—Ç—å 1 —Å–ª–æ—Ç –Ω–∞ –¥–∞—Ç—É
2025-08-13 00:39:26,442 - INFO -    - Zona Padela: –±—Ä–æ–Ω–∏—Ä–æ–≤–∞—Ç—å 1 —Å–ª–æ—Ç –Ω–∞ –¥–∞—Ç—É
2025-08-13 00:39:26,443 - INFO -    - –ü—Ä–∏–æ—Ä–∏—Ç–µ—Ç –≤—Ä–µ–º–µ–Ω–∏: –ø–æ–∑–¥–Ω–∏–µ->—Ä–∞–Ω–Ω–∏–µ
2025-08-13 00:39:26,444 - INFO -    - –ú–∞–∫—Å. –ø–æ–ø—ã—Ç–æ–∫ –Ω–∞ –¥–∞—Ç—É: 1
2025-08-13 00:39:26,444 - INFO -    - –ü–∞—É–∑–∞ –º–µ–∂–¥—É –ø–æ–ø—ã—Ç–∫–∞–º–∏: 1 —Å–µ–∫
2025-08-13 00:39:26,444 - INFO - –ò–Ω—Ç–µ—Ä–≤–∞–ª –ø—Ä–æ–≤–µ—Ä–∫–∏: 1 —Å–µ–∫—É–Ω–¥
2025-08-13 00:39:26,445 - INFO - ‚îÄ‚îÄ‚îÄ‚îÄ‚îÄ‚îÄ‚îÄ‚îÄ‚îÄ‚îÄ‚îÄ‚îÄ‚îÄ‚îÄ‚îÄ‚îÄ‚îÄ‚îÄ‚îÄ‚îÄ‚îÄ‚îÄ‚îÄ‚îÄ‚îÄ‚îÄ‚îÄ‚îÄ‚îÄ‚îÄ‚îÄ‚îÄ‚îÄ‚îÄ‚îÄ‚îÄ‚îÄ‚îÄ‚îÄ‚îÄ‚îÄ‚îÄ‚îÄ‚îÄ‚îÄ‚îÄ‚îÄ‚îÄ‚îÄ‚îÄ‚îÄ‚îÄ‚îÄ‚îÄ‚îÄ‚îÄ‚îÄ‚îÄ‚îÄ‚îÄ‚îÄ‚îÄ‚îÄ‚îÄ‚îÄ‚îÄ‚îÄ‚îÄ‚îÄ‚îÄ‚îÄ‚îÄ‚îÄ‚îÄ‚îÄ‚îÄ‚îÄ‚îÄ‚îÄ‚îÄ
2025-08-13 00:39:26,445 - INFO - –ù–∞—á–∏–Ω–∞–µ–º –ø—Ä–æ–≤–µ—Ä–∫—É –≤—Å–µ—Ö —Å–∞–π—Ç–æ–≤...
2025-08-13 00:39:28,111 - INFO - –ó–∞–≥—Ä—É–∂–∞–µ–º Winbox –ü–∞–¥–µ–ª: https://winboxmsk.ru/schedule?types=padel
2025-08-13 00:39:28,112 - INFO - –ü–µ—Ä–µ—Ö–æ–¥–∏–º –Ω–∞ –≥–ª–∞–≤–Ω—É—é —Å—Ç—Ä–∞–Ω–∏—Ü—É Winbox –¥–ª—è –∞–≤—Ç–æ—Ä–∏–∑–∞—Ü–∏–∏...
2025-08-13 00:39:33,786 - INFO - –ù–∞—á–∏–Ω–∞–µ–º –∞–≤—Ç–æ—Ä–∏–∑–∞—Ü–∏—é –Ω–∞ Winbox...
2025-08-13 00:39:33,853 - INFO - –ò–Ω–¥–∏–∫–∞—Ç–æ—Ä—ã –∞–≤—Ç–æ—Ä–∏–∑–∞—Ü–∏–∏ –Ω–µ –Ω–∞–π–¥–µ–Ω—ã
2025-08-13 00:39:33,888 - INFO - –ù–∞–π–¥–µ–Ω–∞ –∫–Ω–æ–ø–∫–∞ –≤—Ö–æ–¥–∞: text="–ê–≤—Ç–æ—Ä–∏–∑–æ–≤–∞—Ç—å—Å—è"
2025-08-13 00:39:36,043 - INFO - Email –∑–∞–ø–æ–ª–Ω–µ–Ω
2025-08-13 00:39:36,578 - INFO - –ü–∞—Ä–æ–ª—å –∑–∞–ø–æ–ª–Ω–µ–Ω
2025-08-13 00:39:37,151 - INFO - –ù–∞–∂–∞—Ç–∞ –∫–Ω–æ–ø–∫–∞ –≤—Ö–æ–¥–∞
2025-08-13 00:39:37,151 - INFO - –ñ–¥–µ–º —Ä–µ–∑—É–ª—å—Ç–∞—Ç–∞ –∞–≤—Ç–æ—Ä–∏–∑–∞—Ü–∏–∏...
2025-08-13 00:39:40,181 - INFO - –ù–∞–π–¥–µ–Ω –∏–Ω–¥–∏–∫–∞—Ç–æ—Ä –∞–≤—Ç–æ—Ä–∏–∑–∞—Ü–∏–∏: text="–õ–∏—á–Ω—ã–π –∫–∞–±–∏–Ω–µ—Ç"
2025-08-13 00:39:40,181 - INFO - –ê–≤—Ç–æ—Ä–∏–∑–∞—Ü–∏—è —É—Å–ø–µ—à–Ω–∞!
2025-08-13 00:39:40,183 - INFO - –ü–µ—Ä–µ—Ö–æ–¥–∏–º –∫ —Ä–∞—Å–ø–∏—Å–∞–Ω–∏—é padel: https://winboxmsk.ru/schedule?types=padel
2025-08-13 00:39:44,389 - INFO - –ü—Ä–æ–≤–µ—Ä—è–µ–º Winbox –ü–∞–¥–µ–ª...
2025-08-13 00:39:44,395 - INFO - URL: https://winboxmsk.ru/schedule?types=padel
2025-08-13 00:39:44,395 - INFO - Title: WIN BOX
2025-08-13 00:39:44,431 - INFO - –ù–∞–π–¥–µ–Ω–æ —ç–ª–µ–º–µ–Ω—Ç–æ–≤ 'button': 3
2025-08-13 00:39:44,452 - INFO - –ù–∞–π–¥–µ–Ω–æ —ç–ª–µ–º–µ–Ω—Ç–æ–≤ '[class*="day"]': 28
2025-08-13 00:39:44,473 - INFO - –ù–∞–π–¥–µ–Ω–æ —ç–ª–µ–º–µ–Ω—Ç–æ–≤ '[class*="date"]': 31
2025-08-13 00:39:44,473 - INFO - –ü—Ä–æ–≤–µ—Ä—è–µ–º —Ä–∞—Å–ø–∏—Å–∞–Ω–∏–µ –¥–ª—è Winbox –ü–∞–¥–µ–ª
2025-08-13 00:39:46,514 - INFO - –ö–∞–ª–µ–Ω–¥–∞—Ä—å –Ω–∞–π–¥–µ–Ω: [class*="schedule"]
2025-08-13 00:39:46,514 - INFO - –†–∞—Å–ø–∏—Å–∞–Ω–∏–µ –∑–∞–≥—Ä—É–∂–µ–Ω–æ –¥–ª—è padel
2025-08-13 00:39:46,520 - INFO - –ú–µ—Å—è—Ü –ê–í–ì–£–°–¢ —É–∂–µ –≤—ã–±—Ä–∞–Ω –∏–ª–∏ –Ω–µ –Ω–∞–π–¥–µ–Ω
2025-08-13 00:39:46,521 - INFO - –¢–†–û–ô–ù–ê–Ø –ü–†–û–í–ï–†–ö–ê –¥–∞—Ç—ã 19 (1 –ø–æ–ø—ã—Ç–æ–∫)...
2025-08-13 00:39:46,521 - INFO - –ü–æ–ø—ã—Ç–∫–∞ 1/1 –¥–ª—è –¥–∞—Ç—ã 19...
2025-08-13 00:39:46,521 - INFO - –ü—Ä–æ–≤–µ—Ä—è–µ–º –¥–∞—Ç—É 19 –¥–ª—è Winbox –ü–∞–¥–µ–ª...
2025-08-13 00:39:46,521 - INFO - –í—ã–±–∏—Ä–∞–µ–º –¥–∞—Ç—É 19...
2025-08-13 00:39:47,567 - INFO - –ù–∞–π–¥–µ–Ω —ç–ª–µ–º–µ–Ω—Ç '–†–∞—Å–ø–∏—Å–∞–Ω–∏–µ
–û –Ω–∞—Å
FAQ
–ö–æ–Ω—Ç–∞–∫—Ç—ã
–õ–ò–ß–ù–´–ô –ö–ê–ë–ò–ù–ï–¢

–°–ï–ì–û–î–ù–Ø 13 –ê–í–ì–£–°–¢–ê, –°–†

–†–ê–°–ü–ò–°–ê–ù–ò–ï

–í—Å–µ —Ä–∞—Å–ø–∏—Å–∞–Ω–∏–µ

–ú–µ—Ä–æ–ø—Ä–∏—è—Ç–∏—è

–ü–ª–æ—â–∞–¥–∫–∏

–õ–æ–∫–µ—Ä—ã

–§–£–¢–ë–û–õ–¨–ù–û–ï –ü–û–õ–ï

–°–¢–†–ò–¢–ë–û–õ–¨–ù–ê–Ø –ü–õ–û–©–ê–î–ö–ê

–ü–ê–î–ï–õ –ö–û–†–¢

–ü–ê–î–ï–õ –ö–û–†–¢ 2

–ê–í–ì–£–°–¢

12

–í–¢

13

–°–†

14

–ß–¢

15

–ü–¢

16

–°–ë

17

–í–°

18

–ü–ù

19

–í–¢

20

–°–†

21

–ß–¢

22

–ü–¢

23

–°–ë

24

–í–°

25

–ü–ù

–ü–∞–¥–µ–ª –∫–æ—Ä—Ç

10:00 - 11:00

11:00 - 12:00

12:00 - 13:00

13:00 - 14:00

14:00 - 15:00

15:00 - 16:00

16:00 - 17:00

17:00 - 18:00

18:00 - 19:00

19:00 - 20:00

20:00 - 21:00

–°–æ–±—ã—Ç–∏—è
–¢—Ä–µ–Ω–∏—Ä–æ–≤–∫–∏
–ë—Ä–æ–Ω–∏—Ä–æ–≤–∞–Ω–∏–µ –ø–ª–æ—â–∞–¥–æ–∫
–û –Ω–∞—Å
FAQ
–ö–æ–Ω—Ç–∞–∫—Ç—ã
WIN¬†BOX. –ó–î–ï–°–¨ –î–ï–õ–ê–Æ–¢ –†–ê–ó–ù–ò–¶–£.¬†WIN¬†BOX. –ó–î–ï–°–¨ –î–ï–õ–ê–Æ–¢ –†–ê–ó–ù–ò–¶–£.¬†WIN¬†BOX. –ó–î–ï–°–¨ –î–ï–õ–ê–Æ–¢ –†–ê–ó–ù–ò–¶–£.¬†WIN¬†BOX. –ó–î–ï–°–¨ –î–ï–õ–ê–Æ–¢ –†–ê–ó–ù–ò–¶–£.¬†WIN¬†BOX. –ó–î–ï–°–¨ –î–ï–õ–ê–Æ–¢ –†–ê–ó–ù–ò–¶–£.¬†WIN¬†BOX. –ó–î–ï–°–¨ –î–ï–õ–ê–Æ–¢ –†–ê–ó–ù–ò–¶–£.¬†WIN¬†BOX. –ó–î–ï–°–¨ –î–ï–õ–ê–Æ–¢ –†–ê–ó–ù–ò–¶–£.¬†WIN¬†BOX. –ó–î–ï–°–¨ –î–ï–õ–ê–Æ–¢ –†–ê–ó–ù–ò–¶–£.¬†WIN¬†BOX. –ó–î–ï–°–¨ –î–ï–õ–ê–Æ–¢ –†–ê–ó–ù–ò–¶–£.¬†WIN¬†BOX. –ó–î–ï–°–¨ –î–ï–õ–ê–Æ–¢ –†–ê–ó–ù–ò–¶–£.¬†
¬© WIN¬†BOX,¬†2025
18+
–ü–æ–ª–∏—Ç–∏–∫–∞ –∫–æ–Ω—Ñ–∏–¥–µ–Ω—Ü–∏–∞–ª—å–Ω–æ—Å—Ç–∏
–ü–æ–ª—å–∑–æ–≤–∞—Ç–µ–ª—å—Å–∫–æ–µ —Å–æ–≥–ª–∞—à–µ–Ω–∏–µ
–û–û–û ¬´–≠–π —ç–Ω–¥ –≠–π —Å–ø–æ—Ä—Ç—Å (–†–£–°)¬ª
–ò–ù–ù¬†7714443089
–°–¥–µ–ª–∞–Ω–æ ¬†Gocream' —á–µ—Ä–µ–∑ div:has-text("19")
2025-08-13 00:39:47,589 - INFO - –ù–∞–π–¥–µ–Ω —ç–ª–µ–º–µ–Ω—Ç '–†–∞—Å–ø–∏—Å–∞–Ω–∏–µ
–û –Ω–∞—Å
FAQ
–ö–æ–Ω—Ç–∞–∫—Ç—ã
–õ–ò–ß–ù–´–ô –ö–ê–ë–ò–ù–ï–¢

–°–ï–ì–û–î–ù–Ø 13 –ê–í–ì–£–°–¢–ê, –°–†

–†–ê–°–ü–ò–°–ê–ù–ò–ï

–í—Å–µ —Ä–∞—Å–ø–∏—Å–∞–Ω–∏–µ

–ú–µ—Ä–æ–ø—Ä–∏—è—Ç–∏—è

–ü–ª–æ—â–∞–¥–∫–∏

–õ–æ–∫–µ—Ä—ã

–§–£–¢–ë–û–õ–¨–ù–û–ï –ü–û–õ–ï

–°–¢–†–ò–¢–ë–û–õ–¨–ù–ê–Ø –ü–õ–û–©–ê–î–ö–ê

–ü–ê–î–ï–õ –ö–û–†–¢

–ü–ê–î–ï–õ –ö–û–†–¢ 2

–ê–í–ì–£–°–¢

12

–í–¢

13

–°–†

14

–ß–¢

15

–ü–¢

16

–°–ë

17

–í–°

18

–ü–ù

19

–í–¢

20

–°–†

21

–ß–¢

22

–ü–¢

23

–°–ë

24

–í–°

25

–ü–ù

–ü–∞–¥–µ–ª –∫–æ—Ä—Ç

10:00 - 11:00

11:00 - 12:00

12:00 - 13:00

13:00 - 14:00

14:00 - 15:00

15:00 - 16:00

16:00 - 17:00

17:00 - 18:00

18:00 - 19:00

19:00 - 20:00

20:00 - 21:00

–°–æ–±—ã—Ç–∏—è
–¢—Ä–µ–Ω–∏—Ä–æ–≤–∫–∏
–ë—Ä–æ–Ω–∏—Ä–æ–≤–∞–Ω–∏–µ –ø–ª–æ—â–∞–¥–æ–∫
–û –Ω–∞—Å
FAQ
–ö–æ–Ω—Ç–∞–∫—Ç—ã
WIN¬†BOX. –ó–î–ï–°–¨ –î–ï–õ–ê–Æ–¢ –†–ê–ó–ù–ò–¶–£.¬†WIN¬†BOX. –ó–î–ï–°–¨ –î–ï–õ–ê–Æ–¢ –†–ê–ó–ù–ò–¶–£.¬†WIN¬†BOX. –ó–î–ï–°–¨ –î–ï–õ–ê–Æ–¢ –†–ê–ó–ù–ò–¶–£.¬†WIN¬†BOX. –ó–î–ï–°–¨ –î–ï–õ–ê–Æ–¢ –†–ê–ó–ù–ò–¶–£.¬†WIN¬†BOX. –ó–î–ï–°–¨ –î–ï–õ–ê–Æ–¢ –†–ê–ó–ù–ò–¶–£.¬†WIN¬†BOX. –ó–î–ï–°–¨ –î–ï–õ–ê–Æ–¢ –†–ê–ó–ù–ò–¶–£.¬†WIN¬†BOX. –ó–î–ï–°–¨ –î–ï–õ–ê–Æ–¢ –†–ê–ó–ù–ò–¶–£.¬†WIN¬†BOX. –ó–î–ï–°–¨ –î–ï–õ–ê–Æ–¢ –†–ê–ó–ù–ò–¶–£.¬†WIN¬†BOX. –ó–î–ï–°–¨ –î–ï–õ–ê–Æ–¢ –†–ê–ó–ù–ò–¶–£.¬†WIN¬†BOX. –ó–î–ï–°–¨ –î–ï–õ–ê–Æ–¢ –†–ê–ó–ù–ò–¶–£.¬†
¬© WIN¬†BOX,¬†2025
18+
–ü–æ–ª–∏—Ç–∏–∫–∞ –∫–æ–Ω—Ñ–∏–¥–µ–Ω—Ü–∏–∞–ª—å–Ω–æ—Å—Ç–∏
–ü–æ–ª—å–∑–æ–≤–∞—Ç–µ–ª—å—Å–∫–æ–µ —Å–æ–≥–ª–∞—à–µ–Ω–∏–µ
–û–û–û ¬´–≠–π —ç–Ω–¥ –≠–π —Å–ø–æ—Ä—Ç—Å (–†–£–°)¬ª
–ò–ù–ù¬†7714443089
–°–¥–µ–ª–∞–Ω–æ ¬†Gocream' —á–µ—Ä–µ–∑ div:has-text("19")
2025-08-13 00:39:47,610 - INFO - –ù–∞–π–¥–µ–Ω —ç–ª–µ–º–µ–Ω—Ç '–°–ï–ì–û–î–ù–Ø 13 –ê–í–ì–£–°–¢–ê, –°–†

–†–ê–°–ü–ò–°–ê–ù–ò–ï

–í—Å–µ —Ä–∞—Å–ø–∏—Å–∞–Ω–∏–µ

–ú–µ—Ä–æ–ø—Ä–∏—è—Ç–∏—è

–ü–ª–æ—â–∞–¥–∫–∏

–õ–æ–∫–µ—Ä—ã

–§–£–¢–ë–û–õ–¨–ù–û–ï –ü–û–õ–ï

–°–¢–†–ò–¢–ë–û–õ–¨–ù–ê–Ø –ü–õ–û–©–ê–î–ö–ê

–ü–ê–î–ï–õ –ö–û–†–¢

–ü–ê–î–ï–õ –ö–û–†–¢ 2

–ê–í–ì–£–°–¢

12

–í–¢

13

–°–†

14

–ß–¢

15

–ü–¢

16

–°–ë

17

–í–°

18

–ü–ù

19

–í–¢

20

–°–†

21

–ß–¢

22

–ü–¢

23

–°–ë

24

–í–°

25

–ü–ù

–ü–∞–¥–µ–ª –∫–æ—Ä—Ç

10:00 - 11:00

11:00 - 12:00

12:00 - 13:00

13:00 - 14:00

14:00 - 15:00

15:00 - 16:00

16:00 - 17:00

17:00 - 18:00

18:00 - 19:00

19:00 - 20:00

20:00 - 21:00' —á–µ—Ä–µ–∑ div:has-text("19")
2025-08-13 00:39:47,634 - INFO - –ù–∞–π–¥–µ–Ω —ç–ª–µ–º–µ–Ω—Ç '–í—Å–µ —Ä–∞—Å–ø–∏—Å–∞–Ω–∏–µ

–ú–µ—Ä–æ–ø—Ä–∏—è—Ç–∏—è

–ü–ª–æ—â–∞–¥–∫–∏

–õ–æ–∫–µ—Ä—ã

–§–£–¢–ë–û–õ–¨–ù–û–ï –ü–û–õ–ï

–°–¢–†–ò–¢–ë–û–õ–¨–ù–ê–Ø –ü–õ–û–©–ê–î–ö–ê

–ü–ê–î–ï–õ –ö–û–†–¢

–ü–ê–î–ï–õ –ö–û–†–¢ 2

–ê–í–ì–£–°–¢

12

–í–¢

13

–°–†

14

–ß–¢

15

–ü–¢

16

–°–ë

17

–í–°

18

–ü–ù

19

–í–¢

20

–°–†

21

–ß–¢

22

–ü–¢

23

–°–ë

24

–í–°

25

–ü–ù

–ü–∞–¥–µ–ª –∫–æ—Ä—Ç

10:00 - 11:00

11:00 - 12:00

12:00 - 13:00

13:00 - 14:00

14:00 - 15:00

15:00 - 16:00

16:00 - 17:00

17:00 - 18:00

18:00 - 19:00

19:00 - 20:00

20:00 - 21:00' —á–µ—Ä–µ–∑ div:has-text("19")
2025-08-13 00:39:47,657 - INFO - –ù–∞–π–¥–µ–Ω —ç–ª–µ–º–µ–Ω—Ç '–ê–í–ì–£–°–¢

12

–í–¢

13

–°–†

14

–ß–¢

15

–ü–¢

16

–°–ë

17

–í–°

18

–ü–ù

19

–í–¢

20

–°–†

21

–ß–¢

22

–ü–¢

23

–°–ë

24

–í–°

25

–ü–ù' —á–µ—Ä–µ–∑ div:has-text("19")
2025-08-13 00:39:47,679 - INFO - –ù–∞–π–¥–µ–Ω —ç–ª–µ–º–µ–Ω—Ç '–ê–í–ì–£–°–¢

12

–í–¢

13

–°–†

14

–ß–¢

15

–ü–¢

16

–°–ë

17

–í–°

18

–ü–ù

19

–í–¢

20

–°–†

21

–ß–¢

22

–ü–¢

23

–°–ë

24

–í–°

25

–ü–ù' —á–µ—Ä–µ–∑ div:has-text("19")
2025-08-13 00:39:47,700 - INFO - –ù–∞–π–¥–µ–Ω —ç–ª–µ–º–µ–Ω—Ç '–ê–í–ì–£–°–¢

12

–í–¢

13

–°–†

14

–ß–¢

15

–ü–¢

16

–°–ë

17

–í–°

18

–ü–ù

19

–í–¢

20

–°–†

21

–ß–¢

22

–ü–¢

23

–°–ë

24

–í–°

25

–ü–ù' —á–µ—Ä–µ–∑ div:has-text("19")
2025-08-13 00:39:47,726 - INFO - –ù–∞–π–¥–µ–Ω —ç–ª–µ–º–µ–Ω—Ç '12

–í–¢

13

–°–†

14

–ß–¢

15

–ü–¢

16

–°–ë

17

–í–°

18

–ü–ù

19

–í–¢

20

–°–†

21

–ß–¢

22

–ü–¢

23

–°–ë

24

–í–°

25

–ü–ù' —á–µ—Ä–µ–∑ div:has-text("19")
2025-08-13 00:39:47,747 - INFO - –ù–∞–π–¥–µ–Ω —ç–ª–µ–º–µ–Ω—Ç '19

–í–¢' —á–µ—Ä–µ–∑ div:has-text("19")
2025-08-13 00:39:47,766 - INFO - –ù–∞–π–¥–µ–Ω —ç–ª–µ–º–µ–Ω—Ç '19

–í–¢' —á–µ—Ä–µ–∑ div:has-text("19")
2025-08-13 00:39:47,787 - INFO - –ù–∞–π–¥–µ–Ω —ç–ª–µ–º–µ–Ω—Ç '–ü–∞–¥–µ–ª –∫–æ—Ä—Ç

10:00 - 11:00

11:00 - 12:00

12:00 - 13:00

13:00 - 14:00

14:00 - 15:00

15:00 - 16:00

16:00 - 17:00

17:00 - 18:00

18:00 - 19:00

19:00 - 20:00

20:00 - 21:00' —á–µ—Ä–µ–∑ div:has-text("19")
2025-08-13 00:39:47,808 - INFO - –ù–∞–π–¥–µ–Ω —ç–ª–µ–º–µ–Ω—Ç '10:00 - 11:00

11:00 - 12:00

12:00 - 13:00

13:00 - 14:00

14:00 - 15:00

15:00 - 16:00

16:00 - 17:00

17:00 - 18:00

18:00 - 19:00

19:00 - 20:00

20:00 - 21:00' —á–µ—Ä–µ–∑ div:has-text("19")
2025-08-13 00:39:47,873 - INFO - –ù–∞–π–¥–µ–Ω —ç–ª–µ–º–µ–Ω—Ç '19' —á–µ—Ä–µ–∑ text="19"
2025-08-13 00:39:48,015 - INFO - –ù–∞–π–¥–µ–Ω —ç–ª–µ–º–µ–Ω—Ç '19' —á–µ—Ä–µ–∑ [class*="day"]
2025-08-13 00:39:48,123 - INFO - –ù–∞–π–¥–µ–Ω —ç–ª–µ–º–µ–Ω—Ç '–ê–í–ì–£–°–¢

12

–í–¢

13

–°–†

14

–ß–¢

15

–ü–¢

16

–°–ë

17

–í–°

18

–ü–ù

19

–í–¢

20

–°–†

21

–ß–¢

22

–ü–¢

23

–°–ë

24

–í–°

25

–ü–ù' —á–µ—Ä–µ–∑ [class*="date"]
2025-08-13 00:39:48,146 - INFO - –ù–∞–π–¥–µ–Ω —ç–ª–µ–º–µ–Ω—Ç '–ê–í–ì–£–°–¢

12

–í–¢

13

–°–†

14

–ß–¢

15

–ü–¢

16

–°–ë

17

–í–°

18

–ü–ù

19

–í–¢

20

–°–†

21

–ß–¢

22

–ü–¢

23

–°–ë

24

–í–°

25

–ü–ù' —á–µ—Ä–µ–∑ [class*="date"]
2025-08-13 00:39:48,203 - INFO - –ù–∞–π–¥–µ–Ω —ç–ª–µ–º–µ–Ω—Ç '19

–í–¢' —á–µ—Ä–µ–∑ [class*="date"]
2025-08-13 00:39:48,337 - INFO - –ü—Ä–æ–±—É–µ–º –∫–ª–∏–∫–Ω—É—Ç—å –ø–æ '–†–∞—Å–ø–∏—Å–∞–Ω–∏–µ
–û –Ω–∞—Å
FAQ
–ö–æ–Ω—Ç–∞–∫—Ç—ã
–õ–ò–ß–ù–´–ô –ö–ê–ë–ò–ù–ï–¢

–°–ï–ì–û–î–ù–Ø 13 –ê–í–ì–£–°–¢–ê, –°–†

–†–ê–°–ü–ò–°–ê–ù–ò–ï

–í—Å–µ —Ä–∞—Å–ø–∏—Å–∞–Ω–∏–µ

–ú–µ—Ä–æ–ø—Ä–∏—è—Ç–∏—è

–ü–ª–æ—â–∞–¥–∫–∏

–õ–æ–∫–µ—Ä—ã

–§–£–¢–ë–û–õ–¨–ù–û–ï –ü–û–õ–ï

–°–¢–†–ò–¢–ë–û–õ–¨–ù–ê–Ø –ü–õ–û–©–ê–î–ö–ê

–ü–ê–î–ï–õ –ö–û–†–¢

–ü–ê–î–ï–õ –ö–û–†–¢ 2

–ê–í–ì–£–°–¢

12

–í–¢

13

–°–†

14

–ß–¢

15

–ü–¢

16

–°–ë

17

–í–°

18

–ü–ù

19

–í–¢

20

–°–†

21

–ß–¢

22

–ü–¢

23

–°–ë

24

–í–°

25

–ü–ù

–ü–∞–¥–µ–ª –∫–æ—Ä—Ç

10:00 - 11:00

11:00 - 12:00

12:00 - 13:00

13:00 - 14:00

14:00 - 15:00

15:00 - 16:00

16:00 - 17:00

17:00 - 18:00

18:00 - 19:00

19:00 - 20:00

20:00 - 21:00

–°–æ–±—ã—Ç–∏—è
–¢—Ä–µ–Ω–∏—Ä–æ–≤–∫–∏
–ë—Ä–æ–Ω–∏—Ä–æ–≤–∞–Ω–∏–µ –ø–ª–æ—â–∞–¥–æ–∫
–û –Ω–∞—Å
FAQ
–ö–æ–Ω—Ç–∞–∫—Ç—ã
WIN¬†BOX. –ó–î–ï–°–¨ –î–ï–õ–ê–Æ–¢ –†–ê–ó–ù–ò–¶–£.¬†WIN¬†BOX. –ó–î–ï–°–¨ –î–ï–õ–ê–Æ–¢ –†–ê–ó–ù–ò–¶–£.¬†WIN¬†BOX. –ó–î–ï–°–¨ –î–ï–õ–ê–Æ–¢ –†–ê–ó–ù–ò–¶–£.¬†WIN¬†BOX. –ó–î–ï–°–¨ –î–ï–õ–ê–Æ–¢ –†–ê–ó–ù–ò–¶–£.¬†WIN¬†BOX. –ó–î–ï–°–¨ –î–ï–õ–ê–Æ–¢ –†–ê–ó–ù–ò–¶–£.¬†WIN¬†BOX. –ó–î–ï–°–¨ –î–ï–õ–ê–Æ–¢ –†–ê–ó–ù–ò–¶–£.¬†WIN¬†BOX. –ó–î–ï–°–¨ –î–ï–õ–ê–Æ–¢ –†–ê–ó–ù–ò–¶–£.¬†WIN¬†BOX. –ó–î–ï–°–¨ –î–ï–õ–ê–Æ–¢ –†–ê–ó–ù–ò–¶–£.¬†WIN¬†BOX. –ó–î–ï–°–¨ –î–ï–õ–ê–Æ–¢ –†–ê–ó–ù–ò–¶–£.¬†WIN¬†BOX. –ó–î–ï–°–¨ –î–ï–õ–ê–Æ–¢ –†–ê–ó–ù–ò–¶–£.¬†
¬© WIN¬†BOX,¬†2025
18+
–ü–æ–ª–∏—Ç–∏–∫–∞ –∫–æ–Ω—Ñ–∏–¥–µ–Ω—Ü–∏–∞–ª—å–Ω–æ—Å—Ç–∏
–ü–æ–ª—å–∑–æ–≤–∞—Ç–µ–ª—å—Å–∫–æ–µ —Å–æ–≥–ª–∞—à–µ–Ω–∏–µ
–û–û–û ¬´–≠–π —ç–Ω–¥ –≠–π —Å–ø–æ—Ä—Ç—Å (–†–£–°)¬ª
–ò–ù–ù¬†7714443089
–°–¥–µ–ª–∞–Ω–æ ¬†Gocream' (–Ω–∞–π–¥–µ–Ω —á–µ—Ä–µ–∑ div:has-text("19"))
2025-08-13 00:39:52,309 - INFO - –ö–ª–∏–∫ –ø–æ '–†–∞—Å–ø–∏—Å–∞–Ω–∏–µ
–û –Ω–∞—Å
FAQ
–ö–æ–Ω—Ç–∞–∫—Ç—ã
–õ–ò–ß–ù–´–ô –ö–ê–ë–ò–ù–ï–¢

–°–ï–ì–û–î–ù–Ø 13 –ê–í–ì–£–°–¢–ê, –°–†

–†–ê–°–ü–ò–°–ê–ù–ò–ï

–í—Å–µ —Ä–∞—Å–ø–∏—Å–∞–Ω–∏–µ

–ú–µ—Ä–æ–ø—Ä–∏—è—Ç–∏—è

–ü–ª–æ—â–∞–¥–∫–∏

–õ–æ–∫–µ—Ä—ã

–§–£–¢–ë–û–õ–¨–ù–û–ï –ü–û–õ–ï

–°–¢–†–ò–¢–ë–û–õ–¨–ù–ê–Ø –ü–õ–û–©–ê–î–ö–ê

–ü–ê–î–ï–õ –ö–û–†–¢

–ü–ê–î–ï–õ –ö–û–†–¢ 2

–ê–í–ì–£–°–¢

12

–í–¢

13

–°–†

14

–ß–¢

15

–ü–¢

16

–°–ë

17

–í–°

18

–ü–ù

19

–í–¢

20

–°–†

21

–ß–¢

22

–ü–¢

23

–°–ë

24

–í–°

25

–ü–ù

–ü–∞–¥–µ–ª –∫–æ—Ä—Ç

10:00 - 11:00

11:00 - 12:00

12:00 - 13:00

13:00 - 14:00

14:00 - 15:00

15:00 - 16:00

16:00 - 17:00

17:00 - 18:00

18:00 - 19:00

19:00 - 20:00

20:00 - 21:00

–°–æ–±—ã—Ç–∏—è
–¢—Ä–µ–Ω–∏—Ä–æ–≤–∫–∏
–ë—Ä–æ–Ω–∏—Ä–æ–≤–∞–Ω–∏–µ –ø–ª–æ—â–∞–¥–æ–∫
–û –Ω–∞—Å
FAQ
–ö–æ–Ω—Ç–∞–∫—Ç—ã
WIN¬†BOX. –ó–î–ï–°–¨ –î–ï–õ–ê–Æ–¢ –†–ê–ó–ù–ò–¶–£.¬†WIN¬†BOX. –ó–î–ï–°–¨ –î–ï–õ–ê–Æ–¢ –†–ê–ó–ù–ò–¶–£.¬†WIN¬†BOX. –ó–î–ï–°–¨ –î–ï–õ–ê–Æ–¢ –†–ê–ó–ù–ò–¶–£.¬†WIN¬†BOX. –ó–î–ï–°–¨ –î–ï–õ–ê–Æ–¢ –†–ê–ó–ù–ò–¶–£.¬†WIN¬†BOX. –ó–î–ï–°–¨ –î–ï–õ–ê–Æ–¢ –†–ê–ó–ù–ò–¶–£.¬†WIN¬†BOX. –ó–î–ï–°–¨ –î–ï–õ–ê–Æ–¢ –†–ê–ó–ù–ò–¶–£.¬†WIN¬†BOX. –ó–î–ï–°–¨ –î–ï–õ–ê–Æ–¢ –†–ê–ó–ù–ò–¶–£.¬†WIN¬†BOX. –ó–î–ï–°–¨ –î–ï–õ–ê–Æ–¢ –†–ê–ó–ù–ò–¶–£.¬†WIN¬†BOX. –ó–î–ï–°–¨ –î–ï–õ–ê–Æ–¢ –†–ê–ó–ù–ò–¶–£.¬†WIN¬†BOX. –ó–î–ï–°–¨ –î–ï–õ–ê–Æ–¢ –†–ê–ó–ù–ò–¶–£.¬†
¬© WIN¬†BOX,¬†2025
18+
–ü–æ–ª–∏—Ç–∏–∫–∞ –∫–æ–Ω—Ñ–∏–¥–µ–Ω—Ü–∏–∞–ª—å–Ω–æ—Å—Ç–∏
–ü–æ–ª—å–∑–æ–≤–∞—Ç–µ–ª—å—Å–∫–æ–µ —Å–æ–≥–ª–∞—à–µ–Ω–∏–µ
–û–û–û ¬´–≠–π —ç–Ω–¥ –≠–π —Å–ø–æ—Ä—Ç—Å (–†–£–°)¬ª
–ò–ù–ù¬†7714443089
–°–¥–µ–ª–∞–Ω–æ ¬†Gocream' –Ω–µ –ø—Ä–∏–≤–µ–ª –∫ –æ–∂–∏–¥–∞–µ–º–æ–º—É —Ä–µ–∑—É–ª—å—Ç–∞—Ç—É
2025-08-13 00:39:52,311 - INFO - –ü—Ä–æ–±—É–µ–º –∫–ª–∏–∫–Ω—É—Ç—å –ø–æ '–†–∞—Å–ø–∏—Å–∞–Ω–∏–µ
–û –Ω–∞—Å
FAQ
–ö–æ–Ω—Ç–∞–∫—Ç—ã
–õ–ò–ß–ù–´–ô –ö–ê–ë–ò–ù–ï–¢

–°–ï–ì–û–î–ù–Ø 13 –ê–í–ì–£–°–¢–ê, –°–†

–†–ê–°–ü–ò–°–ê–ù–ò–ï

–í—Å–µ —Ä–∞—Å–ø–∏—Å–∞–Ω–∏–µ

–ú–µ—Ä–æ–ø—Ä–∏—è—Ç–∏—è

–ü–ª–æ—â–∞–¥–∫–∏

–õ–æ–∫–µ—Ä—ã

–§–£–¢–ë–û–õ–¨–ù–û–ï –ü–û–õ–ï

–°–¢–†–ò–¢–ë–û–õ–¨–ù–ê–Ø –ü–õ–û–©–ê–î–ö–ê

–ü–ê–î–ï–õ –ö–û–†–¢

–ü–ê–î–ï–õ –ö–û–†–¢ 2

–ê–í–ì–£–°–¢

12

–í–¢

13

–°–†

14

–ß–¢

15

–ü–¢

16

–°–ë

17

–í–°

18

–ü–ù

19

–í–¢

20

–°–†

21

–ß–¢

22

–ü–¢

23

–°–ë

24

–í–°

25

–ü–ù

–ü–∞–¥–µ–ª –∫–æ—Ä—Ç

10:00 - 11:00

11:00 - 12:00

12:00 - 13:00

13:00 - 14:00

14:00 - 15:00

15:00 - 16:00

16:00 - 17:00

17:00 - 18:00

18:00 - 19:00

19:00 - 20:00

20:00 - 21:00

–°–æ–±—ã—Ç–∏—è
–¢—Ä–µ–Ω–∏—Ä–æ–≤–∫–∏
–ë—Ä–æ–Ω–∏—Ä–æ–≤–∞–Ω–∏–µ –ø–ª–æ—â–∞–¥–æ–∫
–û –Ω–∞—Å
FAQ
–ö–æ–Ω—Ç–∞–∫—Ç—ã
WIN¬†BOX. –ó–î–ï–°–¨ –î–ï–õ–ê–Æ–¢ –†–ê–ó–ù–ò–¶–£.¬†WIN¬†BOX. –ó–î–ï–°–¨ –î–ï–õ–ê–Æ–¢ –†–ê–ó–ù–ò–¶–£.¬†WIN¬†BOX. –ó–î–ï–°–¨ –î–ï–õ–ê–Æ–¢ –†–ê–ó–ù–ò–¶–£.¬†WIN¬†BOX. –ó–î–ï–°–¨ –î–ï–õ–ê–Æ–¢ –†–ê–ó–ù–ò–¶–£.¬†WIN¬†BOX. –ó–î–ï–°–¨ –î–ï–õ–ê–Æ–¢ –†–ê–ó–ù–ò–¶–£.¬†WIN¬†BOX. –ó–î–ï–°–¨ –î–ï–õ–ê–Æ–¢ –†–ê–ó–ù–ò–¶–£.¬†WIN¬†BOX. –ó–î–ï–°–¨ –î–ï–õ–ê–Æ–¢ –†–ê–ó–ù–ò–¶–£.¬†WIN¬†BOX. –ó–î–ï–°–¨ –î–ï–õ–ê–Æ–¢ –†–ê–ó–ù–ò–¶–£.¬†WIN¬†BOX. –ó–î–ï–°–¨ –î–ï–õ–ê–Æ–¢ –†–ê–ó–ù–ò–¶–£.¬†WIN¬†BOX. –ó–î–ï–°–¨ –î–ï–õ–ê–Æ–¢ –†–ê–ó–ù–ò–¶–£.¬†
¬© WIN¬†BOX,¬†2025
18+
–ü–æ–ª–∏—Ç–∏–∫–∞ –∫–æ–Ω—Ñ–∏–¥–µ–Ω—Ü–∏–∞–ª—å–Ω–æ—Å—Ç–∏
–ü–æ–ª—å–∑–æ–≤–∞—Ç–µ–ª—å—Å–∫–æ–µ —Å–æ–≥–ª–∞—à–µ–Ω–∏–µ
–û–û–û ¬´–≠–π —ç–Ω–¥ –≠–π —Å–ø–æ—Ä—Ç—Å (–†–£–°)¬ª
–ò–ù–ù¬†7714443089
–°–¥–µ–ª–∞–Ω–æ ¬†Gocream' (–Ω–∞–π–¥–µ–Ω —á–µ—Ä–µ–∑ div:has-text("19"))
2025-08-13 00:39:54,247 - ERROR - –ö—Ä–∏—Ç–∏—á–µ—Å–∫–∞—è –æ—à–∏–±–∫–∞ –¥–ª—è Winbox –ü–∞–¥–µ–ª: Browser.close: Connection closed while reading from the driver
2025-08-13 00:39:57,623 - INFO - –ó–∞–≥—Ä—É–∂–∞–µ–º Winbox –ë–∞—Å–∫–µ—Ç–±–æ–ª: https://winboxmsk.ru/schedule?types=basketball
2025-08-13 00:39:57,623 - INFO - –ü–µ—Ä–µ—Ö–æ–¥–∏–º –Ω–∞ –≥–ª–∞–≤–Ω—É—é —Å—Ç—Ä–∞–Ω–∏—Ü—É Winbox –¥–ª—è –∞–≤—Ç–æ—Ä–∏–∑–∞—Ü–∏–∏...
2025-08-13 00:40:02,286 - INFO - –ù–∞—á–∏–Ω–∞–µ–º –∞–≤—Ç–æ—Ä–∏–∑–∞—Ü–∏—é –Ω–∞ Winbox...
2025-08-13 00:40:02,352 - INFO - –ò–Ω–¥–∏–∫–∞—Ç–æ—Ä—ã –∞–≤—Ç–æ—Ä–∏–∑–∞—Ü–∏–∏ –Ω–µ –Ω–∞–π–¥–µ–Ω—ã
2025-08-13 00:40:02,384 - INFO - –ù–∞–π–¥–µ–Ω–∞ –∫–Ω–æ–ø–∫–∞ –≤—Ö–æ–¥–∞: text="–ê–≤—Ç–æ—Ä–∏–∑–æ–≤–∞—Ç—å—Å—è"
2025-08-13 00:40:04,520 - INFO - Email –∑–∞–ø–æ–ª–Ω–µ–Ω
2025-08-13 00:40:05,062 - INFO - –ü–∞—Ä–æ–ª—å –∑–∞–ø–æ–ª–Ω–µ–Ω
2025-08-13 00:40:05,656 - INFO - –ù–∞–∂–∞—Ç–∞ –∫–Ω–æ–ø–∫–∞ –≤—Ö–æ–¥–∞
2025-08-13 00:40:05,656 - INFO - –ñ–¥–µ–º —Ä–µ–∑—É–ª—å—Ç–∞—Ç–∞ –∞–≤—Ç–æ—Ä–∏–∑–∞—Ü–∏–∏...
2025-08-13 00:40:08,697 - INFO - –ù–∞–π–¥–µ–Ω –∏–Ω–¥–∏–∫–∞—Ç–æ—Ä –∞–≤—Ç–æ—Ä–∏–∑–∞—Ü–∏–∏: text="–õ–∏—á–Ω—ã–π –∫–∞–±–∏–Ω–µ—Ç"
2025-08-13 00:40:08,697 - INFO - –ê–≤—Ç–æ—Ä–∏–∑–∞—Ü–∏—è —É—Å–ø–µ—à–Ω–∞!
2025-08-13 00:40:08,700 - INFO - –ü–µ—Ä–µ—Ö–æ–¥–∏–º –∫ —Ä–∞—Å–ø–∏—Å–∞–Ω–∏—é basketball: https://winboxmsk.ru/schedule?types=basketball
2025-08-13 00:40:12,440 - INFO - –ü—Ä–æ–≤–µ—Ä—è–µ–º Winbox –ë–∞—Å–∫–µ—Ç–±–æ–ª...
2025-08-13 00:40:12,446 - INFO - URL: https://winboxmsk.ru/schedule?types=basketball
2025-08-13 00:40:12,447 - INFO - Title: WIN BOX
2025-08-13 00:40:12,478 - INFO - –ù–∞–π–¥–µ–Ω–æ —ç–ª–µ–º–µ–Ω—Ç–æ–≤ 'button': 3
2025-08-13 00:40:12,501 - INFO - –ù–∞–π–¥–µ–Ω–æ —ç–ª–µ–º–µ–Ω—Ç–æ–≤ '[class*="day"]': 28
2025-08-13 00:40:12,517 - INFO - –ù–∞–π–¥–µ–Ω–æ —ç–ª–µ–º–µ–Ω—Ç–æ–≤ '[class*="date"]': 26
2025-08-13 00:40:12,518 - INFO - –ü—Ä–æ–≤–µ—Ä—è–µ–º —Ä–∞—Å–ø–∏—Å–∞–Ω–∏–µ –¥–ª—è Winbox –ë–∞—Å–∫–µ—Ç–±–æ–ª
2025-08-13 00:40:14,548 - INFO - –ö–∞–ª–µ–Ω–¥–∞—Ä—å –Ω–∞–π–¥–µ–Ω: [class*="schedule"]
2025-08-13 00:40:14,548 - INFO - –†–∞—Å–ø–∏—Å–∞–Ω–∏–µ –∑–∞–≥—Ä—É–∂–µ–Ω–æ –¥–ª—è basketball
2025-08-13 00:40:14,554 - INFO - –ú–µ—Å—è—Ü –ê–í–ì–£–°–¢ —É–∂–µ –≤—ã–±—Ä–∞–Ω –∏–ª–∏ –Ω–µ –Ω–∞–π–¥–µ–Ω
2025-08-13 00:40:14,555 - INFO - –¢–†–û–ô–ù–ê–Ø –ü–†–û–í–ï–†–ö–ê –¥–∞—Ç—ã 16 (1 –ø–æ–ø—ã—Ç–æ–∫)...
2025-08-13 00:40:14,555 - INFO - –ü–æ–ø—ã—Ç–∫–∞ 1/1 –¥–ª—è –¥–∞—Ç—ã 16...
2025-08-13 00:40:14,555 - INFO - –ü—Ä–æ–≤–µ—Ä—è–µ–º –¥–∞—Ç—É 16 –¥–ª—è Winbox –ë–∞—Å–∫–µ—Ç–±–æ–ª...
2025-08-13 00:40:14,555 - INFO - –í—ã–±–∏—Ä–∞–µ–º –¥–∞—Ç—É 16...
2025-08-13 00:40:15,608 - INFO - –ù–∞–π–¥–µ–Ω —ç–ª–µ–º–µ–Ω—Ç '–†–∞—Å–ø–∏—Å–∞–Ω–∏–µ
–û –Ω–∞—Å
FAQ
–ö–æ–Ω—Ç–∞–∫—Ç—ã
–õ–ò–ß–ù–´–ô –ö–ê–ë–ò–ù–ï–¢

–°–ï–ì–û–î–ù–Ø 13 –ê–í–ì–£–°–¢–ê, –°–†

–†–ê–°–ü–ò–°–ê–ù–ò–ï

–í—Å–µ —Ä–∞—Å–ø–∏—Å–∞–Ω–∏–µ

–ú–µ—Ä–æ–ø—Ä–∏—è—Ç–∏—è

–ü–ª–æ—â–∞–¥–∫–∏

–õ–æ–∫–µ—Ä—ã

–§–£–¢–ë–û–õ–¨–ù–û–ï –ü–û–õ–ï

–°–¢–†–ò–¢–ë–û–õ–¨–ù–ê–Ø –ü–õ–û–©–ê–î–ö–ê

–ü–ê–î–ï–õ –ö–û–†–¢

–ü–ê–î–ï–õ –ö–û–†–¢ 2

–ê–í–ì–£–°–¢

12

–í–¢

13

–°–†

14

–ß–¢

15

–ü–¢

16

–°–ë

17

–í–°

18

–ü–ù

19

–í–¢

20

–°–†

21

–ß–¢

22

–ü–¢

23

–°–ë

24

–í–°

25

–ü–ù

–°—Ç—Ä–∏—Ç–±–æ–ª—å–Ω–∞—è –ø–ª–æ—â–∞–¥–∫–∞

10:00 - 11:30

12:00 - 13:30

14:00 - 15:30

16:00 - 17:30

18:00 - 19:30

20:00 - 21:30

–°–æ–±—ã—Ç–∏—è
–¢—Ä–µ–Ω–∏—Ä–æ–≤–∫–∏
–ë—Ä–æ–Ω–∏—Ä–æ–≤–∞–Ω–∏–µ –ø–ª–æ—â–∞–¥–æ–∫
–û –Ω–∞—Å
FAQ
–ö–æ–Ω—Ç–∞–∫—Ç—ã
WIN¬†BOX. –ó–î–ï–°–¨ –î–ï–õ–ê–Æ–¢ –†–ê–ó–ù–ò–¶–£.¬†WIN¬†BOX. –ó–î–ï–°–¨ –î–ï–õ–ê–Æ–¢ –†–ê–ó–ù–ò–¶–£.¬†WIN¬†BOX. –ó–î–ï–°–¨ –î–ï–õ–ê–Æ–¢ –†–ê–ó–ù–ò–¶–£.¬†WIN¬†BOX. –ó–î–ï–°–¨ –î–ï–õ–ê–Æ–¢ –†–ê–ó–ù–ò–¶–£.¬†WIN¬†BOX. –ó–î–ï–°–¨ –î–ï–õ–ê–Æ–¢ –†–ê–ó–ù–ò–¶–£.¬†WIN¬†BOX. –ó–î–ï–°–¨ –î–ï–õ–ê–Æ–¢ –†–ê–ó–ù–ò–¶–£.¬†WIN¬†BOX. –ó–î–ï–°–¨ –î–ï–õ–ê–Æ–¢ –†–ê–ó–ù–ò–¶–£.¬†WIN¬†BOX. –ó–î–ï–°–¨ –î–ï–õ–ê–Æ–¢ –†–ê–ó–ù–ò–¶–£.¬†WIN¬†BOX. –ó–î–ï–°–¨ –î–ï–õ–ê–Æ–¢ –†–ê–ó–ù–ò–¶–£.¬†WIN¬†BOX. –ó–î–ï–°–¨ –î–ï–õ–ê–Æ–¢ –†–ê–ó–ù–ò–¶–£.¬†
¬© WIN¬†BOX,¬†2025
18+
–ü–æ–ª–∏—Ç–∏–∫–∞ –∫–æ–Ω—Ñ–∏–¥–µ–Ω—Ü–∏–∞–ª—å–Ω–æ—Å—Ç–∏
–ü–æ–ª—å–∑–æ–≤–∞—Ç–µ–ª—å—Å–∫–æ–µ —Å–æ–≥–ª–∞—à–µ–Ω–∏–µ
–û–û–û ¬´–≠–π —ç–Ω–¥ –≠–π —Å–ø–æ—Ä—Ç—Å (–†–£–°)¬ª
–ò–ù–ù¬†7714443089
–°–¥–µ–ª–∞–Ω–æ ¬†Gocream' —á–µ—Ä–µ–∑ div:has-text("16")
2025-08-13 00:40:15,631 - INFO - –ù–∞–π–¥–µ–Ω —ç–ª–µ–º–µ–Ω—Ç '–†–∞—Å–ø–∏—Å–∞–Ω–∏–µ
–û –Ω–∞—Å
FAQ
–ö–æ–Ω—Ç–∞–∫—Ç—ã
–õ–ò–ß–ù–´–ô –ö–ê–ë–ò–ù–ï–¢

–°–ï–ì–û–î–ù–Ø 13 –ê–í–ì–£–°–¢–ê, –°–†

–†–ê–°–ü–ò–°–ê–ù–ò–ï

–í—Å–µ —Ä–∞—Å–ø–∏—Å–∞–Ω–∏–µ

–ú–µ—Ä–æ–ø—Ä–∏—è—Ç–∏—è

–ü–ª–æ—â–∞–¥–∫–∏

–õ–æ–∫–µ—Ä—ã

–§–£–¢–ë–û–õ–¨–ù–û–ï –ü–û–õ–ï

–°–¢–†–ò–¢–ë–û–õ–¨–ù–ê–Ø –ü–õ–û–©–ê–î–ö–ê

–ü–ê–î–ï–õ –ö–û–†–¢

–ü–ê–î–ï–õ –ö–û–†–¢ 2

–ê–í–ì–£–°–¢

12

–í–¢

13

–°–†

14

–ß–¢

15

–ü–¢

16

–°–ë

17

–í–°

18

–ü–ù

19

–í–¢

20

–°–†

21

–ß–¢

22

–ü–¢

23

–°–ë

24

–í–°

25

–ü–ù

–°—Ç—Ä–∏—Ç–±–æ–ª—å–Ω–∞—è –ø–ª–æ—â–∞–¥–∫–∞

10:00 - 11:30

12:00 - 13:30

14:00 - 15:30

16:00 - 17:30

18:00 - 19:30

20:00 - 21:30

–°–æ–±—ã—Ç–∏—è
–¢—Ä–µ–Ω–∏—Ä–æ–≤–∫–∏
–ë—Ä–æ–Ω–∏—Ä–æ–≤–∞–Ω–∏–µ –ø–ª–æ—â–∞–¥–æ–∫
–û –Ω–∞—Å
FAQ
–ö–æ–Ω—Ç–∞–∫—Ç—ã
WIN¬†BOX. –ó–î–ï–°–¨ –î–ï–õ–ê–Æ–¢ –†–ê–ó–ù–ò–¶–£.¬†WIN¬†BOX. –ó–î–ï–°–¨ –î–ï–õ–ê–Æ–¢ –†–ê–ó–ù–ò–¶–£.¬†WIN¬†BOX. –ó–î–ï–°–¨ –î–ï–õ–ê–Æ–¢ –†–ê–ó–ù–ò–¶–£.¬†WIN¬†BOX. –ó–î–ï–°–¨ –î–ï–õ–ê–Æ–¢ –†–ê–ó–ù–ò–¶–£.¬†WIN¬†BOX. –ó–î–ï–°–¨ –î–ï–õ–ê–Æ–¢ –†–ê–ó–ù–ò–¶–£.¬†WIN¬†BOX. –ó–î–ï–°–¨ –î–ï–õ–ê–Æ–¢ –†–ê–ó–ù–ò–¶–£.¬†WIN¬†BOX. –ó–î–ï–°–¨ –î–ï–õ–ê–Æ–¢ –†–ê–ó–ù–ò–¶–£.¬†WIN¬†BOX. –ó–î–ï–°–¨ –î–ï–õ–ê–Æ–¢ –†–ê–ó–ù–ò–¶–£.¬†WIN¬†BOX. –ó–î–ï–°–¨ –î–ï–õ–ê–Æ–¢ –†–ê–ó–ù–ò–¶–£.¬†WIN¬†BOX. –ó–î–ï–°–¨ –î–ï–õ–ê–Æ–¢ –†–ê–ó–ù–ò–¶–£.¬†
¬© WIN¬†BOX,¬†2025
18+
–ü–æ–ª–∏—Ç–∏–∫–∞ –∫–æ–Ω—Ñ–∏–¥–µ–Ω—Ü–∏–∞–ª—å–Ω–æ—Å—Ç–∏
–ü–æ–ª—å–∑–æ–≤–∞—Ç–µ–ª—å—Å–∫–æ–µ —Å–æ–≥–ª–∞—à–µ–Ω–∏–µ
–û–û–û ¬´–≠–π —ç–Ω–¥ –≠–π —Å–ø–æ—Ä—Ç—Å (–†–£–°)¬ª
–ò–ù–ù¬†7714443089
–°–¥–µ–ª–∞–Ω–æ ¬†Gocream' —á–µ—Ä–µ–∑ div:has-text("16")
2025-08-13 00:40:15,655 - INFO - –ù–∞–π–¥–µ–Ω —ç–ª–µ–º–µ–Ω—Ç '–°–ï–ì–û–î–ù–Ø 13 –ê–í–ì–£–°–¢–ê, –°–†

–†–ê–°–ü–ò–°–ê–ù–ò–ï

–í—Å–µ —Ä–∞—Å–ø–∏—Å–∞–Ω–∏–µ

–ú–µ—Ä–æ–ø—Ä–∏—è—Ç–∏—è

–ü–ª–æ—â–∞–¥–∫–∏

–õ–æ–∫–µ—Ä—ã

–§–£–¢–ë–û–õ–¨–ù–û–ï –ü–û–õ–ï

–°–¢–†–ò–¢–ë–û–õ–¨–ù–ê–Ø –ü–õ–û–©–ê–î–ö–ê

–ü–ê–î–ï–õ –ö–û–†–¢

–ü–ê–î–ï–õ –ö–û–†–¢ 2

–ê–í–ì–£–°–¢

12

–í–¢

13

–°–†

14

–ß–¢

15

–ü–¢

16

–°–ë

17

–í–°

18

–ü–ù

19

–í–¢

20

–°–†

21

–ß–¢

22

–ü–¢

23

–°–ë

24

–í–°

25

–ü–ù

–°—Ç—Ä–∏—Ç–±–æ–ª—å–Ω–∞—è –ø–ª–æ—â–∞–¥–∫–∞

10:00 - 11:30

12:00 - 13:30

14:00 - 15:30

16:00 - 17:30

18:00 - 19:30

20:00 - 21:30' —á–µ—Ä–µ–∑ div:has-text("16")
2025-08-13 00:40:15,678 - INFO - –ù–∞–π–¥–µ–Ω —ç–ª–µ–º–µ–Ω—Ç '–í—Å–µ —Ä–∞—Å–ø–∏—Å–∞–Ω–∏–µ

–ú–µ—Ä–æ–ø—Ä–∏—è—Ç–∏—è

–ü–ª–æ—â–∞–¥–∫–∏

–õ–æ–∫–µ—Ä—ã

–§–£–¢–ë–û–õ–¨–ù–û–ï –ü–û–õ–ï

–°–¢–†–ò–¢–ë–û–õ–¨–ù–ê–Ø –ü–õ–û–©–ê–î–ö–ê

–ü–ê–î–ï–õ –ö–û–†–¢

–ü–ê–î–ï–õ –ö–û–†–¢ 2

–ê–í–ì–£–°–¢

12

–í–¢

13

–°–†

14

–ß–¢

15

–ü–¢

16

–°–ë

17

–í–°

18

–ü–ù

19

–í–¢

20

–°–†

21

–ß–¢

22

–ü–¢

23

–°–ë

24

–í–°

25

–ü–ù

–°—Ç—Ä–∏—Ç–±–æ–ª—å–Ω–∞—è –ø–ª–æ—â–∞–¥–∫–∞

10:00 - 11:30

12:00 - 13:30

14:00 - 15:30

16:00 - 17:30

18:00 - 19:30

20:00 - 21:30' —á–µ—Ä–µ–∑ div:has-text("16")
2025-08-13 00:40:15,699 - INFO - –ù–∞–π–¥–µ–Ω —ç–ª–µ–º–µ–Ω—Ç '–ê–í–ì–£–°–¢

12

–í–¢

13

–°–†

14

–ß–¢

15

–ü–¢

16

–°–ë

17

–í–°

18

–ü–ù

19

–í–¢

20

–°–†

21

–ß–¢

22

–ü–¢

23

–°–ë

24

–í–°

25

–ü–ù' —á–µ—Ä–µ–∑ div:has-text("16")
2025-08-13 00:40:15,721 - INFO - –ù–∞–π–¥–µ–Ω —ç–ª–µ–º–µ–Ω—Ç '–ê–í–ì–£–°–¢

12

–í–¢

13

–°–†

14

–ß–¢

15

–ü–¢

16

–°–ë

17

–í–°

18

–ü–ù

19

–í–¢

20

–°–†

21

–ß–¢

22

–ü–¢

23

–°–ë

24

–í–°

25

–ü–ù' —á–µ—Ä–µ–∑ div:has-text("16")
2025-08-13 00:40:15,741 - INFO - –ù–∞–π–¥–µ–Ω —ç–ª–µ–º–µ–Ω—Ç '–ê–í–ì–£–°–¢

12

–í–¢

13

–°–†

14

–ß–¢

15

–ü–¢

16

–°–ë

17

–í–°

18

–ü–ù

19

–í–¢

20

–°–†

21

–ß–¢

22

–ü–¢

23

–°–ë

24

–í–°

25

–ü–ù' —á–µ—Ä–µ–∑ div:has-text("16")
2025-08-13 00:40:15,765 - INFO - –ù–∞–π–¥–µ–Ω —ç–ª–µ–º–µ–Ω—Ç '12

–í–¢

13

–°–†

14

–ß–¢

15

–ü–¢

16

–°–ë

17

–í–°

18

–ü–ù

19

–í–¢

20

–°–†

21

–ß–¢

22

–ü–¢

23

–°–ë

24

–í–°

25

–ü–ù' —á–µ—Ä–µ–∑ div:has-text("16")
2025-08-13 00:40:15,787 - INFO - –ù–∞–π–¥–µ–Ω —ç–ª–µ–º–µ–Ω—Ç '16

–°–ë' —á–µ—Ä–µ–∑ div:has-text("16")
2025-08-13 00:40:15,808 - INFO - –ù–∞–π–¥–µ–Ω —ç–ª–µ–º–µ–Ω—Ç '16

–°–ë' —á–µ—Ä–µ–∑ div:has-text("16")
2025-08-13 00:40:15,829 - INFO - –ù–∞–π–¥–µ–Ω —ç–ª–µ–º–µ–Ω—Ç '–°—Ç—Ä–∏—Ç–±–æ–ª—å–Ω–∞—è –ø–ª–æ—â–∞–¥–∫–∞

10:00 - 11:30

12:00 - 13:30

14:00 - 15:30

16:00 - 17:30

18:00 - 19:30

20:00 - 21:30' —á–µ—Ä–µ–∑ div:has-text("16")
2025-08-13 00:40:15,850 - INFO - –ù–∞–π–¥–µ–Ω —ç–ª–µ–º–µ–Ω—Ç '10:00 - 11:30

12:00 - 13:30

14:00 - 15:30

16:00 - 17:30

18:00 - 19:30

20:00 - 21:30' —á–µ—Ä–µ–∑ div:has-text("16")
2025-08-13 00:40:15,899 - INFO - –ù–∞–π–¥–µ–Ω —ç–ª–µ–º–µ–Ω—Ç '16' —á–µ—Ä–µ–∑ text="16"
2025-08-13 00:40:16,012 - INFO - –ù–∞–π–¥–µ–Ω —ç–ª–µ–º–µ–Ω—Ç '16' —á–µ—Ä–µ–∑ [class*="day"]
2025-08-13 00:40:16,146 - INFO - –ù–∞–π–¥–µ–Ω —ç–ª–µ–º–µ–Ω—Ç '–ê–í–ì–£–°–¢

12

–í–¢

13

–°–†

14

–ß–¢

15

–ü–¢

16

–°–ë

17

–í–°

18

–ü–ù

19

–í–¢

20

–°–†

21

–ß–¢

22

–ü–¢

23

–°–ë

24

–í–°

25

–ü–ù' —á–µ—Ä–µ–∑ [class*="date"]
2025-08-13 00:40:16,166 - ERROR - Future exception was never retrieved
future: <Future finished exception=TargetClosedError('Target page, context or browser has been closed')>
playwright._impl._errors.TargetClosedError: Target page, context or browser has been closed
2025-08-13 00:40:16,189 - INFO - –ù–∞–π–¥–µ–Ω —ç–ª–µ–º–µ–Ω—Ç '–ê–í–ì–£–°–¢

12

–í–¢

13

–°–†

14

–ß–¢

15

–ü–¢

16

–°–ë

17

–í–°

18

–ü–ù

19

–í–¢

20

–°–†

21

–ß–¢

22

–ü–¢

23

–°–ë

24

–í–°

25

–ü–ù' —á–µ—Ä–µ–∑ [class*="date"]
2025-08-13 00:40:16,229 - INFO - –ù–∞–π–¥–µ–Ω —ç–ª–µ–º–µ–Ω—Ç '16

–°–ë' —á–µ—Ä–µ–∑ [class*="date"]
2025-08-13 00:40:16,346 - INFO - –ü—Ä–æ–±—É–µ–º –∫–ª–∏–∫–Ω—É—Ç—å –ø–æ '–†–∞—Å–ø–∏—Å–∞–Ω–∏–µ
–û –Ω–∞—Å
FAQ
–ö–æ–Ω—Ç–∞–∫—Ç—ã
–õ–ò–ß–ù–´–ô –ö–ê–ë–ò–ù–ï–¢

–°–ï–ì–û–î–ù–Ø 13 –ê–í–ì–£–°–¢–ê, –°–†

–†–ê–°–ü–ò–°–ê–ù–ò–ï

–í—Å–µ —Ä–∞—Å–ø–∏—Å–∞–Ω–∏–µ

–ú–µ—Ä–æ–ø—Ä–∏—è—Ç–∏—è

–ü–ª–æ—â–∞–¥–∫–∏

–õ–æ–∫–µ—Ä—ã

–§–£–¢–ë–û–õ–¨–ù–û–ï –ü–û–õ–ï

–°–¢–†–ò–¢–ë–û–õ–¨–ù–ê–Ø –ü–õ–û–©–ê–î–ö–ê

–ü–ê–î–ï–õ –ö–û–†–¢

–ü–ê–î–ï–õ –ö–û–†–¢ 2

–ê–í–ì–£–°–¢

12

–í–¢

13

–°–†

14

–ß–¢

15

–ü–¢

16

–°–ë

17

–í–°

18

–ü–ù

19

–í–¢

20

–°–†

21

–ß–¢

22

–ü–¢

23

–°–ë

24

–í–°

25

–ü–ù

–°—Ç—Ä–∏—Ç–±–æ–ª—å–Ω–∞—è –ø–ª–æ—â–∞–¥–∫–∞

10:00 - 11:30

12:00 - 13:30

14:00 - 15:30

16:00 - 17:30

18:00 - 19:30

20:00 - 21:30

–°–æ–±—ã—Ç–∏—è
–¢—Ä–µ–Ω–∏—Ä–æ–≤–∫–∏
–ë—Ä–æ–Ω–∏—Ä–æ–≤–∞–Ω–∏–µ –ø–ª–æ—â–∞–¥–æ–∫
–û –Ω–∞—Å
FAQ
–ö–æ–Ω—Ç–∞–∫—Ç—ã
WIN¬†BOX. –ó–î–ï–°–¨ –î–ï–õ–ê–Æ–¢ –†–ê–ó–ù–ò–¶–£.¬†WIN¬†BOX. –ó–î–ï–°–¨ –î–ï–õ–ê–Æ–¢ –†–ê–ó–ù–ò–¶–£.¬†WIN¬†BOX. –ó–î–ï–°–¨ –î–ï–õ–ê–Æ–¢ –†–ê–ó–ù–ò–¶–£.¬†WIN¬†BOX. –ó–î–ï–°–¨ –î–ï–õ–ê–Æ–¢ –†–ê–ó–ù–ò–¶–£.¬†WIN¬†BOX. –ó–î–ï–°–¨ –î–ï–õ–ê–Æ–¢ –†–ê–ó–ù–ò–¶–£.¬†WIN¬†BOX. –ó–î–ï–°–¨ –î–ï–õ–ê–Æ–¢ –†–ê–ó–ù–ò–¶–£.¬†WIN¬†BOX. –ó–î–ï–°–¨ –î–ï–õ–ê–Æ–¢ –†–ê–ó–ù–ò–¶–£.¬†WIN¬†BOX. –ó–î–ï–°–¨ –î–ï–õ–ê–Æ–¢ –†–ê–ó–ù–ò–¶–£.¬†WIN¬†BOX. –ó–î–ï–°–¨ –î–ï–õ–ê–Æ–¢ –†–ê–ó–ù–ò–¶–£.¬†WIN¬†BOX. –ó–î–ï–°–¨ –î–ï–õ–ê–Æ–¢ –†–ê–ó–ù–ò–¶–£.¬†
¬© WIN¬†BOX,¬†2025
18+
–ü–æ–ª–∏—Ç–∏–∫–∞ –∫–æ–Ω—Ñ–∏–¥–µ–Ω—Ü–∏–∞–ª—å–Ω–æ—Å—Ç–∏
–ü–æ–ª—å–∑–æ–≤–∞—Ç–µ–ª—å—Å–∫–æ–µ —Å–æ–≥–ª–∞—à–µ–Ω–∏–µ
–û–û–û ¬´–≠–π —ç–Ω–¥ –≠–π —Å–ø–æ—Ä—Ç—Å (–†–£–°)¬ª
–ò–ù–ù¬†7714443089
–°–¥–µ–ª–∞–Ω–æ ¬†Gocream' (–Ω–∞–π–¥–µ–Ω —á–µ—Ä–µ–∑ div:has-text("16"))
2025-08-13 00:40:19,998 - INFO - –ö–ª–∏–∫ –ø–æ '–†–∞—Å–ø–∏—Å–∞–Ω–∏–µ
–û –Ω–∞—Å
FAQ
–ö–æ–Ω—Ç–∞–∫—Ç—ã
–õ–ò–ß–ù–´–ô –ö–ê–ë–ò–ù–ï–¢

–°–ï–ì–û–î–ù–Ø 13 –ê–í–ì–£–°–¢–ê, –°–†

–†–ê–°–ü–ò–°–ê–ù–ò–ï

–í—Å–µ —Ä–∞—Å–ø–∏—Å–∞–Ω–∏–µ

–ú–µ—Ä–æ–ø—Ä–∏—è—Ç–∏—è

–ü–ª–æ—â–∞–¥–∫–∏

–õ–æ–∫–µ—Ä—ã

–§–£–¢–ë–û–õ–¨–ù–û–ï –ü–û–õ–ï

–°–¢–†–ò–¢–ë–û–õ–¨–ù–ê–Ø –ü–õ–û–©–ê–î–ö–ê

–ü–ê–î–ï–õ –ö–û–†–¢

–ü–ê–î–ï–õ –ö–û–†–¢ 2

–ê–í–ì–£–°–¢

12

–í–¢

13

–°–†

14

–ß–¢

15

–ü–¢

16

–°–ë

17

–í–°

18

–ü–ù

19

–í–¢

20

–°–†

21

–ß–¢

22

–ü–¢

23

–°–ë

24

–í–°

25

–ü–ù

–°—Ç—Ä–∏—Ç–±–æ–ª—å–Ω–∞—è –ø–ª–æ—â–∞–¥–∫–∞

10:00 - 11:30

12:00 - 13:30

14:00 - 15:30

16:00 - 17:30

18:00 - 19:30

20:00 - 21:30

–°–æ–±—ã—Ç–∏—è
–¢—Ä–µ–Ω–∏—Ä–æ–≤–∫–∏
–ë—Ä–æ–Ω–∏—Ä–æ–≤–∞–Ω–∏–µ –ø–ª–æ—â–∞–¥–æ–∫
–û –Ω–∞—Å
FAQ
–ö–æ–Ω—Ç–∞–∫—Ç—ã
WIN¬†BOX. –ó–î–ï–°–¨ –î–ï–õ–ê–Æ–¢ –†–ê–ó–ù–ò–¶–£.¬†WIN¬†BOX. –ó–î–ï–°–¨ –î–ï–õ–ê–Æ–¢ –†–ê–ó–ù–ò–¶–£.¬†WIN¬†BOX. –ó–î–ï–°–¨ –î–ï–õ–ê–Æ–¢ –†–ê–ó–ù–ò–¶–£.¬†WIN¬†BOX. –ó–î–ï–°–¨ –î–ï–õ–ê–Æ–¢ –†–ê–ó–ù–ò–¶–£.¬†WIN¬†BOX. –ó–î–ï–°–¨ –î–ï–õ–ê–Æ–¢ –†–ê–ó–ù–ò–¶–£.¬†WIN¬†BOX. –ó–î–ï–°–¨ –î–ï–õ–ê–Æ–¢ –†–ê–ó–ù–ò–¶–£.¬†WIN¬†BOX. –ó–î–ï–°–¨ –î–ï–õ–ê–Æ–¢ –†–ê–ó–ù–ò–¶–£.¬†WIN¬†BOX. –ó–î–ï–°–¨ –î–ï–õ–ê–Æ–¢ –†–ê–ó–ù–ò–¶–£.¬†WIN¬†BOX. –ó–î–ï–°–¨ –î–ï–õ–ê–Æ–¢ –†–ê–ó–ù–ò–¶–£.¬†WIN¬†BOX. –ó–î–ï–°–¨ –î–ï–õ–ê–Æ–¢ –†–ê–ó–ù–ò–¶–£.¬†
¬© WIN¬†BOX,¬†2025
18+
–ü–æ–ª–∏—Ç–∏–∫–∞ –∫–æ–Ω—Ñ–∏–¥–µ–Ω—Ü–∏–∞–ª—å–Ω–æ—Å—Ç–∏
–ü–æ–ª—å–∑–æ–≤–∞—Ç–µ–ª—å—Å–∫–æ–µ —Å–æ–≥–ª–∞—à–µ–Ω–∏–µ
–û–û–û ¬´–≠–π —ç–Ω–¥ –≠–π —Å–ø–æ—Ä—Ç—Å (–†–£–°)¬ª
–ò–ù–ù¬†7714443089
–°–¥–µ–ª–∞–Ω–æ ¬†Gocream' –Ω–µ –ø—Ä–∏–≤–µ–ª –∫ –æ–∂–∏–¥–∞–µ–º–æ–º—É —Ä–µ–∑—É–ª—å—Ç–∞—Ç—É
2025-08-13 00:40:19,999 - INFO - –ü—Ä–æ–±—É–µ–º –∫–ª–∏–∫–Ω—É—Ç—å –ø–æ '–†–∞—Å–ø–∏—Å–∞–Ω–∏–µ
–û –Ω–∞—Å
FAQ
–ö–æ–Ω—Ç–∞–∫—Ç—ã
–õ–ò–ß–ù–´–ô –ö–ê–ë–ò–ù–ï–¢

–°–ï–ì–û–î–ù–Ø 13 –ê–í–ì–£–°–¢–ê, –°–†

–†–ê–°–ü–ò–°–ê–ù–ò–ï

–í—Å–µ —Ä–∞—Å–ø–∏—Å–∞–Ω–∏–µ

–ú–µ—Ä–æ–ø—Ä–∏—è—Ç–∏—è

–ü–ª–æ—â–∞–¥–∫–∏

–õ–æ–∫–µ—Ä—ã

–§–£–¢–ë–û–õ–¨–ù–û–ï –ü–û–õ–ï

–°–¢–†–ò–¢–ë–û–õ–¨–ù–ê–Ø –ü–õ–û–©–ê–î–ö–ê

–ü–ê–î–ï–õ –ö–û–†–¢

–ü–ê–î–ï–õ –ö–û–†–¢ 2

–ê–í–ì–£–°–¢

12

–í–¢

13

–°–†

14

–ß–¢

15

–ü–¢

16

–°–ë

17

–í–°

18

–ü–ù

19

–í–¢

20

–°–†

21

–ß–¢

22

–ü–¢

23

–°–ë

24

–í–°

25

–ü–ù

–°—Ç—Ä–∏—Ç–±–æ–ª—å–Ω–∞—è –ø–ª–æ—â–∞–¥–∫–∞

10:00 - 11:30

12:00 - 13:30

14:00 - 15:30

16:00 - 17:30

18:00 - 19:30

20:00 - 21:30

–°–æ–±—ã—Ç–∏—è
–¢—Ä–µ–Ω–∏—Ä–æ–≤–∫–∏
–ë—Ä–æ–Ω–∏—Ä–æ–≤–∞–Ω–∏–µ –ø–ª–æ—â–∞–¥–æ–∫
–û –Ω–∞—Å
FAQ
–ö–æ–Ω—Ç–∞–∫—Ç—ã
WIN¬†BOX. –ó–î–ï–°–¨ –î–ï–õ–ê–Æ–¢ –†–ê–ó–ù–ò–¶–£.¬†WIN¬†BOX. –ó–î–ï–°–¨ –î–ï–õ–ê–Æ–¢ –†–ê–ó–ù–ò–¶–£.¬†WIN¬†BOX. –ó–î–ï–°–¨ –î–ï–õ–ê–Æ–¢ –†–ê–ó–ù–ò–¶–£.¬†WIN¬†BOX. –ó–î–ï–°–¨ –î–ï–õ–ê–Æ–¢ –†–ê–ó–ù–ò–¶–£.¬†WIN¬†BOX. –ó–î–ï–°–¨ –î–ï–õ–ê–Æ–¢ –†–ê–ó–ù–ò–¶–£.¬†WIN¬†BOX. –ó–î–ï–°–¨ –î–ï–õ–ê–Æ–¢ –†–ê–ó–ù–ò–¶–£.¬†WIN¬†BOX. –ó–î–ï–°–¨ –î–ï–õ–ê–Æ–¢ –†–ê–ó–ù–ò–¶–£.¬†WIN¬†BOX. –ó–î–ï–°–¨ –î–ï–õ–ê–Æ–¢ –†–ê–ó–ù–ò–¶–£.¬†WIN¬†BOX. –ó–î–ï–°–¨ –î–ï–õ–ê–Æ–¢ –†–ê–ó–ù–ò–¶–£.¬†WIN¬†BOX. –ó–î–ï–°–¨ –î–ï–õ–ê–Æ–¢ –†–ê–ó–ù–ò–¶–£.¬†
¬© WIN¬†BOX,¬†2025
18+
–ü–æ–ª–∏—Ç–∏–∫–∞ –∫–æ–Ω—Ñ–∏–¥–µ–Ω—Ü–∏–∞–ª—å–Ω–æ—Å—Ç–∏
–ü–æ–ª—å–∑–æ–≤–∞—Ç–µ–ª—å—Å–∫–æ–µ —Å–æ–≥–ª–∞—à–µ–Ω–∏–µ
–û–û–û ¬´–≠–π —ç–Ω–¥ –≠–π —Å–ø–æ—Ä—Ç—Å (–†–£–°)¬ª
–ò–ù–ù¬†7714443089
–°–¥–µ–ª–∞–Ω–æ ¬†Gocream' (–Ω–∞–π–¥–µ–Ω —á–µ—Ä–µ–∑ div:has-text("16"))
2025-08-13 00:40:23,614 - INFO - –ö–ª–∏–∫ –ø–æ '–†–∞—Å–ø–∏—Å–∞–Ω–∏–µ
–û –Ω–∞—Å
FAQ
–ö–æ–Ω—Ç–∞–∫—Ç—ã
–õ–ò–ß–ù–´–ô –ö–ê–ë–ò–ù–ï–¢

–°–ï–ì–û–î–ù–Ø 13 –ê–í–ì–£–°–¢–ê, –°–†

–†–ê–°–ü–ò–°–ê–ù–ò–ï

–í—Å–µ —Ä–∞—Å–ø–∏—Å–∞–Ω–∏–µ

–ú–µ—Ä–æ–ø—Ä–∏—è—Ç–∏—è

–ü–ª–æ—â–∞–¥–∫–∏

–õ–æ–∫–µ—Ä—ã

–§–£–¢–ë–û–õ–¨–ù–û–ï –ü–û–õ–ï

–°–¢–†–ò–¢–ë–û–õ–¨–ù–ê–Ø –ü–õ–û–©–ê–î–ö–ê

–ü–ê–î–ï–õ –ö–û–†–¢

–ü–ê–î–ï–õ –ö–û–†–¢ 2

–ê–í–ì–£–°–¢

12

–í–¢

13

–°–†

14

–ß–¢

15

–ü–¢

16

–°–ë

17

–í–°

18

–ü–ù

19

–í–¢

20

–°–†

21

–ß–¢

22

–ü–¢

23

–°–ë

24

–í–°

25

–ü–ù

–°—Ç—Ä–∏—Ç–±–æ–ª—å–Ω–∞—è –ø–ª–æ—â–∞–¥–∫–∞

10:00 - 11:30

12:00 - 13:30

14:00 - 15:30

16:00 - 17:30

18:00 - 19:30

20:00 - 21:30

–°–æ–±—ã—Ç–∏—è
–¢—Ä–µ–Ω–∏—Ä–æ–≤–∫–∏
–ë—Ä–æ–Ω–∏—Ä–æ–≤–∞–Ω–∏–µ –ø–ª–æ—â–∞–¥–æ–∫
–û –Ω–∞—Å
FAQ
–ö–æ–Ω—Ç–∞–∫—Ç—ã
WIN¬†BOX. –ó–î–ï–°–¨ –î–ï–õ–ê–Æ–¢ –†–ê–ó–ù–ò–¶–£.¬†WIN¬†BOX. –ó–î–ï–°–¨ –î–ï–õ–ê–Æ–¢ –†–ê–ó–ù–ò–¶–£.¬†WIN¬†BOX. –ó–î–ï–°–¨ –î–ï–õ–ê–Æ–¢ –†–ê–ó–ù–ò–¶–£.¬†WIN¬†BOX. –ó–î–ï–°–¨ –î–ï–õ–ê–Æ–¢ –†–ê–ó–ù–ò–¶–£.¬†WIN¬†BOX. –ó–î–ï–°–¨ –î–ï–õ–ê–Æ–¢ –†–ê–ó–ù–ò–¶–£.¬†WIN¬†BOX. –ó–î–ï–°–¨ –î–ï–õ–ê–Æ–¢ –†–ê–ó–ù–ò–¶–£.¬†WIN¬†BOX. –ó–î–ï–°–¨ –î–ï–õ–ê–Æ–¢ –†–ê–ó–ù–ò–¶–£.¬†WIN¬†BOX. –ó–î–ï–°–¨ –î–ï–õ–ê–Æ–¢ –†–ê–ó–ù–ò–¶–£.¬†WIN¬†BOX. –ó–î–ï–°–¨ –î–ï–õ–ê–Æ–¢ –†–ê–ó–ù–ò–¶–£.¬†WIN¬†BOX. –ó–î–ï–°–¨ –î–ï–õ–ê–Æ–¢ –†–ê–ó–ù–ò–¶–£.¬†
¬© WIN¬†BOX,¬†2025
18+
–ü–æ–ª–∏—Ç–∏–∫–∞ –∫–æ–Ω—Ñ–∏–¥–µ–Ω—Ü–∏–∞–ª—å–Ω–æ—Å—Ç–∏
–ü–æ–ª—å–∑–æ–≤–∞—Ç–µ–ª—å—Å–∫–æ–µ —Å–æ–≥–ª–∞—à–µ–Ω–∏–µ
–û–û–û ¬´–≠–π —ç–Ω–¥ –≠–π —Å–ø–æ—Ä—Ç—Å (–†–£–°)¬ª
–ò–ù–ù¬†7714443089
–°–¥–µ–ª–∞–Ω–æ ¬†Gocream' –Ω–µ –ø—Ä–∏–≤–µ–ª –∫ –æ–∂–∏–¥–∞–µ–º–æ–º—É —Ä–µ–∑—É–ª—å—Ç–∞—Ç—É
2025-08-13 00:40:23,616 - INFO - –ü—Ä–æ–±—É–µ–º –∫–ª–∏–∫–Ω—É—Ç—å –ø–æ '–°–ï–ì–û–î–ù–Ø 13 –ê–í–ì–£–°–¢–ê, –°–†

–†–ê–°–ü–ò–°–ê–ù–ò–ï

–í—Å–µ —Ä–∞—Å–ø–∏—Å–∞–Ω–∏–µ

–ú–µ—Ä–æ–ø—Ä–∏—è—Ç–∏—è

–ü–ª–æ—â–∞–¥–∫–∏

–õ–æ–∫–µ—Ä—ã

–§–£–¢–ë–û–õ–¨–ù–û–ï –ü–û–õ–ï

–°–¢–†–ò–¢–ë–û–õ–¨–ù–ê–Ø –ü–õ–û–©–ê–î–ö–ê

–ü–ê–î–ï–õ –ö–û–†–¢

–ü–ê–î–ï–õ –ö–û–†–¢ 2

–ê–í–ì–£–°–¢

12

–í–¢

13

–°–†

14

–ß–¢

15

–ü–¢

16

–°–ë

17

–í–°

18

–ü–ù

19

–í–¢

20

–°–†

21

–ß–¢

22

–ü–¢

23

–°–ë

24

–í–°

25

–ü–ù

–°—Ç—Ä–∏—Ç–±–æ–ª—å–Ω–∞—è –ø–ª–æ—â–∞–¥–∫–∞

10:00 - 11:30

12:00 - 13:30

14:00 - 15:30

16:00 - 17:30

18:00 - 19:30

20:00 - 21:30' (–Ω–∞–π–¥–µ–Ω —á–µ—Ä–µ–∑ div:has-text("16"))
2025-08-13 00:40:27,224 - INFO - –ö–ª–∏–∫ –ø–æ '–°–ï–ì–û–î–ù–Ø 13 –ê–í–ì–£–°–¢–ê, –°–†

–†–ê–°–ü–ò–°–ê–ù–ò–ï

–í—Å–µ —Ä–∞—Å–ø–∏—Å–∞–Ω–∏–µ

–ú–µ—Ä–æ–ø—Ä–∏—è—Ç–∏—è

–ü–ª–æ—â–∞–¥–∫–∏

–õ–æ–∫–µ—Ä—ã

–§–£–¢–ë–û–õ–¨–ù–û–ï –ü–û–õ–ï

–°–¢–†–ò–¢–ë–û–õ–¨–ù–ê–Ø –ü–õ–û–©–ê–î–ö–ê

–ü–ê–î–ï–õ –ö–û–†–¢

–ü–ê–î–ï–õ –ö–û–†–¢ 2

–ê–í–ì–£–°–¢

12

–í–¢

13

–°–†

14

–ß–¢

15

–ü–¢

16

–°–ë

17

–í–°

18

–ü–ù

19

–í–¢

20

–°–†

21

–ß–¢

22

–ü–¢

23

–°–ë

24

–í–°

25

–ü–ù

–°—Ç—Ä–∏—Ç–±–æ–ª—å–Ω–∞—è –ø–ª–æ—â–∞–¥–∫–∞

10:00 - 11:30

12:00 - 13:30

14:00 - 15:30

16:00 - 17:30

18:00 - 19:30

20:00 - 21:30' –Ω–µ –ø—Ä–∏–≤–µ–ª –∫ –æ–∂–∏–¥–∞–µ–º–æ–º—É —Ä–µ–∑—É–ª—å—Ç–∞—Ç—É
2025-08-13 00:40:27,225 - INFO - –ü—Ä–æ–±—É–µ–º –∫–ª–∏–∫–Ω—É—Ç—å –ø–æ '–í—Å–µ —Ä–∞—Å–ø–∏—Å–∞–Ω–∏–µ

–ú–µ—Ä–æ–ø—Ä–∏—è—Ç–∏—è

–ü–ª–æ—â–∞–¥–∫–∏

–õ–æ–∫–µ—Ä—ã

–§–£–¢–ë–û–õ–¨–ù–û–ï –ü–û–õ–ï

–°–¢–†–ò–¢–ë–û–õ–¨–ù–ê–Ø –ü–õ–û–©–ê–î–ö–ê

–ü–ê–î–ï–õ –ö–û–†–¢

–ü–ê–î–ï–õ –ö–û–†–¢ 2

–ê–í–ì–£–°–¢

12

–í–¢

13

–°–†

14

–ß–¢

15

–ü–¢

16

–°–ë

17

–í–°

18

–ü–ù

19

–í–¢

20

–°–†

21

–ß–¢

22

–ü–¢

23

–°–ë

24

–í–°

25

–ü–ù

–°—Ç—Ä–∏—Ç–±–æ–ª—å–Ω–∞—è –ø–ª–æ—â–∞–¥–∫–∞

10:00 - 11:30

12:00 - 13:30

14:00 - 15:30

16:00 - 17:30

18:00 - 19:30

20:00 - 21:30' (–Ω–∞–π–¥–µ–Ω —á–µ—Ä–µ–∑ div:has-text("16"))
2025-08-13 00:40:30,884 - INFO - –ö–ª–∏–∫ –ø–æ '–í—Å–µ —Ä–∞—Å–ø–∏—Å–∞–Ω–∏–µ

–ú–µ—Ä–æ–ø—Ä–∏—è—Ç–∏—è

–ü–ª–æ—â–∞–¥–∫–∏

–õ–æ–∫–µ—Ä—ã

–§–£–¢–ë–û–õ–¨–ù–û–ï –ü–û–õ–ï

–°–¢–†–ò–¢–ë–û–õ–¨–ù–ê–Ø –ü–õ–û–©–ê–î–ö–ê

–ü–ê–î–ï–õ –ö–û–†–¢

–ü–ê–î–ï–õ –ö–û–†–¢ 2

–ê–í–ì–£–°–¢

12

–í–¢

13

–°–†

14

–ß–¢

15

–ü–¢

16

–°–ë

17

–í–°

18

–ü–ù

19

–í–¢

20

–°–†

21

–ß–¢

22

–ü–¢

23

–°–ë

24

–í–°

25

–ü–ù

–°—Ç—Ä–∏—Ç–±–æ–ª—å–Ω–∞—è –ø–ª–æ—â–∞–¥–∫–∞

10:00 - 11:30

12:00 - 13:30

14:00 - 15:30

16:00 - 17:30

18:00 - 19:30

20:00 - 21:30' –Ω–µ –ø—Ä–∏–≤–µ–ª –∫ –æ–∂–∏–¥–∞–µ–º–æ–º—É —Ä–µ–∑—É–ª—å—Ç–∞—Ç—É
2025-08-13 00:40:30,886 - INFO - –ü—Ä–æ–±—É–µ–º –∫–ª–∏–∫–Ω—É—Ç—å –ø–æ '–ê–í–ì–£–°–¢

12

–í–¢

13

–°–†

14

–ß–¢

15

–ü–¢

16

–°–ë

17

–í–°

18

–ü–ù

19

–í–¢

20

–°–†

21

–ß–¢

22

–ü–¢

23

–°–ë

24

–í–°

25

–ü–ù' (–Ω–∞–π–¥–µ–Ω —á–µ—Ä–µ–∑ div:has-text("16"))
2025-08-13 00:40:34,504 - INFO - –ö–ª–∏–∫ –ø–æ '–ê–í–ì–£–°–¢

12

–í–¢

13

–°–†

14

–ß–¢

15

–ü–¢

16

–°–ë

17

–í–°

18

–ü–ù

19

–í–¢

20

–°–†

21

–ß–¢

22

–ü–¢

23

–°–ë

24

–í–°

25

–ü–ù' –Ω–µ –ø—Ä–∏–≤–µ–ª –∫ –æ–∂–∏–¥–∞–µ–º–æ–º—É —Ä–µ–∑—É–ª—å—Ç–∞—Ç—É
2025-08-13 00:40:34,506 - INFO - –ü—Ä–æ–±—É–µ–º –∫–ª–∏–∫–Ω—É—Ç—å –ø–æ '–ê–í–ì–£–°–¢

12

–í–¢

13

–°–†

14

–ß–¢

15

–ü–¢

16

–°–ë

17

–í–°

18

–ü–ù

19

–í–¢

20

–°–†

21

–ß–¢

22

–ü–¢

23

–°–ë

24

–í–°

25

–ü–ù' (–Ω–∞–π–¥–µ–Ω —á–µ—Ä–µ–∑ div:has-text("16"))
2025-08-13 00:40:38,133 - INFO - –ö–ª–∏–∫ –ø–æ '–ê–í–ì–£–°–¢

12

–í–¢

13

–°–†

14

–ß–¢

15

–ü–¢

16

–°–ë

17

–í–°

18

–ü–ù

19

–í–¢

20

–°–†

21

–ß–¢

22

–ü–¢

23

–°–ë

24

–í–°

25

–ü–ù' –Ω–µ –ø—Ä–∏–≤–µ–ª –∫ –æ–∂–∏–¥–∞–µ–º–æ–º—É —Ä–µ–∑—É–ª—å—Ç–∞—Ç—É
2025-08-13 00:40:38,135 - INFO - –ü—Ä–æ–±—É–µ–º –∫–ª–∏–∫–Ω—É—Ç—å –ø–æ '–ê–í–ì–£–°–¢

12

–í–¢

13

–°–†

14

–ß–¢

15

–ü–¢

16

–°–ë

17

–í–°

18

–ü–ù

19

–í–¢

20

–°–†

21

–ß–¢

22

–ü–¢

23

–°–ë

24

–í–°

25

–ü–ù' (–Ω–∞–π–¥–µ–Ω —á–µ—Ä–µ–∑ div:has-text("16"))
2025-08-13 00:40:41,778 - INFO - –ö–ª–∏–∫ –ø–æ '–ê–í–ì–£–°–¢

12

–í–¢

13

–°–†

14

–ß–¢

15

–ü–¢

16

–°–ë

17

–í–°

18

–ü–ù

19

–í–¢

20

–°–†

21

–ß–¢

22

–ü–¢

23

–°–ë

24

–í–°

25

–ü–ù' –Ω–µ –ø—Ä–∏–≤–µ–ª –∫ –æ–∂–∏–¥–∞–µ–º–æ–º—É —Ä–µ–∑—É–ª—å—Ç–∞—Ç—É
2025-08-13 00:40:41,780 - INFO - –ü—Ä–æ–±—É–µ–º –∫–ª–∏–∫–Ω—É—Ç—å –ø–æ '12

–í–¢

13

–°–†

14

–ß–¢

15

–ü–¢

16

–°–ë

17

–í–°

18

–ü–ù

19

–í–¢

20

–°–†

21

–ß–¢

22

–ü–¢

23

–°–ë

24

–í–°

25

–ü–ù' (–Ω–∞–π–¥–µ–Ω —á–µ—Ä–µ–∑ div:has-text("16"))
2025-08-13 00:40:45,390 - INFO - –ö–ª–∏–∫ –ø–æ '12

–í–¢

13

–°–†

14

–ß–¢

15

–ü–¢

16

–°–ë

17

–í–°

18

–ü–ù

19

–í–¢

20

–°–†

21

–ß–¢

22

–ü–¢

23

–°–ë

24

–í–°

25

–ü–ù' –Ω–µ –ø—Ä–∏–≤–µ–ª –∫ –æ–∂–∏–¥–∞–µ–º–æ–º—É —Ä–µ–∑—É–ª—å—Ç–∞—Ç—É
2025-08-13 00:40:45,391 - INFO - –ü—Ä–æ–±—É–µ–º –∫–ª–∏–∫–Ω—É—Ç—å –ø–æ '16

–°–ë' (–Ω–∞–π–¥–µ–Ω —á–µ—Ä–µ–∑ div:has-text("16"))
2025-08-13 00:40:49,046 - INFO - –ö–ª–∏–∫ –ø–æ '16

–°–ë' –Ω–µ –ø—Ä–∏–≤–µ–ª –∫ –æ–∂–∏–¥–∞–µ–º–æ–º—É —Ä–µ–∑—É–ª—å—Ç–∞—Ç—É
2025-08-13 00:40:49,047 - INFO - –ü—Ä–æ–±—É–µ–º –∫–ª–∏–∫–Ω—É—Ç—å –ø–æ '16

–°–ë' (–Ω–∞–π–¥–µ–Ω —á–µ—Ä–µ–∑ div:has-text("16"))
2025-08-13 00:40:52,658 - INFO - –ö–ª–∏–∫ –ø–æ '16

–°–ë' –Ω–µ –ø—Ä–∏–≤–µ–ª –∫ –æ–∂–∏–¥–∞–µ–º–æ–º—É —Ä–µ–∑—É–ª—å—Ç–∞—Ç—É
2025-08-13 00:40:52,659 - INFO - –ü—Ä–æ–±—É–µ–º –∫–ª–∏–∫–Ω—É—Ç—å –ø–æ '–°—Ç—Ä–∏—Ç–±–æ–ª—å–Ω–∞—è –ø–ª–æ—â–∞–¥–∫–∞

10:00 - 11:30

12:00 - 13:30

14:00 - 15:30

16:00 - 17:30

18:00 - 19:30

20:00 - 21:30' (–Ω–∞–π–¥–µ–Ω —á–µ—Ä–µ–∑ div:has-text("16"))
2025-08-13 00:40:56,312 - INFO - –ö–ª–∏–∫ –ø–æ '–°—Ç—Ä–∏—Ç–±–æ–ª—å–Ω–∞—è –ø–ª–æ—â–∞–¥–∫–∞

10:00 - 11:30

12:00 - 13:30

14:00 - 15:30

16:00 - 17:30

18:00 - 19:30

20:00 - 21:30' –Ω–µ –ø—Ä–∏–≤–µ–ª –∫ –æ–∂–∏–¥–∞–µ–º–æ–º—É —Ä–µ–∑—É–ª—å—Ç–∞—Ç—É
2025-08-13 00:40:56,313 - INFO - –ü—Ä–æ–±—É–µ–º –∫–ª–∏–∫–Ω—É—Ç—å –ø–æ '10:00 - 11:30

12:00 - 13:30

14:00 - 15:30

16:00 - 17:30

18:00 - 19:30

20:00 - 21:30' (–Ω–∞–π–¥–µ–Ω —á–µ—Ä–µ–∑ div:has-text("16"))
2025-08-13 00:40:59,934 - INFO - –ö–ª–∏–∫ –ø–æ '10:00 - 11:30

12:00 - 13:30

14:00 - 15:30

16:00 - 17:30

18:00 - 19:30

20:00 - 21:30' –Ω–µ –ø—Ä–∏–≤–µ–ª –∫ –æ–∂–∏–¥–∞–µ–º–æ–º—É —Ä–µ–∑—É–ª—å—Ç–∞—Ç—É
2025-08-13 00:40:59,935 - INFO - –ü—Ä–æ–±—É–µ–º –∫–ª–∏–∫–Ω—É—Ç—å –ø–æ '16' (–Ω–∞–π–¥–µ–Ω —á–µ—Ä–µ–∑ text="16")
2025-08-13 00:41:03,550 - INFO - –ö–ª–∏–∫ –ø–æ '16' –Ω–µ –ø—Ä–∏–≤–µ–ª –∫ –æ–∂–∏–¥–∞–µ–º–æ–º—É —Ä–µ–∑—É–ª—å—Ç–∞—Ç—É
2025-08-13 00:41:03,550 - INFO - –ü—Ä–æ–±—É–µ–º –∫–ª–∏–∫–Ω—É—Ç—å –ø–æ '16' (–Ω–∞–π–¥–µ–Ω —á–µ—Ä–µ–∑ [class*="day"])
2025-08-13 00:41:07,174 - INFO - –ö–ª–∏–∫ –ø–æ '16' –Ω–µ –ø—Ä–∏–≤–µ–ª –∫ –æ–∂–∏–¥–∞–µ–º–æ–º—É —Ä–µ–∑—É–ª—å—Ç–∞—Ç—É
2025-08-13 00:41:07,174 - INFO - –ü—Ä–æ–±—É–µ–º –∫–ª–∏–∫–Ω—É—Ç—å –ø–æ '–ê–í–ì–£–°–¢

12

–í–¢

13

–°–†

14

–ß–¢

15

–ü–¢

16

–°–ë

17

–í–°

18

–ü–ù

19

–í–¢

20

–°–†

21

–ß–¢

22

–ü–¢

23

–°–ë

24

–í–°

25

–ü–ù' (–Ω–∞–π–¥–µ–Ω —á–µ—Ä–µ–∑ [class*="date"])
2025-08-13 00:41:10,795 - INFO - –ö–ª–∏–∫ –ø–æ '–ê–í–ì–£–°–¢

12

–í–¢

13

–°–†

14

–ß–¢

15

–ü–¢

16

–°–ë

17

–í–°

18

–ü–ù

19

–í–¢

20

–°–†

21

–ß–¢

22

–ü–¢

23

–°–ë

24

–í–°

25

–ü–ù' –Ω–µ –ø—Ä–∏–≤–µ–ª –∫ –æ–∂–∏–¥–∞–µ–º–æ–º—É —Ä–µ–∑—É–ª—å—Ç–∞—Ç—É
2025-08-13 00:41:10,796 - INFO - –ü—Ä–æ–±—É–µ–º –∫–ª–∏–∫–Ω—É—Ç—å –ø–æ '–ê–í–ì–£–°–¢

12

–í–¢

13

–°–†

14

–ß–¢

15

–ü–¢

16

–°–ë

17

–í–°

18

–ü–ù

19

–í–¢

20

–°–†

21

–ß–¢

22

–ü–¢

23

–°–ë

24

–í–°

25

–ü–ù' (–Ω–∞–π–¥–µ–Ω —á–µ—Ä–µ–∑ [class*="date"])
2025-08-13 00:41:14,422 - INFO - –ö–ª–∏–∫ –ø–æ '–ê–í–ì–£–°–¢

12

–í–¢

13

–°–†

14

–ß–¢

15

–ü–¢

16

–°–ë

17

–í–°

18

–ü–ù

19

–í–¢

20

–°–†

21

–ß–¢

22

–ü–¢

23

–°–ë

24

–í–°

25

–ü–ù' –Ω–µ –ø—Ä–∏–≤–µ–ª –∫ –æ–∂–∏–¥–∞–µ–º–æ–º—É —Ä–µ–∑—É–ª—å—Ç–∞—Ç—É
2025-08-13 00:41:14,423 - INFO - –ü—Ä–æ–±—É–µ–º –∫–ª–∏–∫–Ω—É—Ç—å –ø–æ '16

–°–ë' (–Ω–∞–π–¥–µ–Ω —á–µ—Ä–µ–∑ [class*="date"])
2025-08-13 00:41:18,047 - INFO - –ö–ª–∏–∫ –ø–æ '16

–°–ë' –Ω–µ –ø—Ä–∏–≤–µ–ª –∫ –æ–∂–∏–¥–∞–µ–º–æ–º—É —Ä–µ–∑—É–ª—å—Ç–∞—Ç—É
2025-08-13 00:41:18,047 - INFO - –ù–µ —É–¥–∞–ª–æ—Å—å –≤—ã–±—Ä–∞—Ç—å –¥–∞—Ç—É 16
2025-08-13 00:41:18,049 - INFO - –ü–æ–ø—ã—Ç–∫–∞ 1: –ù–ï –ù–ê–ô–î–ï–ù–û
2025-08-13 00:41:18,050 - INFO - –†–ï–ó–£–õ–¨–¢–ê–¢ –¥–ª—è –¥–∞—Ç—ã 16: 0/1 —É—Å–ø–µ—à–Ω—ã—Ö –ø—Ä–æ–≤–µ—Ä–æ–∫ (0.0%)
2025-08-13 00:41:18,050 - INFO - –î–µ—Ç–∞–ª–∏: [False]
2025-08-13 00:41:18,050 - INFO - –î–∞—Ç–∞ 16: –ù–ï –ü–û–î–¢–í–ï–†–ñ–î–ï–ù–ê (0 < 1)
2025-08-13 00:41:18,051 - INFO - –¢–†–û–ô–ù–ê–Ø –ü–†–û–í–ï–†–ö–ê –¥–∞—Ç—ã 17 (1 –ø–æ–ø—ã—Ç–æ–∫)...
2025-08-13 00:41:18,051 - INFO - –ü–æ–ø—ã—Ç–∫–∞ 1/1 –¥–ª—è –¥–∞—Ç—ã 17...
2025-08-13 00:41:18,051 - INFO - –ü—Ä–æ–≤–µ—Ä—è–µ–º –¥–∞—Ç—É 17 –¥–ª—è Winbox –ë–∞—Å–∫–µ—Ç–±–æ–ª...
2025-08-13 00:41:18,052 - INFO - –í—ã–±–∏—Ä–∞–µ–º –¥–∞—Ç—É 17...
2025-08-13 00:41:19,104 - INFO - –ù–∞–π–¥–µ–Ω —ç–ª–µ–º–µ–Ω—Ç '–†–∞—Å–ø–∏—Å–∞–Ω–∏–µ
–û –Ω–∞—Å
FAQ
–ö–æ–Ω—Ç–∞–∫—Ç—ã
–õ–ò–ß–ù–´–ô –ö–ê–ë–ò–ù–ï–¢

–°–ï–ì–û–î–ù–Ø 13 –ê–í–ì–£–°–¢–ê, –°–†

–†–ê–°–ü–ò–°–ê–ù–ò–ï

–í—Å–µ —Ä–∞—Å–ø–∏—Å–∞–Ω–∏–µ

–ú–µ—Ä–æ–ø—Ä–∏—è—Ç–∏—è

–ü–ª–æ—â–∞–¥–∫–∏

–õ–æ–∫–µ—Ä—ã

–§–£–¢–ë–û–õ–¨–ù–û–ï –ü–û–õ–ï

–°–¢–†–ò–¢–ë–û–õ–¨–ù–ê–Ø –ü–õ–û–©–ê–î–ö–ê

–ü–ê–î–ï–õ –ö–û–†–¢

–ü–ê–î–ï–õ –ö–û–†–¢ 2

–ê–í–ì–£–°–¢

12

–í–¢

13

–°–†

14

–ß–¢

15

–ü–¢

16

–°–ë

17

–í–°

18

–ü–ù

19

–í–¢

20

–°–†

21

–ß–¢

22

–ü–¢

23

–°–ë

24

–í–°

25

–ü–ù

–°—Ç—Ä–∏—Ç–±–æ–ª—å–Ω–∞—è –ø–ª–æ—â–∞–¥–∫–∞

10:00 - 11:30

12:00 - 13:30

14:00 - 15:30

16:00 - 17:30

18:00 - 19:30

20:00 - 21:30

–°–æ–±—ã—Ç–∏—è
–¢—Ä–µ–Ω–∏—Ä–æ–≤–∫–∏
–ë—Ä–æ–Ω–∏—Ä–æ–≤–∞–Ω–∏–µ –ø–ª–æ—â–∞–¥–æ–∫
–û –Ω–∞—Å
FAQ
–ö–æ–Ω—Ç–∞–∫—Ç—ã
WIN¬†BOX. –ó–î–ï–°–¨ –î–ï–õ–ê–Æ–¢ –†–ê–ó–ù–ò–¶–£.¬†WIN¬†BOX. –ó–î–ï–°–¨ –î–ï–õ–ê–Æ–¢ –†–ê–ó–ù–ò–¶–£.¬†WIN¬†BOX. –ó–î–ï–°–¨ –î–ï–õ–ê–Æ–¢ –†–ê–ó–ù–ò–¶–£.¬†WIN¬†BOX. –ó–î–ï–°–¨ –î–ï–õ–ê–Æ–¢ –†–ê–ó–ù–ò–¶–£.¬†WIN¬†BOX. –ó–î–ï–°–¨ –î–ï–õ–ê–Æ–¢ –†–ê–ó–ù–ò–¶–£.¬†WIN¬†BOX. –ó–î–ï–°–¨ –î–ï–õ–ê–Æ–¢ –†–ê–ó–ù–ò–¶–£.¬†WIN¬†BOX. –ó–î–ï–°–¨ –î–ï–õ–ê–Æ–¢ –†–ê–ó–ù–ò–¶–£.¬†WIN¬†BOX. –ó–î–ï–°–¨ –î–ï–õ–ê–Æ–¢ –†–ê–ó–ù–ò–¶–£.¬†WIN¬†BOX. –ó–î–ï–°–¨ –î–ï–õ–ê–Æ–¢ –†–ê–ó–ù–ò–¶–£.¬†WIN¬†BOX. –ó–î–ï–°–¨ –î–ï–õ–ê–Æ–¢ –†–ê–ó–ù–ò–¶–£.¬†
¬© WIN¬†BOX,¬†2025
18+
–ü–æ–ª–∏—Ç–∏–∫–∞ –∫–æ–Ω—Ñ–∏–¥–µ–Ω—Ü–∏–∞–ª—å–Ω–æ—Å—Ç–∏
–ü–æ–ª—å–∑–æ–≤–∞—Ç–µ–ª—å—Å–∫–æ–µ —Å–æ–≥–ª–∞—à–µ–Ω–∏–µ
–û–û–û ¬´–≠–π —ç–Ω–¥ –≠–π —Å–ø–æ—Ä—Ç—Å (–†–£–°)¬ª
–ò–ù–ù¬†7714443089
–°–¥–µ–ª–∞–Ω–æ ¬†Gocream' —á–µ—Ä–µ–∑ div:has-text("17")
2025-08-13 00:41:19,126 - INFO - –ù–∞–π–¥–µ–Ω —ç–ª–µ–º–µ–Ω—Ç '–†–∞—Å–ø–∏—Å–∞–Ω–∏–µ
–û –Ω–∞—Å
FAQ
–ö–æ–Ω—Ç–∞–∫—Ç—ã
–õ–ò–ß–ù–´–ô –ö–ê–ë–ò–ù–ï–¢

–°–ï–ì–û–î–ù–Ø 13 –ê–í–ì–£–°–¢–ê, –°–†

–†–ê–°–ü–ò–°–ê–ù–ò–ï

–í—Å–µ —Ä–∞—Å–ø–∏—Å–∞–Ω–∏–µ

–ú–µ—Ä–æ–ø—Ä–∏—è—Ç–∏—è

–ü–ª–æ—â–∞–¥–∫–∏

–õ–æ–∫–µ—Ä—ã

–§–£–¢–ë–û–õ–¨–ù–û–ï –ü–û–õ–ï

–°–¢–†–ò–¢–ë–û–õ–¨–ù–ê–Ø –ü–õ–û–©–ê–î–ö–ê

–ü–ê–î–ï–õ –ö–û–†–¢

–ü–ê–î–ï–õ –ö–û–†–¢ 2

–ê–í–ì–£–°–¢

12

–í–¢

13

–°–†

14

–ß–¢

15

–ü–¢

16

–°–ë

17

–í–°

18

–ü–ù

19

–í–¢

20

–°–†

21

–ß–¢

22

–ü–¢

23

–°–ë

24

–í–°

25

–ü–ù

–°—Ç—Ä–∏—Ç–±–æ–ª—å–Ω–∞—è –ø–ª–æ—â–∞–¥–∫–∞

10:00 - 11:30

12:00 - 13:30

14:00 - 15:30

16:00 - 17:30

18:00 - 19:30

20:00 - 21:30

–°–æ–±—ã—Ç–∏—è
–¢—Ä–µ–Ω–∏—Ä–æ–≤–∫–∏
–ë—Ä–æ–Ω–∏—Ä–æ–≤–∞–Ω–∏–µ –ø–ª–æ—â–∞–¥–æ–∫
–û –Ω–∞—Å
FAQ
–ö–æ–Ω—Ç–∞–∫—Ç—ã
WIN¬†BOX. –ó–î–ï–°–¨ –î–ï–õ–ê–Æ–¢ –†–ê–ó–ù–ò–¶–£.¬†WIN¬†BOX. –ó–î–ï–°–¨ –î–ï–õ–ê–Æ–¢ –†–ê–ó–ù–ò–¶–£.¬†WIN¬†BOX. –ó–î–ï–°–¨ –î–ï–õ–ê–Æ–¢ –†–ê–ó–ù–ò–¶–£.¬†WIN¬†BOX. –ó–î–ï–°–¨ –î–ï–õ–ê–Æ–¢ –†–ê–ó–ù–ò–¶–£.¬†WIN¬†BOX. –ó–î–ï–°–¨ –î–ï–õ–ê–Æ–¢ –†–ê–ó–ù–ò–¶–£.¬†WIN¬†BOX. –ó–î–ï–°–¨ –î–ï–õ–ê–Æ–¢ –†–ê–ó–ù–ò–¶–£.¬†WIN¬†BOX. –ó–î–ï–°–¨ –î–ï–õ–ê–Æ–¢ –†–ê–ó–ù–ò–¶–£.¬†WIN¬†BOX. –ó–î–ï–°–¨ –î–ï–õ–ê–Æ–¢ –†–ê–ó–ù–ò–¶–£.¬†WIN¬†BOX. –ó–î–ï–°–¨ –î–ï–õ–ê–Æ–¢ –†–ê–ó–ù–ò–¶–£.¬†WIN¬†BOX. –ó–î–ï–°–¨ –î–ï–õ–ê–Æ–¢ –†–ê–ó–ù–ò–¶–£.¬†
¬© WIN¬†BOX,¬†2025
18+
–ü–æ–ª–∏—Ç–∏–∫–∞ –∫–æ–Ω—Ñ–∏–¥–µ–Ω—Ü–∏–∞–ª—å–Ω–æ—Å—Ç–∏
–ü–æ–ª—å–∑–æ–≤–∞—Ç–µ–ª—å—Å–∫–æ–µ —Å–æ–≥–ª–∞—à–µ–Ω–∏–µ
–û–û–û ¬´–≠–π —ç–Ω–¥ –≠–π —Å–ø–æ—Ä—Ç—Å (–†–£–°)¬ª
–ò–ù–ù¬†7714443089
–°–¥–µ–ª–∞–Ω–æ ¬†Gocream' —á–µ—Ä–µ–∑ div:has-text("17")
2025-08-13 00:41:19,149 - INFO - –ù–∞–π–¥–µ–Ω —ç–ª–µ–º–µ–Ω—Ç '–°–ï–ì–û–î–ù–Ø 13 –ê–í–ì–£–°–¢–ê, –°–†

–†–ê–°–ü–ò–°–ê–ù–ò–ï

–í—Å–µ —Ä–∞—Å–ø–∏—Å–∞–Ω–∏–µ

–ú–µ—Ä–æ–ø—Ä–∏—è—Ç–∏—è

–ü–ª–æ—â–∞–¥–∫–∏

–õ–æ–∫–µ—Ä—ã

–§–£–¢–ë–û–õ–¨–ù–û–ï –ü–û–õ–ï

–°–¢–†–ò–¢–ë–û–õ–¨–ù–ê–Ø –ü–õ–û–©–ê–î–ö–ê

–ü–ê–î–ï–õ –ö–û–†–¢

–ü–ê–î–ï–õ –ö–û–†–¢ 2

–ê–í–ì–£–°–¢

12

–í–¢

13

–°–†

14

–ß–¢

15

–ü–¢

16

–°–ë

17

–í–°

18

–ü–ù

19

–í–¢

20

–°–†

21

–ß–¢

22

–ü–¢

23

–°–ë

24

–í–°

25

–ü–ù

–°—Ç—Ä–∏—Ç–±–æ–ª—å–Ω–∞—è –ø–ª–æ—â–∞–¥–∫–∞

10:00 - 11:30

12:00 - 13:30

14:00 - 15:30

16:00 - 17:30

18:00 - 19:30

20:00 - 21:30' —á–µ—Ä–µ–∑ div:has-text("17")
2025-08-13 00:41:19,170 - INFO - –ù–∞–π–¥–µ–Ω —ç–ª–µ–º–µ–Ω—Ç '–í—Å–µ —Ä–∞—Å–ø–∏—Å–∞–Ω–∏–µ

–ú–µ—Ä–æ–ø—Ä–∏—è—Ç–∏—è

–ü–ª–æ—â–∞–¥–∫–∏

–õ–æ–∫–µ—Ä—ã

–§–£–¢–ë–û–õ–¨–ù–û–ï –ü–û–õ–ï

–°–¢–†–ò–¢–ë–û–õ–¨–ù–ê–Ø –ü–õ–û–©–ê–î–ö–ê

–ü–ê–î–ï–õ –ö–û–†–¢

–ü–ê–î–ï–õ –ö–û–†–¢ 2

–ê–í–ì–£–°–¢

12

–í–¢

13

–°–†

14

–ß–¢

15

–ü–¢

16

–°–ë

17

–í–°

18

–ü–ù

19

–í–¢

20

–°–†

21

–ß–¢

22

–ü–¢

23

–°–ë

24

–í–°

25

–ü–ù

–°—Ç—Ä–∏—Ç–±–æ–ª—å–Ω–∞—è –ø–ª–æ—â–∞–¥–∫–∞

10:00 - 11:30

12:00 - 13:30

14:00 - 15:30

16:00 - 17:30

18:00 - 19:30

20:00 - 21:30' —á–µ—Ä–µ–∑ div:has-text("17")
2025-08-13 00:41:19,193 - INFO - –ù–∞–π–¥–µ–Ω —ç–ª–µ–º–µ–Ω—Ç '–ê–í–ì–£–°–¢

12

–í–¢

13

–°–†

14

–ß–¢

15

–ü–¢

16

–°–ë

17

–í–°

18

–ü–ù

19

–í–¢

20

–°–†

21

–ß–¢

22

–ü–¢

23

–°–ë

24

–í–°

25

–ü–ù' —á–µ—Ä–µ–∑ div:has-text("17")
2025-08-13 00:41:19,215 - INFO - –ù–∞–π–¥–µ–Ω —ç–ª–µ–º–µ–Ω—Ç '–ê–í–ì–£–°–¢

12

–í–¢

13

–°–†

14

–ß–¢

15

–ü–¢

16

–°–ë

17

–í–°

18

–ü–ù

19

–í–¢

20

–°–†

21

–ß–¢

22

–ü–¢

23

–°–ë

24

–í–°

25

–ü–ù' —á–µ—Ä–µ–∑ div:has-text("17")
2025-08-13 00:41:19,234 - INFO - –ù–∞–π–¥–µ–Ω —ç–ª–µ–º–µ–Ω—Ç '–ê–í–ì–£–°–¢

12

–í–¢

13

–°–†

14

–ß–¢

15

–ü–¢

16

–°–ë

17

–í–°

18

–ü–ù

19

–í–¢

20

–°–†

21

–ß–¢

22

–ü–¢

23

–°–ë

24

–í–°

25

–ü–ù' —á–µ—Ä–µ–∑ div:has-text("17")
2025-08-13 00:41:19,254 - INFO - –ù–∞–π–¥–µ–Ω —ç–ª–µ–º–µ–Ω—Ç '12

–í–¢

13

–°–†

14

–ß–¢

15

–ü–¢

16

–°–ë

17

–í–°

18

–ü–ù

19

–í–¢

20

–°–†

21

–ß–¢

22

–ü–¢

23

–°–ë

24

–í–°

25

–ü–ù' —á–µ—Ä–µ–∑ div:has-text("17")
2025-08-13 00:41:19,275 - INFO - –ù–∞–π–¥–µ–Ω —ç–ª–µ–º–µ–Ω—Ç '17

–í–°' —á–µ—Ä–µ–∑ div:has-text("17")
2025-08-13 00:41:19,295 - INFO - –ù–∞–π–¥–µ–Ω —ç–ª–µ–º–µ–Ω—Ç '17

–í–°' —á–µ—Ä–µ–∑ div:has-text("17")
2025-08-13 00:41:19,316 - INFO - –ù–∞–π–¥–µ–Ω —ç–ª–µ–º–µ–Ω—Ç '–°—Ç—Ä–∏—Ç–±–æ–ª—å–Ω–∞—è –ø–ª–æ—â–∞–¥–∫–∞

10:00 - 11:30

12:00 - 13:30

14:00 - 15:30

16:00 - 17:30

18:00 - 19:30

20:00 - 21:30' —á–µ—Ä–µ–∑ div:has-text("17")
2025-08-13 00:41:19,336 - INFO - –ù–∞–π–¥–µ–Ω —ç–ª–µ–º–µ–Ω—Ç '10:00 - 11:30

12:00 - 13:30

14:00 - 15:30

16:00 - 17:30

18:00 - 19:30

20:00 - 21:30' —á–µ—Ä–µ–∑ div:has-text("17")
2025-08-13 00:41:19,379 - INFO - –ù–∞–π–¥–µ–Ω —ç–ª–µ–º–µ–Ω—Ç '17' —á–µ—Ä–µ–∑ text="17"
2025-08-13 00:41:19,494 - INFO - –ù–∞–π–¥–µ–Ω —ç–ª–µ–º–µ–Ω—Ç '17' —á–µ—Ä–µ–∑ [class*="day"]
2025-08-13 00:41:19,616 - INFO - –ù–∞–π–¥–µ–Ω —ç–ª–µ–º–µ–Ω—Ç '–ê–í–ì–£–°–¢

12

–í–¢

13

–°–†

14

–ß–¢

15

–ü–¢

16

–°–ë

17

–í–°

18

–ü–ù

19

–í–¢

20

–°–†

21

–ß–¢

22

–ü–¢

23

–°–ë

24

–í–°

25

–ü–ù' —á–µ—Ä–µ–∑ [class*="date"]
2025-08-13 00:41:19,633 - INFO - –ù–∞–π–¥–µ–Ω —ç–ª–µ–º–µ–Ω—Ç '–ê–í–ì–£–°–¢

12

–í–¢

13

–°–†

14

–ß–¢

15

–ü–¢

16

–°–ë

17

–í–°

18

–ü–ù

19

–í–¢

20

–°–†

21

–ß–¢

22

–ü–¢

23

–°–ë

24

–í–°

25

–ü–ù' —á–µ—Ä–µ–∑ [class*="date"]
2025-08-13 00:41:19,676 - INFO - –ù–∞–π–¥–µ–Ω —ç–ª–µ–º–µ–Ω—Ç '17

–í–°' —á–µ—Ä–µ–∑ [class*="date"]
2025-08-13 00:41:19,779 - INFO - –ü—Ä–æ–±—É–µ–º –∫–ª–∏–∫–Ω—É—Ç—å –ø–æ '–†–∞—Å–ø–∏—Å–∞–Ω–∏–µ
–û –Ω–∞—Å
FAQ
–ö–æ–Ω—Ç–∞–∫—Ç—ã
–õ–ò–ß–ù–´–ô –ö–ê–ë–ò–ù–ï–¢

–°–ï–ì–û–î–ù–Ø 13 –ê–í–ì–£–°–¢–ê, –°–†

–†–ê–°–ü–ò–°–ê–ù–ò–ï

–í—Å–µ —Ä–∞—Å–ø–∏—Å–∞–Ω–∏–µ

–ú–µ—Ä–æ–ø—Ä–∏—è—Ç–∏—è

–ü–ª–æ—â–∞–¥–∫–∏

–õ–æ–∫–µ—Ä—ã

–§–£–¢–ë–û–õ–¨–ù–û–ï –ü–û–õ–ï

–°–¢–†–ò–¢–ë–û–õ–¨–ù–ê–Ø –ü–õ–û–©–ê–î–ö–ê

–ü–ê–î–ï–õ –ö–û–†–¢

–ü–ê–î–ï–õ –ö–û–†–¢ 2

–ê–í–ì–£–°–¢

12

–í–¢

13

–°–†

14

–ß–¢

15

–ü–¢

16

–°–ë

17

–í–°

18

–ü–ù

19

–í–¢

20

–°–†

21

–ß–¢

22

–ü–¢

23

–°–ë

24

–í–°

25

–ü–ù

–°—Ç—Ä–∏—Ç–±–æ–ª—å–Ω–∞—è –ø–ª–æ—â–∞–¥–∫–∞

10:00 - 11:30

12:00 - 13:30

14:00 - 15:30

16:00 - 17:30

18:00 - 19:30

20:00 - 21:30

–°–æ–±—ã—Ç–∏—è
–¢—Ä–µ–Ω–∏—Ä–æ–≤–∫–∏
–ë—Ä–æ–Ω–∏—Ä–æ–≤–∞–Ω–∏–µ –ø–ª–æ—â–∞–¥–æ–∫
–û –Ω–∞—Å
FAQ
–ö–æ–Ω—Ç–∞–∫—Ç—ã
WIN¬†BOX. –ó–î–ï–°–¨ –î–ï–õ–ê–Æ–¢ –†–ê–ó–ù–ò–¶–£.¬†WIN¬†BOX. –ó–î–ï–°–¨ –î–ï–õ–ê–Æ–¢ –†–ê–ó–ù–ò–¶–£.¬†WIN¬†BOX. –ó–î–ï–°–¨ –î–ï–õ–ê–Æ–¢ –†–ê–ó–ù–ò–¶–£.¬†WIN¬†BOX. –ó–î–ï–°–¨ –î–ï–õ–ê–Æ–¢ –†–ê–ó–ù–ò–¶–£.¬†WIN¬†BOX. –ó–î–ï–°–¨ –î–ï–õ–ê–Æ–¢ –†–ê–ó–ù–ò–¶–£.¬†WIN¬†BOX. –ó–î–ï–°–¨ –î–ï–õ–ê–Æ–¢ –†–ê–ó–ù–ò–¶–£.¬†WIN¬†BOX. –ó–î–ï–°–¨ –î–ï–õ–ê–Æ–¢ –†–ê–ó–ù–ò–¶–£.¬†WIN¬†BOX. –ó–î–ï–°–¨ –î–ï–õ–ê–Æ–¢ –†–ê–ó–ù–ò–¶–£.¬†WIN¬†BOX. –ó–î–ï–°–¨ –î–ï–õ–ê–Æ–¢ –†–ê–ó–ù–ò–¶–£.¬†WIN¬†BOX. –ó–î–ï–°–¨ –î–ï–õ–ê–Æ–¢ –†–ê–ó–ù–ò–¶–£.¬†
¬© WIN¬†BOX,¬†2025
18+
–ü–æ–ª–∏—Ç–∏–∫–∞ –∫–æ–Ω—Ñ–∏–¥–µ–Ω—Ü–∏–∞–ª—å–Ω–æ—Å—Ç–∏
–ü–æ–ª—å–∑–æ–≤–∞—Ç–µ–ª—å—Å–∫–æ–µ —Å–æ–≥–ª–∞—à–µ–Ω–∏–µ
–û–û–û ¬´–≠–π —ç–Ω–¥ –≠–π —Å–ø–æ—Ä—Ç—Å (–†–£–°)¬ª
–ò–ù–ù¬†7714443089
–°–¥–µ–ª–∞–Ω–æ ¬†Gocream' (–Ω–∞–π–¥–µ–Ω —á–µ—Ä–µ–∑ div:has-text("17"))
2025-08-13 00:41:23,406 - INFO - –ö–ª–∏–∫ –ø–æ '–†–∞—Å–ø–∏—Å–∞–Ω–∏–µ
–û –Ω–∞—Å
FAQ
–ö–æ–Ω—Ç–∞–∫—Ç—ã
–õ–ò–ß–ù–´–ô –ö–ê–ë–ò–ù–ï–¢

–°–ï–ì–û–î–ù–Ø 13 –ê–í–ì–£–°–¢–ê, –°–†

–†–ê–°–ü–ò–°–ê–ù–ò–ï

–í—Å–µ —Ä–∞—Å–ø–∏—Å–∞–Ω–∏–µ

–ú–µ—Ä–æ–ø—Ä–∏—è—Ç–∏—è

–ü–ª–æ—â–∞–¥–∫–∏

–õ–æ–∫–µ—Ä—ã

–§–£–¢–ë–û–õ–¨–ù–û–ï –ü–û–õ–ï

–°–¢–†–ò–¢–ë–û–õ–¨–ù–ê–Ø –ü–õ–û–©–ê–î–ö–ê

–ü–ê–î–ï–õ –ö–û–†–¢

–ü–ê–î–ï–õ –ö–û–†–¢ 2

–ê–í–ì–£–°–¢

12

–í–¢

13

–°–†

14

–ß–¢

15

–ü–¢

16

–°–ë

17

–í–°

18

–ü–ù

19

–í–¢

20

–°–†

21

–ß–¢

22

–ü–¢

23

–°–ë

24

–í–°

25

–ü–ù

–°—Ç—Ä–∏—Ç–±–æ–ª—å–Ω–∞—è –ø–ª–æ—â–∞–¥–∫–∞

10:00 - 11:30

12:00 - 13:30

14:00 - 15:30

16:00 - 17:30

18:00 - 19:30

20:00 - 21:30

–°–æ–±—ã—Ç–∏—è
–¢—Ä–µ–Ω–∏—Ä–æ–≤–∫–∏
–ë—Ä–æ–Ω–∏—Ä–æ–≤–∞–Ω–∏–µ –ø–ª–æ—â–∞–¥–æ–∫
–û –Ω–∞—Å
FAQ
–ö–æ–Ω—Ç–∞–∫—Ç—ã
WIN¬†BOX. –ó–î–ï–°–¨ –î–ï–õ–ê–Æ–¢ –†–ê–ó–ù–ò–¶–£.¬†WIN¬†BOX. –ó–î–ï–°–¨ –î–ï–õ–ê–Æ–¢ –†–ê–ó–ù–ò–¶–£.¬†WIN¬†BOX. –ó–î–ï–°–¨ –î–ï–õ–ê–Æ–¢ –†–ê–ó–ù–ò–¶–£.¬†WIN¬†BOX. –ó–î–ï–°–¨ –î–ï–õ–ê–Æ–¢ –†–ê–ó–ù–ò–¶–£.¬†WIN¬†BOX. –ó–î–ï–°–¨ –î–ï–õ–ê–Æ–¢ –†–ê–ó–ù–ò–¶–£.¬†WIN¬†BOX. –ó–î–ï–°–¨ –î–ï–õ–ê–Æ–¢ –†–ê–ó–ù–ò–¶–£.¬†WIN¬†BOX. –ó–î–ï–°–¨ –î–ï–õ–ê–Æ–¢ –†–ê–ó–ù–ò–¶–£.¬†WIN¬†BOX. –ó–î–ï–°–¨ –î–ï–õ–ê–Æ–¢ –†–ê–ó–ù–ò–¶–£.¬†WIN¬†BOX. –ó–î–ï–°–¨ –î–ï–õ–ê–Æ–¢ –†–ê–ó–ù–ò–¶–£.¬†WIN¬†BOX. –ó–î–ï–°–¨ –î–ï–õ–ê–Æ–¢ –†–ê–ó–ù–ò–¶–£.¬†
¬© WIN¬†BOX,¬†2025
18+
–ü–æ–ª–∏—Ç–∏–∫–∞ –∫–æ–Ω—Ñ–∏–¥–µ–Ω—Ü–∏–∞–ª—å–Ω–æ—Å—Ç–∏
–ü–æ–ª—å–∑–æ–≤–∞—Ç–µ–ª—å—Å–∫–æ–µ —Å–æ–≥–ª–∞—à–µ–Ω–∏–µ
–û–û–û ¬´–≠–π —ç–Ω–¥ –≠–π —Å–ø–æ—Ä—Ç—Å (–†–£–°)¬ª
–ò–ù–ù¬†7714443089
–°–¥–µ–ª–∞–Ω–æ ¬†Gocream' –Ω–µ –ø—Ä–∏–≤–µ–ª –∫ –æ–∂–∏–¥–∞–µ–º–æ–º—É —Ä–µ–∑—É–ª—å—Ç–∞—Ç—É
2025-08-13 00:41:23,409 - INFO - –ü—Ä–æ–±—É–µ–º –∫–ª–∏–∫–Ω—É—Ç—å –ø–æ '–†–∞—Å–ø–∏—Å–∞–Ω–∏–µ
–û –Ω–∞—Å
FAQ
–ö–æ–Ω—Ç–∞–∫—Ç—ã
–õ–ò–ß–ù–´–ô –ö–ê–ë–ò–ù–ï–¢

–°–ï–ì–û–î–ù–Ø 13 –ê–í–ì–£–°–¢–ê, –°–†

–†–ê–°–ü–ò–°–ê–ù–ò–ï

–í—Å–µ —Ä–∞—Å–ø–∏—Å–∞–Ω–∏–µ

–ú–µ—Ä–æ–ø—Ä–∏—è—Ç–∏—è

–ü–ª–æ—â–∞–¥–∫–∏

–õ–æ–∫–µ—Ä—ã

–§–£–¢–ë–û–õ–¨–ù–û–ï –ü–û–õ–ï

–°–¢–†–ò–¢–ë–û–õ–¨–ù–ê–Ø –ü–õ–û–©–ê–î–ö–ê

–ü–ê–î–ï–õ –ö–û–†–¢

–ü–ê–î–ï–õ –ö–û–†–¢ 2

–ê–í–ì–£–°–¢

12

–í–¢

13

–°–†

14

–ß–¢

15

–ü–¢

16

–°–ë

17

–í–°

18

–ü–ù

19

–í–¢

20

–°–†

21

–ß–¢

22

–ü–¢

23

–°–ë

24

–í–°

25

–ü–ù

–°—Ç—Ä–∏—Ç–±–æ–ª—å–Ω–∞—è –ø–ª–æ—â–∞–¥–∫–∞

10:00 - 11:30

12:00 - 13:30

14:00 - 15:30

16:00 - 17:30

18:00 - 19:30

20:00 - 21:30

–°–æ–±—ã—Ç–∏—è
–¢—Ä–µ–Ω–∏—Ä–æ–≤–∫–∏
–ë—Ä–æ–Ω–∏—Ä–æ–≤–∞–Ω–∏–µ –ø–ª–æ—â–∞–¥–æ–∫
–û –Ω–∞—Å
FAQ
–ö–æ–Ω—Ç–∞–∫—Ç—ã
WIN¬†BOX. –ó–î–ï–°–¨ –î–ï–õ–ê–Æ–¢ –†–ê–ó–ù–ò–¶–£.¬†WIN¬†BOX. –ó–î–ï–°–¨ –î–ï–õ–ê–Æ–¢ –†–ê–ó–ù–ò–¶–£.¬†WIN¬†BOX. –ó–î–ï–°–¨ –î–ï–õ–ê–Æ–¢ –†–ê–ó–ù–ò–¶–£.¬†WIN¬†BOX. –ó–î–ï–°–¨ –î–ï–õ–ê–Æ–¢ –†–ê–ó–ù–ò–¶–£.¬†WIN¬†BOX. –ó–î–ï–°–¨ –î–ï–õ–ê–Æ–¢ –†–ê–ó–ù–ò–¶–£.¬†WIN¬†BOX. –ó–î–ï–°–¨ –î–ï–õ–ê–Æ–¢ –†–ê–ó–ù–ò–¶–£.¬†WIN¬†BOX. –ó–î–ï–°–¨ –î–ï–õ–ê–Æ–¢ –†–ê–ó–ù–ò–¶–£.¬†WIN¬†BOX. –ó–î–ï–°–¨ –î–ï–õ–ê–Æ–¢ –†–ê–ó–ù–ò–¶–£.¬†WIN¬†BOX. –ó–î–ï–°–¨ –î–ï–õ–ê–Æ–¢ –†–ê–ó–ù–ò–¶–£.¬†WIN¬†BOX. –ó–î–ï–°–¨ –î–ï–õ–ê–Æ–¢ –†–ê–ó–ù–ò–¶–£.¬†
¬© WIN¬†BOX,¬†2025
18+
–ü–æ–ª–∏—Ç–∏–∫–∞ –∫–æ–Ω—Ñ–∏–¥–µ–Ω—Ü–∏–∞–ª—å–Ω–æ—Å—Ç–∏
–ü–æ–ª—å–∑–æ–≤–∞—Ç–µ–ª—å—Å–∫–æ–µ —Å–æ–≥–ª–∞—à–µ–Ω–∏–µ
–û–û–û ¬´–≠–π —ç–Ω–¥ –≠–π —Å–ø–æ—Ä—Ç—Å (–†–£–°)¬ª
–ò–ù–ù¬†7714443089
–°–¥–µ–ª–∞–Ω–æ ¬†Gocream' (–Ω–∞–π–¥–µ–Ω —á–µ—Ä–µ–∑ div:has-text("17"))
2025-08-13 00:41:27,034 - INFO - –ö–ª–∏–∫ –ø–æ '–†–∞—Å–ø–∏—Å–∞–Ω–∏–µ
–û –Ω–∞—Å
FAQ
–ö–æ–Ω—Ç–∞–∫—Ç—ã
–õ–ò–ß–ù–´–ô –ö–ê–ë–ò–ù–ï–¢

–°–ï–ì–û–î–ù–Ø 13 –ê–í–ì–£–°–¢–ê, –°–†

–†–ê–°–ü–ò–°–ê–ù–ò–ï

–í—Å–µ —Ä–∞—Å–ø–∏—Å–∞–Ω–∏–µ

–ú–µ—Ä–æ–ø—Ä–∏—è—Ç–∏—è

–ü–ª–æ—â–∞–¥–∫–∏

–õ–æ–∫–µ—Ä—ã

–§–£–¢–ë–û–õ–¨–ù–û–ï –ü–û–õ–ï

–°–¢–†–ò–¢–ë–û–õ–¨–ù–ê–Ø –ü–õ–û–©–ê–î–ö–ê

–ü–ê–î–ï–õ –ö–û–†–¢

–ü–ê–î–ï–õ –ö–û–†–¢ 2

–ê–í–ì–£–°–¢

12

–í–¢

13

–°–†

14

–ß–¢

15

–ü–¢

16

–°–ë

17

–í–°

18

–ü–ù

19

–í–¢

20

–°–†

21

–ß–¢

22

–ü–¢

23

–°–ë

24

–í–°

25

–ü–ù

–°—Ç—Ä–∏—Ç–±–æ–ª—å–Ω–∞—è –ø–ª–æ—â–∞–¥–∫–∞

10:00 - 11:30

12:00 - 13:30

14:00 - 15:30

16:00 - 17:30

18:00 - 19:30

20:00 - 21:30

–°–æ–±—ã—Ç–∏—è
–¢—Ä–µ–Ω–∏—Ä–æ–≤–∫–∏
–ë—Ä–æ–Ω–∏—Ä–æ–≤–∞–Ω–∏–µ –ø–ª–æ—â–∞–¥–æ–∫
–û –Ω–∞—Å
FAQ
–ö–æ–Ω—Ç–∞–∫—Ç—ã
WIN¬†BOX. –ó–î–ï–°–¨ –î–ï–õ–ê–Æ–¢ –†–ê–ó–ù–ò–¶–£.¬†WIN¬†BOX. –ó–î–ï–°–¨ –î–ï–õ–ê–Æ–¢ –†–ê–ó–ù–ò–¶–£.¬†WIN¬†BOX. –ó–î–ï–°–¨ –î–ï–õ–ê–Æ–¢ –†–ê–ó–ù–ò–¶–£.¬†WIN¬†BOX. –ó–î–ï–°–¨ –î–ï–õ–ê–Æ–¢ –†–ê–ó–ù–ò–¶–£.¬†WIN¬†BOX. –ó–î–ï–°–¨ –î–ï–õ–ê–Æ–¢ –†–ê–ó–ù–ò–¶–£.¬†WIN¬†BOX. –ó–î–ï–°–¨ –î–ï–õ–ê–Æ–¢ –†–ê–ó–ù–ò–¶–£.¬†WIN¬†BOX. –ó–î–ï–°–¨ –î–ï–õ–ê–Æ–¢ –†–ê–ó–ù–ò–¶–£.¬†WIN¬†BOX. –ó–î–ï–°–¨ –î–ï–õ–ê–Æ–¢ –†–ê–ó–ù–ò–¶–£.¬†WIN¬†BOX. –ó–î–ï–°–¨ –î–ï–õ–ê–Æ–¢ –†–ê–ó–ù–ò–¶–£.¬†WIN¬†BOX. –ó–î–ï–°–¨ –î–ï–õ–ê–Æ–¢ –†–ê–ó–ù–ò–¶–£.¬†
¬© WIN¬†BOX,¬†2025
18+
–ü–æ–ª–∏—Ç–∏–∫–∞ –∫–æ–Ω—Ñ–∏–¥–µ–Ω—Ü–∏–∞–ª—å–Ω–æ—Å—Ç–∏
–ü–æ–ª—å–∑–æ–≤–∞—Ç–µ–ª—å—Å–∫–æ–µ —Å–æ–≥–ª–∞—à–µ–Ω–∏–µ
–û–û–û ¬´–≠–π —ç–Ω–¥ –≠–π —Å–ø–æ—Ä—Ç—Å (–†–£–°)¬ª
–ò–ù–ù¬†7714443089
–°–¥–µ–ª–∞–Ω–æ ¬†Gocream' –Ω–µ –ø—Ä–∏–≤–µ–ª –∫ –æ–∂–∏–¥–∞–µ–º–æ–º—É —Ä–µ–∑—É–ª—å—Ç–∞—Ç—É
2025-08-13 00:41:27,038 - INFO - –ü—Ä–æ–±—É–µ–º –∫–ª–∏–∫–Ω—É—Ç—å –ø–æ '–°–ï–ì–û–î–ù–Ø 13 –ê–í–ì–£–°–¢–ê, –°–†

–†–ê–°–ü–ò–°–ê–ù–ò–ï

–í—Å–µ —Ä–∞—Å–ø–∏—Å–∞–Ω–∏–µ

–ú–µ—Ä–æ–ø—Ä–∏—è—Ç–∏—è

–ü–ª–æ—â–∞–¥–∫–∏

–õ–æ–∫–µ—Ä—ã

–§–£–¢–ë–û–õ–¨–ù–û–ï –ü–û–õ–ï

–°–¢–†–ò–¢–ë–û–õ–¨–ù–ê–Ø –ü–õ–û–©–ê–î–ö–ê

–ü–ê–î–ï–õ –ö–û–†–¢

–ü–ê–î–ï–õ –ö–û–†–¢ 2

–ê–í–ì–£–°–¢

12

–í–¢

13

–°–†

14

–ß–¢

15

–ü–¢

16

–°–ë

17

–í–°

18

–ü–ù

19

–í–¢

20

–°–†

21

–ß–¢

22

–ü–¢

23

–°–ë

24

–í–°

25

–ü–ù

–°—Ç—Ä–∏—Ç–±–æ–ª—å–Ω–∞—è –ø–ª–æ—â–∞–¥–∫–∞

10:00 - 11:30

12:00 - 13:30

14:00 - 15:30

16:00 - 17:30

18:00 - 19:30

20:00 - 21:30' (–Ω–∞–π–¥–µ–Ω —á–µ—Ä–µ–∑ div:has-text("17"))
2025-08-13 00:41:30,657 - INFO - –ö–ª–∏–∫ –ø–æ '–°–ï–ì–û–î–ù–Ø 13 –ê–í–ì–£–°–¢–ê, –°–†

–†–ê–°–ü–ò–°–ê–ù–ò–ï

–í—Å–µ —Ä–∞—Å–ø–∏—Å–∞–Ω–∏–µ

–ú–µ—Ä–æ–ø—Ä–∏—è—Ç–∏—è

–ü–ª–æ—â–∞–¥–∫–∏

–õ–æ–∫–µ—Ä—ã

–§–£–¢–ë–û–õ–¨–ù–û–ï –ü–û–õ–ï

–°–¢–†–ò–¢–ë–û–õ–¨–ù–ê–Ø –ü–õ–û–©–ê–î–ö–ê

–ü–ê–î–ï–õ –ö–û–†–¢

–ü–ê–î–ï–õ –ö–û–†–¢ 2

–ê–í–ì–£–°–¢

12

–í–¢

13

–°–†

14

–ß–¢

15

–ü–¢

16

–°–ë

17

–í–°

18

–ü–ù

19

–í–¢

20

–°–†

21

–ß–¢

22

–ü–¢

23

–°–ë

24

–í–°

25

–ü–ù

–°—Ç—Ä–∏—Ç–±–æ–ª—å–Ω–∞—è –ø–ª–æ—â–∞–¥–∫–∞

10:00 - 11:30

12:00 - 13:30

14:00 - 15:30

16:00 - 17:30

18:00 - 19:30

20:00 - 21:30' –Ω–µ –ø—Ä–∏–≤–µ–ª –∫ –æ–∂–∏–¥–∞–µ–º–æ–º—É —Ä–µ–∑—É–ª—å—Ç–∞—Ç—É
2025-08-13 00:41:30,659 - INFO - –ü—Ä–æ–±—É–µ–º –∫–ª–∏–∫–Ω—É—Ç—å –ø–æ '–í—Å–µ —Ä–∞—Å–ø–∏—Å–∞–Ω–∏–µ

–ú–µ—Ä–æ–ø—Ä–∏—è—Ç–∏—è

–ü–ª–æ—â–∞–¥–∫–∏

–õ–æ–∫–µ—Ä—ã

–§–£–¢–ë–û–õ–¨–ù–û–ï –ü–û–õ–ï

–°–¢–†–ò–¢–ë–û–õ–¨–ù–ê–Ø –ü–õ–û–©–ê–î–ö–ê

–ü–ê–î–ï–õ –ö–û–†–¢

–ü–ê–î–ï–õ –ö–û–†–¢ 2

–ê–í–ì–£–°–¢

12

–í–¢

13

–°–†

14

–ß–¢

15

–ü–¢

16

–°–ë

17

–í–°

18

–ü–ù

19

–í–¢

20

–°–†

21

–ß–¢

22

–ü–¢

23

–°–ë

24

–í–°

25

–ü–ù

–°—Ç—Ä–∏—Ç–±–æ–ª—å–Ω–∞—è –ø–ª–æ—â–∞–¥–∫–∞

10:00 - 11:30

12:00 - 13:30

14:00 - 15:30

16:00 - 17:30

18:00 - 19:30

20:00 - 21:30' (–Ω–∞–π–¥–µ–Ω —á–µ—Ä–µ–∑ div:has-text("17"))
2025-08-13 00:41:34,281 - INFO - –ö–ª–∏–∫ –ø–æ '–í—Å–µ —Ä–∞—Å–ø–∏—Å–∞–Ω–∏–µ

–ú–µ—Ä–æ–ø—Ä–∏—è—Ç–∏—è

–ü–ª–æ—â–∞–¥–∫–∏

–õ–æ–∫–µ—Ä—ã

–§–£–¢–ë–û–õ–¨–ù–û–ï –ü–û–õ–ï

–°–¢–†–ò–¢–ë–û–õ–¨–ù–ê–Ø –ü–õ–û–©–ê–î–ö–ê

–ü–ê–î–ï–õ –ö–û–†–¢

–ü–ê–î–ï–õ –ö–û–†–¢ 2

–ê–í–ì–£–°–¢

12

–í–¢

13

–°–†

14

–ß–¢

15

–ü–¢

16

–°–ë

17

–í–°

18

–ü–ù

19

–í–¢

20

–°–†

21

–ß–¢

22

–ü–¢

23

–°–ë

24

–í–°

25

–ü–ù

–°—Ç—Ä–∏—Ç–±–æ–ª—å–Ω–∞—è –ø–ª–æ—â–∞–¥–∫–∞

10:00 - 11:30

12:00 - 13:30

14:00 - 15:30

16:00 - 17:30

18:00 - 19:30

20:00 - 21:30' –Ω–µ –ø—Ä–∏–≤–µ–ª –∫ –æ–∂–∏–¥–∞–µ–º–æ–º—É —Ä–µ–∑—É–ª—å—Ç–∞—Ç—É
2025-08-13 00:41:34,282 - INFO - –ü—Ä–æ–±—É–µ–º –∫–ª–∏–∫–Ω—É—Ç—å –ø–æ '–ê–í–ì–£–°–¢

12

–í–¢

13

–°–†

14

–ß–¢

15

–ü–¢

16

–°–ë

17

–í–°

18

–ü–ù

19

–í–¢

20

–°–†

21

–ß–¢

22

–ü–¢

23

–°–ë

24

–í–°

25

–ü–ù' (–Ω–∞–π–¥–µ–Ω —á–µ—Ä–µ–∑ div:has-text("17"))
2025-08-13 00:41:37,948 - INFO - –ö–ª–∏–∫ –ø–æ '–ê–í–ì–£–°–¢

12

–í–¢

13

–°–†

14

–ß–¢

15

–ü–¢

16

–°–ë

17

–í–°

18

–ü–ù

19

–í–¢

20

–°–†

21

–ß–¢

22

–ü–¢

23

–°–ë

24

–í–°

25

–ü–ù' –Ω–µ –ø—Ä–∏–≤–µ–ª –∫ –æ–∂–∏–¥–∞–µ–º–æ–º—É —Ä–µ–∑—É–ª—å—Ç–∞—Ç—É
2025-08-13 00:41:37,949 - INFO - –ü—Ä–æ–±—É–µ–º –∫–ª–∏–∫–Ω—É—Ç—å –ø–æ '–ê–í–ì–£–°–¢

12

–í–¢

13

–°–†

14

–ß–¢

15

–ü–¢

16

–°–ë

17

–í–°

18

–ü–ù

19

–í–¢

20

–°–†

21

–ß–¢

22

–ü–¢

23

–°–ë

24

–í–°

25

–ü–ù' (–Ω–∞–π–¥–µ–Ω —á–µ—Ä–µ–∑ div:has-text("17"))
2025-08-13 00:41:41,561 - INFO - –ö–ª–∏–∫ –ø–æ '–ê–í–ì–£–°–¢

12

–í–¢

13

–°–†

14

–ß–¢

15

–ü–¢

16

–°–ë

17

–í–°

18

–ü–ù

19

–í–¢

20

–°–†

21

–ß–¢

22

–ü–¢

23

–°–ë

24

–í–°

25

–ü–ù' –Ω–µ –ø—Ä–∏–≤–µ–ª –∫ –æ–∂–∏–¥–∞–µ–º–æ–º—É —Ä–µ–∑—É–ª—å—Ç–∞—Ç—É
2025-08-13 00:41:41,562 - INFO - –ü—Ä–æ–±—É–µ–º –∫–ª–∏–∫–Ω—É—Ç—å –ø–æ '–ê–í–ì–£–°–¢

12

–í–¢

13

–°–†

14

–ß–¢

15

–ü–¢

16

–°–ë

17

–í–°

18

–ü–ù

19

–í–¢

20

–°–†

21

–ß–¢

22

–ü–¢

23

–°–ë

24

–í–°

25

–ü–ù' (–Ω–∞–π–¥–µ–Ω —á–µ—Ä–µ–∑ div:has-text("17"))
2025-08-13 00:41:45,216 - INFO - –ö–ª–∏–∫ –ø–æ '–ê–í–ì–£–°–¢

12

–í–¢

13

–°–†

14

–ß–¢

15

–ü–¢

16

–°–ë

17

–í–°

18

–ü–ù

19

–í–¢

20

–°–†

21

–ß–¢

22

–ü–¢

23

–°–ë

24

–í–°

25

–ü–ù' –Ω–µ –ø—Ä–∏–≤–µ–ª –∫ –æ–∂–∏–¥–∞–µ–º–æ–º—É —Ä–µ–∑—É–ª—å—Ç–∞—Ç—É
2025-08-13 00:41:45,217 - INFO - –ü—Ä–æ–±—É–µ–º –∫–ª–∏–∫–Ω—É—Ç—å –ø–æ '12

–í–¢

13

–°–†

14

–ß–¢

15

–ü–¢

16

–°–ë

17

–í–°

18

–ü–ù

19

–í–¢

20

–°–†

21

–ß–¢

22

–ü–¢

23

–°–ë

24

–í–°

25

–ü–ù' (–Ω–∞–π–¥–µ–Ω —á–µ—Ä–µ–∑ div:has-text("17"))
2025-08-13 00:41:48,839 - INFO - –ö–ª–∏–∫ –ø–æ '12

–í–¢

13

–°–†

14

–ß–¢

15

–ü–¢

16

–°–ë

17

–í–°

18

–ü–ù

19

–í–¢

20

–°–†

21

–ß–¢

22

–ü–¢

23

–°–ë

24

–í–°

25

–ü–ù' –Ω–µ –ø—Ä–∏–≤–µ–ª –∫ –æ–∂–∏–¥–∞–µ–º–æ–º—É —Ä–µ–∑—É–ª—å—Ç–∞—Ç—É
2025-08-13 00:41:48,841 - INFO - –ü—Ä–æ–±—É–µ–º –∫–ª–∏–∫–Ω—É—Ç—å –ø–æ '17

–í–°' (–Ω–∞–π–¥–µ–Ω —á–µ—Ä–µ–∑ div:has-text("17"))
2025-08-13 00:41:52,489 - INFO - –ö–ª–∏–∫ –ø–æ '17

–í–°' –Ω–µ –ø—Ä–∏–≤–µ–ª –∫ –æ–∂–∏–¥–∞–µ–º–æ–º—É —Ä–µ–∑—É–ª—å—Ç–∞—Ç—É
2025-08-13 00:41:52,490 - INFO - –ü—Ä–æ–±—É–µ–º –∫–ª–∏–∫–Ω—É—Ç—å –ø–æ '17

–í–°' (–Ω–∞–π–¥–µ–Ω —á–µ—Ä–µ–∑ div:has-text("17"))
2025-08-13 00:41:56,107 - INFO - –ö–ª–∏–∫ –ø–æ '17

–í–°' –Ω–µ –ø—Ä–∏–≤–µ–ª –∫ –æ–∂–∏–¥–∞–µ–º–æ–º—É —Ä–µ–∑—É–ª—å—Ç–∞—Ç—É
2025-08-13 00:41:56,107 - INFO - –ü—Ä–æ–±—É–µ–º –∫–ª–∏–∫–Ω—É—Ç—å –ø–æ '–°—Ç—Ä–∏—Ç–±–æ–ª—å–Ω–∞—è –ø–ª–æ—â–∞–¥–∫–∞

10:00 - 11:30

12:00 - 13:30

14:00 - 15:30

16:00 - 17:30

18:00 - 19:30

20:00 - 21:30' (–Ω–∞–π–¥–µ–Ω —á–µ—Ä–µ–∑ div:has-text("17"))
2025-08-13 00:41:59,720 - INFO - –ö–ª–∏–∫ –ø–æ '–°—Ç—Ä–∏—Ç–±–æ–ª—å–Ω–∞—è –ø–ª–æ—â–∞–¥–∫–∞

10:00 - 11:30

12:00 - 13:30

14:00 - 15:30

16:00 - 17:30

18:00 - 19:30

20:00 - 21:30' –Ω–µ –ø—Ä–∏–≤–µ–ª –∫ –æ–∂–∏–¥–∞–µ–º–æ–º—É —Ä–µ–∑—É–ª—å—Ç–∞—Ç—É
2025-08-13 00:41:59,720 - INFO - –ü—Ä–æ–±—É–µ–º –∫–ª–∏–∫–Ω—É—Ç—å –ø–æ '10:00 - 11:30

12:00 - 13:30

14:00 - 15:30

16:00 - 17:30

18:00 - 19:30

20:00 - 21:30' (–Ω–∞–π–¥–µ–Ω —á–µ—Ä–µ–∑ div:has-text("17"))
2025-08-13 00:42:03,374 - INFO - –ö–ª–∏–∫ –ø–æ '10:00 - 11:30

12:00 - 13:30

14:00 - 15:30

16:00 - 17:30

18:00 - 19:30

20:00 - 21:30' –Ω–µ –ø—Ä–∏–≤–µ–ª –∫ –æ–∂–∏–¥–∞–µ–º–æ–º—É —Ä–µ–∑—É–ª—å—Ç–∞—Ç—É
2025-08-13 00:42:03,374 - INFO - –ü—Ä–æ–±—É–µ–º –∫–ª–∏–∫–Ω—É—Ç—å –ø–æ '17' (–Ω–∞–π–¥–µ–Ω —á–µ—Ä–µ–∑ text="17")
2025-08-13 00:42:06,989 - INFO - –ö–ª–∏–∫ –ø–æ '17' –Ω–µ –ø—Ä–∏–≤–µ–ª –∫ –æ–∂–∏–¥–∞–µ–º–æ–º—É —Ä–µ–∑—É–ª—å—Ç–∞—Ç—É
2025-08-13 00:42:06,989 - INFO - –ü—Ä–æ–±—É–µ–º –∫–ª–∏–∫–Ω—É—Ç—å –ø–æ '17' (–Ω–∞–π–¥–µ–Ω —á–µ—Ä–µ–∑ [class*="day"])
2025-08-13 00:42:10,620 - INFO - –ö–ª–∏–∫ –ø–æ '17' –Ω–µ –ø—Ä–∏–≤–µ–ª –∫ –æ–∂–∏–¥–∞–µ–º–æ–º—É —Ä–µ–∑—É–ª—å—Ç–∞—Ç—É
2025-08-13 00:42:10,620 - INFO - –ü—Ä–æ–±—É–µ–º –∫–ª–∏–∫–Ω—É—Ç—å –ø–æ '–ê–í–ì–£–°–¢

12

–í–¢

13

–°–†

14

–ß–¢

15

–ü–¢

16

–°–ë

17

–í–°

18

–ü–ù

19

–í–¢

20

–°–†

21

–ß–¢

22

–ü–¢

23

–°–ë

24

–í–°

25

–ü–ù' (–Ω–∞–π–¥–µ–Ω —á–µ—Ä–µ–∑ [class*="date"])
2025-08-13 00:42:14,233 - INFO - –ö–ª–∏–∫ –ø–æ '–ê–í–ì–£–°–¢

12

–í–¢

13

–°–†

14

–ß–¢

15

–ü–¢

16

–°–ë

17

–í–°

18

–ü–ù

19

–í–¢

20

–°–†

21

–ß–¢

22

–ü–¢

23

–°–ë

24

–í–°

25

–ü–ù' –Ω–µ –ø—Ä–∏–≤–µ–ª –∫ –æ–∂–∏–¥–∞–µ–º–æ–º—É —Ä–µ–∑—É–ª—å—Ç–∞—Ç—É
2025-08-13 00:42:14,234 - INFO - –ü—Ä–æ–±—É–µ–º –∫–ª–∏–∫–Ω—É—Ç—å –ø–æ '–ê–í–ì–£–°–¢

12

–í–¢

13

–°–†

14

–ß–¢

15

–ü–¢

16

–°–ë

17

–í–°

18

–ü–ù

19

–í–¢

20

–°–†

21

–ß–¢

22

–ü–¢

23

–°–ë

24

–í–°

25

–ü–ù' (–Ω–∞–π–¥–µ–Ω —á–µ—Ä–µ–∑ [class*="date"])
2025-08-13 00:42:17,850 - INFO - –ö–ª–∏–∫ –ø–æ '–ê–í–ì–£–°–¢

12

–í–¢

13

–°–†

14

–ß–¢

15

–ü–¢

16

–°–ë

17

–í–°

18

–ü–ù

19

–í–¢

20

–°–†

21

–ß–¢

22

–ü–¢

23

–°–ë

24

–í–°

25

–ü–ù' –Ω–µ –ø—Ä–∏–≤–µ–ª –∫ –æ–∂–∏–¥–∞–µ–º–æ–º—É —Ä–µ–∑—É–ª—å—Ç–∞—Ç—É
2025-08-13 00:42:17,851 - INFO - –ü—Ä–æ–±—É–µ–º –∫–ª–∏–∫–Ω—É—Ç—å –ø–æ '17

–í–°' (–Ω–∞–π–¥–µ–Ω —á–µ—Ä–µ–∑ [class*="date"])
2025-08-13 00:42:21,507 - INFO - –ö–ª–∏–∫ –ø–æ '17

–í–°' –Ω–µ –ø—Ä–∏–≤–µ–ª –∫ –æ–∂–∏–¥–∞–µ–º–æ–º—É —Ä–µ–∑—É–ª—å—Ç–∞—Ç—É
2025-08-13 00:42:21,508 - INFO - –ù–µ —É–¥–∞–ª–æ—Å—å –≤—ã–±—Ä–∞—Ç—å –¥–∞—Ç—É 17
2025-08-13 00:42:21,510 - INFO - –ü–æ–ø—ã—Ç–∫–∞ 1: –ù–ï –ù–ê–ô–î–ï–ù–û
2025-08-13 00:42:21,510 - INFO - –†–ï–ó–£–õ–¨–¢–ê–¢ –¥–ª—è –¥–∞—Ç—ã 17: 0/1 —É—Å–ø–µ—à–Ω—ã—Ö –ø—Ä–æ–≤–µ—Ä–æ–∫ (0.0%)
2025-08-13 00:42:21,511 - INFO - –î–µ—Ç–∞–ª–∏: [False]
2025-08-13 00:42:21,511 - INFO - –î–∞—Ç–∞ 17: –ù–ï –ü–û–î–¢–í–ï–†–ñ–î–ï–ù–ê (0 < 1)
2025-08-13 00:42:21,511 - INFO - Winbox –ë–∞—Å–∫–µ—Ç–±–æ–ª: –Ω–µ—Ç –ø–æ–¥—Ç–≤–µ—Ä–∂–¥–µ–Ω–Ω—ã—Ö —Å–ª–æ—Ç–æ–≤
2025-08-13 00:42:26,368 - ERROR - Task was destroyed but it is pending!
task: <Task cancelling name='Task-1' coro=<main() done, defined at C:\Users\HP\Downloads\winbox_checker\winbox_bot1.py:1390> wait_for=<Future pending cb=[Task.task_wakeup()]> cb=[ProtocolCallback.__init__.<locals>.cb() at C:\Users\HP\Downloads\winbox_checker\venv\Lib\site-packages\playwright\_impl\_connection.py:228, gather.<locals>._done_callback() at C:\Users\HP\anaconda3\Lib\asyncio\tasks.py:767]>
2025-08-13 14:03:53,119 - INFO - –ó–ê–ü–£–°–ö –ú–û–ù–ò–¢–û–†–ò–ù–ì–ê –°–õ–û–¢–û–í
2025-08-13 14:03:53,120 - INFO - –°—Ç–∞—Ä—Ç –ø—Ä–æ–≤–µ—Ä–∫–∏ –≤—Å–µ—Ö —Å–∞–π—Ç–æ–≤...
2025-08-13 14:03:54,951 - INFO - –û—Ç–∫—Ä—ã–≤–∞–µ–º Winbox –ü–∞–¥–µ–ª: https://winboxmsk.ru/schedule?types=padel
2025-08-13 14:03:57,742 - INFO - –ê–≤—Ç–æ—Ä–∏–∑–∞—Ü–∏—è –Ω–∞ Winbox...
2025-08-13 14:04:02,577 - INFO - –ê–≤—Ç–æ—Ä–∏–∑–∞—Ü–∏—è —É—Å–ø–µ—à–Ω–∞
2025-08-13 14:04:04,839 - INFO - URL: https://winboxmsk.ru/schedule?types=padel
2025-08-13 14:04:04,845 - INFO - Title: WIN BOX
2025-08-13 14:04:05,896 - INFO - –ü—Ä–æ–≤–µ—Ä—è–µ–º –¥–∞—Ç—É 19...
2025-08-13 14:04:05,897 - INFO - –í—ã–±–∏—Ä–∞–µ–º –¥–∞—Ç—É 19...
2025-08-13 14:04:23,892 - INFO - –ö–ª–∏–∫ –ø–æ '10:00 - 11:00

11:00 - 12:00

12:00 - 13:00

13:00 - 14:00

14:00 - 15:00

15:00 - 16:00

16:00 - 17:00

17:00 - 18:00

18:00 - 19:00

19:00 - 20:00

20:00 - 21:00' (div:has-text("19")) –Ω–µ —É–¥–∞–ª—Å—è: ElementHandle.scroll_into_view_if_needed: Element is not attached to the DOM
Call log:
  - attempting scroll into view action
    - waiting for element to be stable

2025-08-13 14:04:31,544 - INFO - –ü—Ä–æ–≤–µ—Ä—è–µ–º –¥–∞—Ç—É 18...
2025-08-13 14:04:31,544 - INFO - –í—ã–±–∏—Ä–∞–µ–º –¥–∞—Ç—É 18...
2025-08-13 14:04:35,710 - ERROR - –ö—Ä–∏—Ç–∏—á–µ—Å–∫–∞—è –æ—à–∏–±–∫–∞ –¥–ª—è Winbox –ü–∞–¥–µ–ª: Browser.close: Connection closed while reading from the driver
2025-08-13 14:04:38,640 - INFO - –û—Ç–∫—Ä—ã–≤–∞–µ–º Winbox –ë–∞—Å–∫–µ—Ç–±–æ–ª: https://winboxmsk.ru/schedule?types=basketball
2025-08-13 14:04:41,429 - INFO - –ê–≤—Ç–æ—Ä–∏–∑–∞—Ü–∏—è –Ω–∞ Winbox...
2025-08-13 14:04:46,234 - INFO - –ê–≤—Ç–æ—Ä–∏–∑–∞—Ü–∏—è —É—Å–ø–µ—à–Ω–∞
2025-08-13 14:04:48,277 - INFO - URL: https://winboxmsk.ru/schedule?types=basketball
2025-08-13 14:04:48,284 - INFO - Title: WIN BOX
2025-08-13 14:04:49,346 - INFO - –ü—Ä–æ–≤–µ—Ä—è–µ–º –¥–∞—Ç—É 16...
2025-08-13 14:04:49,346 - INFO - –í—ã–±–∏—Ä–∞–µ–º –¥–∞—Ç—É 16...
2025-08-13 14:05:16,491 - INFO - –ü—Ä–æ–≤–µ—Ä—è–µ–º –¥–∞—Ç—É 17...
2025-08-13 14:05:16,491 - INFO - –í—ã–±–∏—Ä–∞–µ–º –¥–∞—Ç—É 17...
2025-08-13 14:05:43,566 - INFO - Winbox –ë–∞—Å–∫–µ—Ç–±–æ–ª: –ø–æ–¥—Ç–≤–µ—Ä–∂–¥—ë–Ω–Ω—ã—Ö —Å–ª–æ—Ç–æ–≤ –Ω–µ—Ç
2025-08-13 14:05:46,659 - INFO - –û—Ç–∫—Ä—ã–≤–∞–µ–º Zona Padela: https://n1594888.yclients.com/company/1434507/activity/select?o=act2025-08-05
2025-08-13 14:05:50,208 - INFO - –ü—Ä–æ–≤–µ—Ä—è–µ–º –¥–∞—Ç—É 11 (Zona)...
2025-08-13 14:05:55,609 - ERROR - –ö—Ä–∏—Ç–∏—á–µ—Å–∫–∞—è –æ—à–∏–±–∫–∞ –¥–ª—è Zona Padela: coroutine ignored GeneratorExit
2025-08-13 14:05:56,294 - ERROR - main(): no running event loop
2025-08-13 14:05:56,306 - INFO - –ñ–¥—ë–º 1 —Å–µ–∫...
2025-08-13 14:05:56,308 - ERROR - Task was destroyed but it is pending!
task: <Task cancelling name='Task-1' coro=<main() done, defined at C:\Users\HP\Downloads\winbox_checker\winbox_bot1.py:780> wait_for=<Future pending cb=[Task.task_wakeup()]> cb=[ProtocolCallback.__init__.<locals>.cb() at C:\Users\HP\Downloads\winbox_checker\venv\Lib\site-packages\playwright\_impl\_connection.py:228, <1 more>, ProtocolCallback.__init__.<locals>.cb() at C:\Users\HP\Downloads\winbox_checker\venv\Lib\site-packages\playwright\_impl\_connection.py:228]>
2025-08-13 23:17:21,253 - INFO - –ó–ê–ü–£–°–ö –ú–û–ù–ò–¢–û–†–ò–ù–ì–ê (—É–≤–µ–¥–æ–º–ª–µ–Ω–∏—è —Ç–æ–ª—å–∫–æ –ø—Ä–∏ –ø–æ—è–≤–ª–µ–Ω–∏–∏ –Ω–æ–≤—ã—Ö —Å–ª–æ—Ç–æ–≤)
2025-08-13 23:17:21,255 - INFO - –°—Ç–∞—Ä—Ç –ø—Ä–æ–≤–µ—Ä–∫–∏ –≤—Å–µ—Ö —Å–∞–π—Ç–æ–≤...
2025-08-13 23:17:24,929 - INFO - –û—Ç–∫—Ä—ã–≤–∞–µ–º Winbox –ü–∞–¥–µ–ª: https://winboxmsk.ru/schedule?types=padel
2025-08-13 23:17:33,800 - INFO - –í—ã–±–∏—Ä–∞–µ–º –¥–∞—Ç—É 19...
2025-08-13 23:17:46,530 - INFO - –ö–ª–∏–∫ –ø–æ –¥–∞—Ç–µ –Ω–µ —É–¥–∞–ª—Å—è: ElementHandle.scroll_into_view_if_needed: Element is not attached to the DOM
Call log:
  - attempting scroll into view action
    - waiting for element to be stable

2025-08-13 23:17:51,389 - INFO - Winbox –ü–∞–¥–µ–ª 19: —Å–µ–π—á–∞—Å=[] —Ä–∞–Ω—å—à–µ=[] –Ω–æ–≤—ã–µ=[]
2025-08-13 23:17:51,389 - INFO - –í—ã–±–∏—Ä–∞–µ–º –¥–∞—Ç—É 18...
2025-08-13 23:18:11,629 - INFO - Winbox –ü–∞–¥–µ–ª 18: —Å–µ–π—á–∞—Å=[] —Ä–∞–Ω—å—à–µ=[] –Ω–æ–≤—ã–µ=[]
2025-08-13 23:18:14,475 - INFO - –û—Ç–∫—Ä—ã–≤–∞–µ–º Winbox –ë–∞—Å–∫–µ—Ç–±–æ–ª: https://winboxmsk.ru/schedule?types=basketball
2025-08-13 23:18:21,539 - INFO - –í—ã–±–∏—Ä–∞–µ–º –¥–∞—Ç—É 16...
2025-08-13 23:18:40,023 - INFO - Winbox –ë–∞—Å–∫–µ—Ç–±–æ–ª 16: —Å–µ–π—á–∞—Å=[] —Ä–∞–Ω—å—à–µ=[] –Ω–æ–≤—ã–µ=[]
2025-08-13 23:18:40,023 - INFO - –í—ã–±–∏—Ä–∞–µ–º –¥–∞—Ç—É 17...
2025-08-13 23:18:58,285 - INFO - Winbox –ë–∞—Å–∫–µ—Ç–±–æ–ª 17: —Å–µ–π—á–∞—Å=[] —Ä–∞–Ω—å—à–µ=[] –Ω–æ–≤—ã–µ=[]
2025-08-13 23:19:01,104 - INFO - –û—Ç–∫—Ä—ã–≤–∞–µ–º Zona Padela: https://n1594888.yclients.com/company/1434507/activity/select?o=act2025-08-05
2025-08-13 23:19:55,815 - ERROR - –ö—Ä–∏—Ç–∏—á–µ—Å–∫–∞—è –æ—à–∏–±–∫–∞ –¥–ª—è Zona Padela: Browser.close: Connection closed while reading from the driver
2025-08-13 23:19:56,829 - INFO - –ñ–¥—ë–º 10 —Å–µ–∫...
2025-08-13 23:19:58,611 - ERROR - Future exception was never retrieved
future: <Future finished exception=TargetClosedError('Target page, context or browser has been closed\nCall log:\n  - navigating to "https://n1594888.yclients.com/company/1434507/activity/select?o=act2025-08-05", waiting until "networkidle"\n')>
playwright._impl._errors.TargetClosedError: Target page, context or browser has been closed
Call log:
  - navigating to "https://n1594888.yclients.com/company/1434507/activity/select?o=act2025-08-05", waiting until "networkidle"

